<?xml version="1.0" encoding="UTF-8"?>
<robot generator="Robot 6.1.1 (Python 3.12.0 on win32)" generated="20231126 07:54:38.550" rpa="false" schemaversion="4">
<suite id="s1" name="SC04 - Data Jenis Izin" source="C:\Users\ReiKa\PycharmProjects\Sicantik\tests\R03 - Home\Admin Instansi\SC04 - Data Jenis Izin\SC04 - Data Jenis Izin.robot">
<test id="s1-t1" name="TC01 - View Detail Data Daftar Jenis Izin" line="8">
<kw name="Open Browser Website" library="login">
<kw name="Open Browser" library="SeleniumLibrary">
<arg>${LOGIN URL}</arg>
<arg>${BROWSER}</arg>
<arg>options=add_argument("--incognito")</arg>
<doc>Opens a new browser instance to the optional ``url``.</doc>
<msg timestamp="20231126 07:54:38.706" level="INFO">Opening browser 'Firefox' to base url 'https://uji.sicantik.go.id/sign-in'.</msg>
<status status="PASS" starttime="20231126 07:54:38.706" endtime="20231126 07:54:46.298"/>
</kw>
<kw name="Maximize Browser Window" library="SeleniumLibrary">
<doc>Maximizes current browser window.</doc>
<status status="PASS" starttime="20231126 07:54:46.302" endtime="20231126 07:54:46.565"/>
</kw>
<kw name="Wait Until Page Contains" library="SeleniumLibrary">
<arg>Username</arg>
<doc>Waits until ``text`` appears on the current page.</doc>
<status status="PASS" starttime="20231126 07:54:46.565" endtime="20231126 07:54:46.573"/>
</kw>
<kw name="Set Selenium Speed" library="SeleniumLibrary">
<arg>${SPEED}</arg>
<doc>Sets the delay that is waited after each Selenium command.</doc>
<status status="PASS" starttime="20231126 07:54:46.573" endtime="20231126 07:54:46.573"/>
</kw>
<status status="PASS" starttime="20231126 07:54:38.706" endtime="20231126 07:54:46.573"/>
</kw>
<kw name="Login Admin Instansi" library="login">
<kw name="Input Username" library="login">
<arg>demo</arg>
<kw name="Input Text" library="SeleniumLibrary">
<arg>username</arg>
<arg>${username}</arg>
<doc>Types the given ``text`` into the text field identified by ``locator``.</doc>
<msg timestamp="20231126 07:54:46.573" level="INFO">Typing text 'demo' into text field 'username'.</msg>
<status status="PASS" starttime="20231126 07:54:46.573" endtime="20231126 07:54:46.921"/>
</kw>
<status status="PASS" starttime="20231126 07:54:46.573" endtime="20231126 07:54:46.921"/>
</kw>
<kw name="Input Password" library="login">
<arg>Demo789*@#</arg>
<kw name="Input Text" library="SeleniumLibrary">
<arg>password</arg>
<arg>${password}</arg>
<doc>Types the given ``text`` into the text field identified by ``locator``.</doc>
<msg timestamp="20231126 07:54:46.921" level="INFO">Typing text 'Demo789*@#' into text field 'password'.</msg>
<status status="PASS" starttime="20231126 07:54:46.921" endtime="20231126 07:54:47.241"/>
</kw>
<status status="PASS" starttime="20231126 07:54:46.921" endtime="20231126 07:54:47.241"/>
</kw>
<kw name="Submit Credentials" library="login">
<kw name="Click Button" library="SeleniumLibrary">
<arg>kt_sign_in_submit</arg>
<doc>Clicks the button identified by ``locator``.</doc>
<msg timestamp="20231126 07:54:47.241" level="INFO">Clicking button 'kt_sign_in_submit'.</msg>
<status status="PASS" starttime="20231126 07:54:47.241" endtime="20231126 07:54:47.864"/>
</kw>
<kw name="Sleep" library="BuiltIn">
<arg>5s</arg>
<doc>Pauses the test executed for the given time.</doc>
<msg timestamp="20231126 07:54:52.864" level="INFO">Slept 5 seconds</msg>
<status status="PASS" starttime="20231126 07:54:47.864" endtime="20231126 07:54:52.864"/>
</kw>
<status status="PASS" starttime="20231126 07:54:47.241" endtime="20231126 07:54:52.864"/>
</kw>
<kw name="Element Should Contain" library="SeleniumLibrary">
<arg>xpath://*[@id="kt_header_user_menu_toggle"]/div[2]/span[1]</arg>
<arg>DEMO</arg>
<doc>Verifies that element ``locator`` contains text ``expected``.</doc>
<msg timestamp="20231126 07:54:53.080" level="INFO">Element 'xpath://*[@id="kt_header_user_menu_toggle"]/div[2]/span[1]' contains text 'DEMO'.</msg>
<status status="PASS" starttime="20231126 07:54:52.864" endtime="20231126 07:54:53.080"/>
</kw>
<status status="PASS" starttime="20231126 07:54:46.573" endtime="20231126 07:54:53.080"/>
</kw>
<kw name="Detail Jenis Izin" library="home">
<kw name="Go To" library="SeleniumLibrary">
<arg>https://uji.sicantik.go.id/home/jenis-izin</arg>
<doc>Navigates the current browser window to the provided ``url``.</doc>
<msg timestamp="20231126 07:54:53.080" level="INFO">Opening url 'https://uji.sicantik.go.id/home/jenis-izin'</msg>
<status status="PASS" starttime="20231126 07:54:53.080" endtime="20231126 07:54:53.508"/>
</kw>
<kw name="Sleep" library="BuiltIn">
<arg>2s</arg>
<doc>Pauses the test executed for the given time.</doc>
<msg timestamp="20231126 07:54:55.508" level="INFO">Slept 2 seconds</msg>
<status status="PASS" starttime="20231126 07:54:53.508" endtime="20231126 07:54:55.508"/>
</kw>
<kw name="Page Should Contain" library="SeleniumLibrary">
<arg>Daftar Jenis Izin</arg>
<doc>Verifies that current page contains ``text``.</doc>
<msg timestamp="20231126 07:54:55.720" level="INFO">Current page contains text 'Daftar Jenis Izin'.</msg>
<status status="PASS" starttime="20231126 07:54:55.508" endtime="20231126 07:54:55.720"/>
</kw>
<status status="PASS" starttime="20231126 07:54:53.080" endtime="20231126 07:54:55.720"/>
</kw>
<kw name="Sleep" library="BuiltIn">
<arg>2s</arg>
<doc>Pauses the test executed for the given time.</doc>
<msg timestamp="20231126 07:54:57.720" level="INFO">Slept 2 seconds</msg>
<status status="PASS" starttime="20231126 07:54:55.720" endtime="20231126 07:54:57.720"/>
</kw>
<kw name="Capture Page Screenshot" library="SeleniumLibrary">
<doc>Takes a screenshot of the current page and embeds it into a log file.</doc>
<msg timestamp="20231126 07:54:57.865" level="INFO" html="true">&lt;/td&gt;&lt;/tr&gt;&lt;tr&gt;&lt;td colspan="3"&gt;&lt;a href="selenium-screenshot-4.png"&gt;&lt;img src="selenium-screenshot-4.png" width="800px"&gt;&lt;/a&gt;</msg>
<status status="PASS" starttime="20231126 07:54:57.720" endtime="20231126 07:54:57.865"/>
</kw>
<kw name="Close Browser" library="SeleniumLibrary" type="TEARDOWN">
<doc>Closes the current browser.</doc>
<status status="PASS" starttime="20231126 07:54:57.865" endtime="20231126 07:55:00.921"/>
</kw>
<doc>SC04 - Data Jenis Izin</doc>
<tag>TC01 - View Detail Data Daftar Jenis Izin</tag>
<status status="PASS" starttime="20231126 07:54:38.706" endtime="20231126 07:55:00.921"/>
</test>
<test id="s1-t2" name="TC02 - Search Data Daftar Jenis Izin" line="18">
<kw name="Open Browser Website" library="login">
<kw name="Open Browser" library="SeleniumLibrary">
<arg>${LOGIN URL}</arg>
<arg>${BROWSER}</arg>
<arg>options=add_argument("--incognito")</arg>
<doc>Opens a new browser instance to the optional ``url``.</doc>
<msg timestamp="20231126 07:55:00.921" level="INFO">Opening browser 'Firefox' to base url 'https://uji.sicantik.go.id/sign-in'.</msg>
<status status="PASS" starttime="20231126 07:55:00.921" endtime="20231126 07:55:08.691"/>
</kw>
<kw name="Maximize Browser Window" library="SeleniumLibrary">
<doc>Maximizes current browser window.</doc>
<status status="PASS" starttime="20231126 07:55:08.691" endtime="20231126 07:55:09.062"/>
</kw>
<kw name="Wait Until Page Contains" library="SeleniumLibrary">
<arg>Username</arg>
<doc>Waits until ``text`` appears on the current page.</doc>
<status status="PASS" starttime="20231126 07:55:09.062" endtime="20231126 07:55:09.174"/>
</kw>
<kw name="Set Selenium Speed" library="SeleniumLibrary">
<arg>${SPEED}</arg>
<doc>Sets the delay that is waited after each Selenium command.</doc>
<status status="PASS" starttime="20231126 07:55:09.174" endtime="20231126 07:55:09.174"/>
</kw>
<status status="PASS" starttime="20231126 07:55:00.921" endtime="20231126 07:55:09.174"/>
</kw>
<kw name="Login Admin Instansi" library="login">
<kw name="Input Username" library="login">
<arg>demo</arg>
<kw name="Input Text" library="SeleniumLibrary">
<arg>username</arg>
<arg>${username}</arg>
<doc>Types the given ``text`` into the text field identified by ``locator``.</doc>
<msg timestamp="20231126 07:55:09.174" level="INFO">Typing text 'demo' into text field 'username'.</msg>
<status status="PASS" starttime="20231126 07:55:09.174" endtime="20231126 07:55:09.526"/>
</kw>
<status status="PASS" starttime="20231126 07:55:09.174" endtime="20231126 07:55:09.526"/>
</kw>
<kw name="Input Password" library="login">
<arg>Demo789*@#</arg>
<kw name="Input Text" library="SeleniumLibrary">
<arg>password</arg>
<arg>${password}</arg>
<doc>Types the given ``text`` into the text field identified by ``locator``.</doc>
<msg timestamp="20231126 07:55:09.526" level="INFO">Typing text 'Demo789*@#' into text field 'password'.</msg>
<status status="PASS" starttime="20231126 07:55:09.526" endtime="20231126 07:55:09.846"/>
</kw>
<status status="PASS" starttime="20231126 07:55:09.526" endtime="20231126 07:55:09.846"/>
</kw>
<kw name="Submit Credentials" library="login">
<kw name="Click Button" library="SeleniumLibrary">
<arg>kt_sign_in_submit</arg>
<doc>Clicks the button identified by ``locator``.</doc>
<msg timestamp="20231126 07:55:09.846" level="INFO">Clicking button 'kt_sign_in_submit'.</msg>
<status status="PASS" starttime="20231126 07:55:09.846" endtime="20231126 07:55:10.478"/>
</kw>
<kw name="Sleep" library="BuiltIn">
<arg>5s</arg>
<doc>Pauses the test executed for the given time.</doc>
<msg timestamp="20231126 07:55:15.478" level="INFO">Slept 5 seconds</msg>
<status status="PASS" starttime="20231126 07:55:10.478" endtime="20231126 07:55:15.478"/>
</kw>
<status status="PASS" starttime="20231126 07:55:09.846" endtime="20231126 07:55:15.478"/>
</kw>
<kw name="Element Should Contain" library="SeleniumLibrary">
<arg>xpath://*[@id="kt_header_user_menu_toggle"]/div[2]/span[1]</arg>
<arg>DEMO</arg>
<doc>Verifies that element ``locator`` contains text ``expected``.</doc>
<msg timestamp="20231126 07:55:15.693" level="INFO">Element 'xpath://*[@id="kt_header_user_menu_toggle"]/div[2]/span[1]' contains text 'DEMO'.</msg>
<status status="PASS" starttime="20231126 07:55:15.478" endtime="20231126 07:55:15.693"/>
</kw>
<status status="PASS" starttime="20231126 07:55:09.174" endtime="20231126 07:55:15.693"/>
</kw>
<kw name="Detail Jenis Izin" library="home">
<kw name="Go To" library="SeleniumLibrary">
<arg>https://uji.sicantik.go.id/home/jenis-izin</arg>
<doc>Navigates the current browser window to the provided ``url``.</doc>
<msg timestamp="20231126 07:55:15.693" level="INFO">Opening url 'https://uji.sicantik.go.id/home/jenis-izin'</msg>
<status status="PASS" starttime="20231126 07:55:15.693" endtime="20231126 07:55:16.284"/>
</kw>
<kw name="Sleep" library="BuiltIn">
<arg>2s</arg>
<doc>Pauses the test executed for the given time.</doc>
<msg timestamp="20231126 07:55:18.286" level="INFO">Slept 2 seconds</msg>
<status status="PASS" starttime="20231126 07:55:16.284" endtime="20231126 07:55:18.286"/>
</kw>
<kw name="Page Should Contain" library="SeleniumLibrary">
<arg>Daftar Jenis Izin</arg>
<doc>Verifies that current page contains ``text``.</doc>
<msg timestamp="20231126 07:55:18.494" level="INFO">Current page contains text 'Daftar Jenis Izin'.</msg>
<status status="PASS" starttime="20231126 07:55:18.286" endtime="20231126 07:55:18.494"/>
</kw>
<status status="PASS" starttime="20231126 07:55:15.693" endtime="20231126 07:55:18.494"/>
</kw>
<kw name="Search" library="home">
<arg>Jenis izin rian tte jamak</arg>
<kw name="Wait Until Element Is Visible" library="SeleniumLibrary">
<arg>id:kt_filter_search</arg>
<doc>Waits until the element ``locator`` is visible.</doc>
<status status="PASS" starttime="20231126 07:55:18.494" endtime="20231126 07:55:18.706"/>
</kw>
<kw name="Input Text" library="SeleniumLibrary">
<arg>id:kt_filter_search</arg>
<arg>${search}</arg>
<doc>Types the given ``text`` into the text field identified by ``locator``.</doc>
<msg timestamp="20231126 07:55:18.706" level="INFO">Typing text 'Jenis izin rian tte jamak' into text field 'id:kt_filter_search'.</msg>
<status status="PASS" starttime="20231126 07:55:18.706" endtime="20231126 07:55:19.038"/>
</kw>
<kw name="Sleep" library="BuiltIn">
<arg>1s</arg>
<doc>Pauses the test executed for the given time.</doc>
<msg timestamp="20231126 07:55:20.038" level="INFO">Slept 1 second</msg>
<status status="PASS" starttime="20231126 07:55:19.038" endtime="20231126 07:55:20.038"/>
</kw>
<status status="PASS" starttime="20231126 07:55:18.494" endtime="20231126 07:55:20.038"/>
</kw>
<kw name="Sleep" library="BuiltIn">
<arg>2s</arg>
<doc>Pauses the test executed for the given time.</doc>
<msg timestamp="20231126 07:55:22.039" level="INFO">Slept 2 seconds</msg>
<status status="PASS" starttime="20231126 07:55:20.038" endtime="20231126 07:55:22.039"/>
</kw>
<kw name="Capture Page Screenshot" library="SeleniumLibrary">
<doc>Takes a screenshot of the current page and embeds it into a log file.</doc>
<msg timestamp="20231126 07:55:22.183" level="INFO" html="true">&lt;/td&gt;&lt;/tr&gt;&lt;tr&gt;&lt;td colspan="3"&gt;&lt;a href="selenium-screenshot-5.png"&gt;&lt;img src="selenium-screenshot-5.png" width="800px"&gt;&lt;/a&gt;</msg>
<status status="PASS" starttime="20231126 07:55:22.039" endtime="20231126 07:55:22.183"/>
</kw>
<kw name="Close Browser" library="SeleniumLibrary" type="TEARDOWN">
<doc>Closes the current browser.</doc>
<status status="PASS" starttime="20231126 07:55:22.183" endtime="20231126 07:55:25.069"/>
</kw>
<doc>SC04 - Data Jenis Izin</doc>
<tag>TC02 - Search Data Daftar Jenis Izin</tag>
<status status="PASS" starttime="20231126 07:55:00.921" endtime="20231126 07:55:25.069"/>
</test>
<test id="s1-t3" name="TC03 - Export Data Daftar Jenis Izin" line="29">
<kw name="Open Browser Website" library="login">
<kw name="Open Browser" library="SeleniumLibrary">
<arg>${LOGIN URL}</arg>
<arg>${BROWSER}</arg>
<arg>options=add_argument("--incognito")</arg>
<doc>Opens a new browser instance to the optional ``url``.</doc>
<msg timestamp="20231126 07:55:25.069" level="INFO">Opening browser 'Firefox' to base url 'https://uji.sicantik.go.id/sign-in'.</msg>
<status status="PASS" starttime="20231126 07:55:25.069" endtime="20231126 07:55:33.083"/>
</kw>
<kw name="Maximize Browser Window" library="SeleniumLibrary">
<doc>Maximizes current browser window.</doc>
<status status="PASS" starttime="20231126 07:55:33.083" endtime="20231126 07:55:33.445"/>
</kw>
<kw name="Wait Until Page Contains" library="SeleniumLibrary">
<arg>Username</arg>
<doc>Waits until ``text`` appears on the current page.</doc>
<status status="PASS" starttime="20231126 07:55:33.445" endtime="20231126 07:55:33.557"/>
</kw>
<kw name="Set Selenium Speed" library="SeleniumLibrary">
<arg>${SPEED}</arg>
<doc>Sets the delay that is waited after each Selenium command.</doc>
<status status="PASS" starttime="20231126 07:55:33.557" endtime="20231126 07:55:33.557"/>
</kw>
<status status="PASS" starttime="20231126 07:55:25.069" endtime="20231126 07:55:33.557"/>
</kw>
<kw name="Login Admin Instansi" library="login">
<kw name="Input Username" library="login">
<arg>demo</arg>
<kw name="Input Text" library="SeleniumLibrary">
<arg>username</arg>
<arg>${username}</arg>
<doc>Types the given ``text`` into the text field identified by ``locator``.</doc>
<msg timestamp="20231126 07:55:33.557" level="INFO">Typing text 'demo' into text field 'username'.</msg>
<status status="PASS" starttime="20231126 07:55:33.557" endtime="20231126 07:55:33.910"/>
</kw>
<status status="PASS" starttime="20231126 07:55:33.557" endtime="20231126 07:55:33.910"/>
</kw>
<kw name="Input Password" library="login">
<arg>Demo789*@#</arg>
<kw name="Input Text" library="SeleniumLibrary">
<arg>password</arg>
<arg>${password}</arg>
<doc>Types the given ``text`` into the text field identified by ``locator``.</doc>
<msg timestamp="20231126 07:55:33.910" level="INFO">Typing text 'Demo789*@#' into text field 'password'.</msg>
<status status="PASS" starttime="20231126 07:55:33.910" endtime="20231126 07:55:34.234"/>
</kw>
<status status="PASS" starttime="20231126 07:55:33.910" endtime="20231126 07:55:34.234"/>
</kw>
<kw name="Submit Credentials" library="login">
<kw name="Click Button" library="SeleniumLibrary">
<arg>kt_sign_in_submit</arg>
<doc>Clicks the button identified by ``locator``.</doc>
<msg timestamp="20231126 07:55:34.234" level="INFO">Clicking button 'kt_sign_in_submit'.</msg>
<status status="PASS" starttime="20231126 07:55:34.234" endtime="20231126 07:55:34.862"/>
</kw>
<kw name="Sleep" library="BuiltIn">
<arg>5s</arg>
<doc>Pauses the test executed for the given time.</doc>
<msg timestamp="20231126 07:55:39.862" level="INFO">Slept 5 seconds</msg>
<status status="PASS" starttime="20231126 07:55:34.862" endtime="20231126 07:55:39.862"/>
</kw>
<status status="PASS" starttime="20231126 07:55:34.234" endtime="20231126 07:55:39.862"/>
</kw>
<kw name="Element Should Contain" library="SeleniumLibrary">
<arg>xpath://*[@id="kt_header_user_menu_toggle"]/div[2]/span[1]</arg>
<arg>DEMO</arg>
<doc>Verifies that element ``locator`` contains text ``expected``.</doc>
<msg timestamp="20231126 07:55:40.082" level="INFO">Element 'xpath://*[@id="kt_header_user_menu_toggle"]/div[2]/span[1]' contains text 'DEMO'.</msg>
<status status="PASS" starttime="20231126 07:55:39.862" endtime="20231126 07:55:40.082"/>
</kw>
<status status="PASS" starttime="20231126 07:55:33.557" endtime="20231126 07:55:40.082"/>
</kw>
<kw name="Detail Jenis Izin" library="home">
<kw name="Go To" library="SeleniumLibrary">
<arg>https://uji.sicantik.go.id/home/jenis-izin</arg>
<doc>Navigates the current browser window to the provided ``url``.</doc>
<msg timestamp="20231126 07:55:40.082" level="INFO">Opening url 'https://uji.sicantik.go.id/home/jenis-izin'</msg>
<status status="PASS" starttime="20231126 07:55:40.082" endtime="20231126 07:55:40.486"/>
</kw>
<kw name="Sleep" library="BuiltIn">
<arg>2s</arg>
<doc>Pauses the test executed for the given time.</doc>
<msg timestamp="20231126 07:55:42.487" level="INFO">Slept 2 seconds</msg>
<status status="PASS" starttime="20231126 07:55:40.486" endtime="20231126 07:55:42.487"/>
</kw>
<kw name="Page Should Contain" library="SeleniumLibrary">
<arg>Daftar Jenis Izin</arg>
<doc>Verifies that current page contains ``text``.</doc>
<msg timestamp="20231126 07:55:42.699" level="INFO">Current page contains text 'Daftar Jenis Izin'.</msg>
<status status="PASS" starttime="20231126 07:55:42.487" endtime="20231126 07:55:42.699"/>
</kw>
<status status="PASS" starttime="20231126 07:55:40.082" endtime="20231126 07:55:42.699"/>
</kw>
<kw name="Export" library="home">
<kw name="Click Button" library="SeleniumLibrary">
<arg>//*[@class="btn btn-primary mr-2"]</arg>
<doc>Clicks the button identified by ``locator``.</doc>
<msg timestamp="20231126 07:55:42.699" level="INFO">Clicking button '//*[@class="btn btn-primary mr-2"]'.</msg>
<status status="PASS" starttime="20231126 07:55:42.699" endtime="20231126 07:55:43.445"/>
</kw>
<kw name="Page Should Contain" library="SeleniumLibrary">
<arg>Export data berhasil</arg>
<doc>Verifies that current page contains ``text``.</doc>
<msg timestamp="20231126 07:55:43.663" level="INFO">Current page contains text 'Export data berhasil'.</msg>
<status status="PASS" starttime="20231126 07:55:43.445" endtime="20231126 07:55:43.663"/>
</kw>
<status status="PASS" starttime="20231126 07:55:42.699" endtime="20231126 07:55:43.663"/>
</kw>
<kw name="Sleep" library="BuiltIn">
<arg>1s</arg>
<doc>Pauses the test executed for the given time.</doc>
<msg timestamp="20231126 07:55:44.666" level="INFO">Slept 1 second</msg>
<status status="PASS" starttime="20231126 07:55:43.663" endtime="20231126 07:55:44.666"/>
</kw>
<kw name="Capture Page Screenshot" library="SeleniumLibrary">
<doc>Takes a screenshot of the current page and embeds it into a log file.</doc>
<msg timestamp="20231126 07:55:44.814" level="INFO" html="true">&lt;/td&gt;&lt;/tr&gt;&lt;tr&gt;&lt;td colspan="3"&gt;&lt;a href="selenium-screenshot-6.png"&gt;&lt;img src="selenium-screenshot-6.png" width="800px"&gt;&lt;/a&gt;</msg>
<status status="PASS" starttime="20231126 07:55:44.666" endtime="20231126 07:55:44.814"/>
</kw>
<kw name="Close Browser" library="SeleniumLibrary" type="TEARDOWN">
<doc>Closes the current browser.</doc>
<status status="PASS" starttime="20231126 07:55:44.814" endtime="20231126 07:55:47.771"/>
</kw>
<doc>SC04 - Data Jenis Izin</doc>
<tag>TC03 - Export Data Daftar Jenis Izin</tag>
<status status="PASS" starttime="20231126 07:55:25.069" endtime="20231126 07:55:47.771"/>
</test>
<doc>SC04 - Data Jenis Izin</doc>
<status status="PASS" starttime="20231126 07:54:38.550" endtime="20231126 07:55:47.771"/>
</suite>
<statistics>
<total>
<stat pass="3" fail="0" skip="0">All Tests</stat>
</total>
<tag>
<stat pass="1" fail="0" skip="0">TC01 - View Detail Data Daftar Jenis Izin</stat>
<stat pass="1" fail="0" skip="0">TC02 - Search Data Daftar Jenis Izin</stat>
<stat pass="1" fail="0" skip="0">TC03 - Export Data Daftar Jenis Izin</stat>
</tag>
<suite>
<stat pass="3" fail="0" skip="0" id="s1" name="SC04 - Data Jenis Izin">SC04 - Data Jenis Izin</stat>
</suite>
</statistics>
<errors>
</errors>
</robot>
