<?xml version="1.0" encoding="UTF-8"?>
<robot generator="Robot 6.0.2 (Python 3.11.2 on win32)" generated="20231129 10:00:53.068" rpa="false" schemaversion="3">
<suite id="s1" name="SC01 - View Profile Saya" source="C:\Users\Rian C\PycharmProjects\Sicantik-V2\tests\Pemohon\R09 - Profile Saya\SC01 - View Profile Saya\SC01 - View Profile Saya.robot">
<test id="s1-t1" name="TC01 - View Data Profile" line="8">
<kw name="Open Browser Website" library="login">
<kw name="Open Browser" library="SeleniumLibrary">
<arg>${LOGIN URL}</arg>
<arg>${BROWSER}</arg>
<arg>options=add_argument("--incognito")</arg>
<doc>Opens a new browser instance to the optional ``url``.</doc>
<msg timestamp="20231129 10:00:53.239" level="INFO">Opening browser 'Chrome' to base url 'https://uji.sicantik.go.id/sign-in'.</msg>
<status status="PASS" starttime="20231129 10:00:53.238" endtime="20231129 10:00:57.808"/>
</kw>
<kw name="Maximize Browser Window" library="SeleniumLibrary">
<doc>Maximizes current browser window.</doc>
<status status="PASS" starttime="20231129 10:00:57.808" endtime="20231129 10:00:57.926"/>
</kw>
<kw name="Wait Until Page Contains" library="SeleniumLibrary">
<arg>Username</arg>
<doc>Waits until ``text`` appears on the current page.</doc>
<status status="PASS" starttime="20231129 10:00:57.926" endtime="20231129 10:00:57.935"/>
</kw>
<kw name="Set Selenium Speed" library="SeleniumLibrary">
<arg>${SPEED}</arg>
<doc>Sets the delay that is waited after each Selenium command.</doc>
<status status="PASS" starttime="20231129 10:00:57.935" endtime="20231129 10:00:57.935"/>
</kw>
<status status="PASS" starttime="20231129 10:00:53.238" endtime="20231129 10:00:57.935"/>
</kw>
<kw name="Login Pemohon" library="login">
<kw name="Input Username" library="login">
<arg>kartu1</arg>
<kw name="Input Text" library="SeleniumLibrary">
<arg>username</arg>
<arg>${username}</arg>
<doc>Types the given ``text`` into the text field identified by ``locator``.</doc>
<msg timestamp="20231129 10:00:57.936" level="INFO">Typing text 'kartu1' into text field 'username'.</msg>
<status status="PASS" starttime="20231129 10:00:57.936" endtime="20231129 10:00:58.320"/>
</kw>
<status status="PASS" starttime="20231129 10:00:57.936" endtime="20231129 10:00:58.320"/>
</kw>
<kw name="Input Password" library="login">
<arg>Kartu123*@#</arg>
<kw name="Input Text" library="SeleniumLibrary">
<arg>password</arg>
<arg>${password}</arg>
<doc>Types the given ``text`` into the text field identified by ``locator``.</doc>
<msg timestamp="20231129 10:00:58.320" level="INFO">Typing text 'Kartu123*@#' into text field 'password'.</msg>
<status status="PASS" starttime="20231129 10:00:58.320" endtime="20231129 10:00:58.692"/>
</kw>
<status status="PASS" starttime="20231129 10:00:58.320" endtime="20231129 10:00:58.692"/>
</kw>
<kw name="Submit Credentials" library="login">
<kw name="Click Button" library="SeleniumLibrary">
<arg>kt_sign_in_submit</arg>
<doc>Clicks the button identified by ``locator``.</doc>
<msg timestamp="20231129 10:00:58.692" level="INFO">Clicking button 'kt_sign_in_submit'.</msg>
<status status="PASS" starttime="20231129 10:00:58.692" endtime="20231129 10:00:59.145"/>
</kw>
<kw name="Sleep" library="BuiltIn">
<arg>5s</arg>
<doc>Pauses the test executed for the given time.</doc>
<msg timestamp="20231129 10:01:04.146" level="INFO">Slept 5 seconds</msg>
<status status="PASS" starttime="20231129 10:00:59.145" endtime="20231129 10:01:04.146"/>
</kw>
<status status="PASS" starttime="20231129 10:00:58.692" endtime="20231129 10:01:04.146"/>
</kw>
<kw name="Sleep" library="BuiltIn">
<arg>2s</arg>
<doc>Pauses the test executed for the given time.</doc>
<msg timestamp="20231129 10:01:06.147" level="INFO">Slept 2 seconds</msg>
<status status="PASS" starttime="20231129 10:01:04.146" endtime="20231129 10:01:06.147"/>
</kw>
<status status="PASS" starttime="20231129 10:00:57.936" endtime="20231129 10:01:06.147"/>
</kw>
<kw name="Move To Profile Saya" library="profile">
<kw name="Go To" library="SeleniumLibrary">
<arg>https://uji.sicantik.go.id/profile</arg>
<doc>Navigates the current browser window to the provided ``url``.</doc>
<msg timestamp="20231129 10:01:06.147" level="INFO">Opening url 'https://uji.sicantik.go.id/profile'</msg>
<status status="PASS" starttime="20231129 10:01:06.147" endtime="20231129 10:01:06.424"/>
</kw>
<kw name="Sleep" library="BuiltIn">
<arg>2s</arg>
<doc>Pauses the test executed for the given time.</doc>
<msg timestamp="20231129 10:01:08.425" level="INFO">Slept 2 seconds</msg>
<status status="PASS" starttime="20231129 10:01:06.424" endtime="20231129 10:01:08.425"/>
</kw>
<kw name="Page Should Contain" library="SeleniumLibrary">
<arg>Data Profile</arg>
<doc>Verifies that current page contains ``text``.</doc>
<msg timestamp="20231129 10:01:08.641" level="INFO">Current page contains text 'Data Profile'.</msg>
<status status="PASS" starttime="20231129 10:01:08.425" endtime="20231129 10:01:08.641"/>
</kw>
<status status="PASS" starttime="20231129 10:01:06.147" endtime="20231129 10:01:08.641"/>
</kw>
<kw name="Sleep" library="BuiltIn">
<arg>2s</arg>
<doc>Pauses the test executed for the given time.</doc>
<msg timestamp="20231129 10:01:10.642" level="INFO">Slept 2 seconds</msg>
<status status="PASS" starttime="20231129 10:01:08.641" endtime="20231129 10:01:10.642"/>
</kw>
<kw name="Capture Page Screenshot" library="SeleniumLibrary">
<doc>Takes a screenshot of the current page and embeds it into a log file.</doc>
<msg timestamp="20231129 10:01:10.873" level="INFO" html="true">&lt;/td&gt;&lt;/tr&gt;&lt;tr&gt;&lt;td colspan="3"&gt;&lt;a href="selenium-screenshot-1.png"&gt;&lt;img src="selenium-screenshot-1.png" width="800px"&gt;&lt;/a&gt;</msg>
<status status="PASS" starttime="20231129 10:01:10.642" endtime="20231129 10:01:10.873"/>
</kw>
<kw name="Close Browser" library="SeleniumLibrary" type="TEARDOWN">
<doc>Closes the current browser.</doc>
<status status="PASS" starttime="20231129 10:01:10.873" endtime="20231129 10:01:13.018"/>
</kw>
<doc>SC01 - View Profile Saya</doc>
<tag>TC01 - View Data Profile</tag>
<status status="PASS" starttime="20231129 10:00:53.237" endtime="20231129 10:01:13.019"/>
</test>
<test id="s1-t2" name="TC02 - Update Password" line="18">
<kw name="Open Browser Website" library="login">
<kw name="Open Browser" library="SeleniumLibrary">
<arg>${LOGIN URL}</arg>
<arg>${BROWSER}</arg>
<arg>options=add_argument("--incognito")</arg>
<doc>Opens a new browser instance to the optional ``url``.</doc>
<msg timestamp="20231129 10:01:13.021" level="INFO">Opening browser 'Chrome' to base url 'https://uji.sicantik.go.id/sign-in'.</msg>
<status status="PASS" starttime="20231129 10:01:13.021" endtime="20231129 10:01:17.019"/>
</kw>
<kw name="Maximize Browser Window" library="SeleniumLibrary">
<doc>Maximizes current browser window.</doc>
<status status="PASS" starttime="20231129 10:01:17.019" endtime="20231129 10:01:17.241"/>
</kw>
<kw name="Wait Until Page Contains" library="SeleniumLibrary">
<arg>Username</arg>
<doc>Waits until ``text`` appears on the current page.</doc>
<status status="PASS" starttime="20231129 10:01:17.241" endtime="20231129 10:01:17.353"/>
</kw>
<kw name="Set Selenium Speed" library="SeleniumLibrary">
<arg>${SPEED}</arg>
<doc>Sets the delay that is waited after each Selenium command.</doc>
<status status="PASS" starttime="20231129 10:01:17.353" endtime="20231129 10:01:17.353"/>
</kw>
<status status="PASS" starttime="20231129 10:01:13.020" endtime="20231129 10:01:17.353"/>
</kw>
<kw name="Login Pemohon" library="login">
<kw name="Input Username" library="login">
<arg>kartu1</arg>
<kw name="Input Text" library="SeleniumLibrary">
<arg>username</arg>
<arg>${username}</arg>
<doc>Types the given ``text`` into the text field identified by ``locator``.</doc>
<msg timestamp="20231129 10:01:17.354" level="INFO">Typing text 'kartu1' into text field 'username'.</msg>
<status status="PASS" starttime="20231129 10:01:17.354" endtime="20231129 10:01:17.741"/>
</kw>
<status status="PASS" starttime="20231129 10:01:17.354" endtime="20231129 10:01:17.741"/>
</kw>
<kw name="Input Password" library="login">
<arg>Kartu123*@#</arg>
<kw name="Input Text" library="SeleniumLibrary">
<arg>password</arg>
<arg>${password}</arg>
<doc>Types the given ``text`` into the text field identified by ``locator``.</doc>
<msg timestamp="20231129 10:01:17.741" level="INFO">Typing text 'Kartu123*@#' into text field 'password'.</msg>
<status status="PASS" starttime="20231129 10:01:17.741" endtime="20231129 10:01:18.113"/>
</kw>
<status status="PASS" starttime="20231129 10:01:17.741" endtime="20231129 10:01:18.113"/>
</kw>
<kw name="Submit Credentials" library="login">
<kw name="Click Button" library="SeleniumLibrary">
<arg>kt_sign_in_submit</arg>
<doc>Clicks the button identified by ``locator``.</doc>
<msg timestamp="20231129 10:01:18.113" level="INFO">Clicking button 'kt_sign_in_submit'.</msg>
<status status="PASS" starttime="20231129 10:01:18.113" endtime="20231129 10:01:18.567"/>
</kw>
<kw name="Sleep" library="BuiltIn">
<arg>5s</arg>
<doc>Pauses the test executed for the given time.</doc>
<msg timestamp="20231129 10:01:23.568" level="INFO">Slept 5 seconds</msg>
<status status="PASS" starttime="20231129 10:01:18.567" endtime="20231129 10:01:23.568"/>
</kw>
<status status="PASS" starttime="20231129 10:01:18.113" endtime="20231129 10:01:23.568"/>
</kw>
<kw name="Sleep" library="BuiltIn">
<arg>2s</arg>
<doc>Pauses the test executed for the given time.</doc>
<msg timestamp="20231129 10:01:25.568" level="INFO">Slept 2 seconds</msg>
<status status="PASS" starttime="20231129 10:01:23.568" endtime="20231129 10:01:25.568"/>
</kw>
<status status="PASS" starttime="20231129 10:01:17.354" endtime="20231129 10:01:25.568"/>
</kw>
<kw name="Move To Profile Saya" library="profile">
<kw name="Go To" library="SeleniumLibrary">
<arg>https://uji.sicantik.go.id/profile</arg>
<doc>Navigates the current browser window to the provided ``url``.</doc>
<msg timestamp="20231129 10:01:25.569" level="INFO">Opening url 'https://uji.sicantik.go.id/profile'</msg>
<status status="PASS" starttime="20231129 10:01:25.568" endtime="20231129 10:01:25.844"/>
</kw>
<kw name="Sleep" library="BuiltIn">
<arg>2s</arg>
<doc>Pauses the test executed for the given time.</doc>
<msg timestamp="20231129 10:01:27.845" level="INFO">Slept 2 seconds</msg>
<status status="PASS" starttime="20231129 10:01:25.844" endtime="20231129 10:01:27.845"/>
</kw>
<kw name="Page Should Contain" library="SeleniumLibrary">
<arg>Data Profile</arg>
<doc>Verifies that current page contains ``text``.</doc>
<msg timestamp="20231129 10:01:28.059" level="INFO">Current page contains text 'Data Profile'.</msg>
<status status="PASS" starttime="20231129 10:01:27.845" endtime="20231129 10:01:28.059"/>
</kw>
<status status="PASS" starttime="20231129 10:01:25.568" endtime="20231129 10:01:28.059"/>
</kw>
<kw name="Update Password" library="profile">
<kw name="Wait Until Element Is Visible" library="SeleniumLibrary">
<arg>//*[@href="#password"]</arg>
<doc>Waits until the element ``locator`` is visible.</doc>
<status status="PASS" starttime="20231129 10:01:28.059" endtime="20231129 10:01:28.281"/>
</kw>
<kw name="Click Element" library="SeleniumLibrary">
<arg>//*[@href="#password"]</arg>
<doc>Click the element identified by ``locator``.</doc>
<msg timestamp="20231129 10:01:28.281" level="INFO">Clicking element '//*[@href="#password"]'.</msg>
<status status="PASS" starttime="20231129 10:01:28.281" endtime="20231129 10:01:28.515"/>
</kw>
<kw name="Sleep" library="BuiltIn">
<arg>1s</arg>
<doc>Pauses the test executed for the given time.</doc>
<msg timestamp="20231129 10:01:29.516" level="INFO">Slept 1 second</msg>
<status status="PASS" starttime="20231129 10:01:28.515" endtime="20231129 10:01:29.516"/>
</kw>
<kw name="Input Password" library="profile">
<arg>Kartu123*@#</arg>
<kw name="Wait Until Element Is Visible" library="SeleniumLibrary">
<arg>name:password</arg>
<doc>Waits until the element ``locator`` is visible.</doc>
<status status="PASS" starttime="20231129 10:01:29.516" endtime="20231129 10:01:29.736"/>
</kw>
<kw name="Input Text" library="SeleniumLibrary">
<arg>name:password</arg>
<arg>${param}</arg>
<doc>Types the given ``text`` into the text field identified by ``locator``.</doc>
<msg timestamp="20231129 10:01:29.736" level="INFO">Typing text 'Kartu123*@#' into text field 'name:password'.</msg>
<status status="PASS" starttime="20231129 10:01:29.736" endtime="20231129 10:01:30.099"/>
</kw>
<status status="PASS" starttime="20231129 10:01:29.516" endtime="20231129 10:01:30.099"/>
</kw>
<kw name="Input Konfirmasi Password" library="profile">
<arg>Kartu123*@#</arg>
<kw name="Wait Until Element Is Visible" library="SeleniumLibrary">
<arg>name:password2</arg>
<doc>Waits until the element ``locator`` is visible.</doc>
<status status="PASS" starttime="20231129 10:01:30.099" endtime="20231129 10:01:30.316"/>
</kw>
<kw name="Input Text" library="SeleniumLibrary">
<arg>name:password2</arg>
<arg>${param}</arg>
<doc>Types the given ``text`` into the text field identified by ``locator``.</doc>
<msg timestamp="20231129 10:01:30.316" level="INFO">Typing text 'Kartu123*@#' into text field 'name:password2'.</msg>
<status status="PASS" starttime="20231129 10:01:30.316" endtime="20231129 10:01:30.684"/>
</kw>
<status status="PASS" starttime="20231129 10:01:30.099" endtime="20231129 10:01:30.684"/>
</kw>
<kw name="Click Btn Simpan" library="profile">
<kw name="Press Keys" library="SeleniumLibrary">
<arg>None</arg>
<arg>TAB</arg>
<doc>Simulates the user pressing key(s) to an element or on the active browser.</doc>
<msg timestamp="20231129 10:01:30.684" level="INFO">Sending key(s) ('TAB',) to page.</msg>
<msg timestamp="20231129 10:01:30.685" level="INFO">Pressing special key TAB to browser.</msg>
<msg timestamp="20231129 10:01:30.685" level="INFO">Releasing special key TAB.</msg>
<status status="PASS" starttime="20231129 10:01:30.684" endtime="20231129 10:01:30.793"/>
</kw>
<kw name="Sleep" library="BuiltIn">
<arg>0.5s</arg>
<doc>Pauses the test executed for the given time.</doc>
<msg timestamp="20231129 10:01:31.293" level="INFO">Slept 500 milliseconds</msg>
<status status="PASS" starttime="20231129 10:01:30.793" endtime="20231129 10:01:31.293"/>
</kw>
<kw name="Press Keys" library="SeleniumLibrary">
<arg>None</arg>
<arg>ENTER</arg>
<doc>Simulates the user pressing key(s) to an element or on the active browser.</doc>
<msg timestamp="20231129 10:01:31.293" level="INFO">Sending key(s) ('ENTER',) to page.</msg>
<msg timestamp="20231129 10:01:31.293" level="INFO">Pressing special key ENTER to browser.</msg>
<msg timestamp="20231129 10:01:31.293" level="INFO">Releasing special key ENTER.</msg>
<status status="PASS" starttime="20231129 10:01:31.293" endtime="20231129 10:01:31.400"/>
</kw>
<status status="PASS" starttime="20231129 10:01:30.684" endtime="20231129 10:01:31.400"/>
</kw>
<status status="PASS" starttime="20231129 10:01:28.059" endtime="20231129 10:01:31.400"/>
</kw>
<kw name="Sleep" library="BuiltIn">
<arg>2s</arg>
<doc>Pauses the test executed for the given time.</doc>
<msg timestamp="20231129 10:01:33.400" level="INFO">Slept 2 seconds</msg>
<status status="PASS" starttime="20231129 10:01:31.400" endtime="20231129 10:01:33.400"/>
</kw>
<kw name="Capture Page Screenshot" library="SeleniumLibrary">
<doc>Takes a screenshot of the current page and embeds it into a log file.</doc>
<msg timestamp="20231129 10:01:33.668" level="INFO" html="true">&lt;/td&gt;&lt;/tr&gt;&lt;tr&gt;&lt;td colspan="3"&gt;&lt;a href="selenium-screenshot-2.png"&gt;&lt;img src="selenium-screenshot-2.png" width="800px"&gt;&lt;/a&gt;</msg>
<status status="PASS" starttime="20231129 10:01:33.400" endtime="20231129 10:01:33.668"/>
</kw>
<kw name="Close Browser" library="SeleniumLibrary" type="TEARDOWN">
<doc>Closes the current browser.</doc>
<status status="PASS" starttime="20231129 10:01:33.668" endtime="20231129 10:01:35.816"/>
</kw>
<doc>SC01 - View Profile Saya</doc>
<tag>TC02 - Update Password</tag>
<status status="PASS" starttime="20231129 10:01:13.019" endtime="20231129 10:01:35.816"/>
</test>
<doc>SC01 - View Profile Saya</doc>
<status status="PASS" starttime="20231129 10:00:53.069" endtime="20231129 10:01:35.817"/>
</suite>
<statistics>
<total>
<stat pass="2" fail="0" skip="0">All Tests</stat>
</total>
<tag>
<stat pass="1" fail="0" skip="0">TC01 - View Data Profile</stat>
<stat pass="1" fail="0" skip="0">TC02 - Update Password</stat>
</tag>
<suite>
<stat pass="2" fail="0" skip="0" id="s1" name="SC01 - View Profile Saya">SC01 - View Profile Saya</stat>
</suite>
</statistics>
<errors>
</errors>
</robot>
