<?xml version="1.0" encoding="UTF-8"?>
<robot generator="Robot 6.0.2 (Python 3.11.2 on win32)" generated="20231129 11:13:03.729" rpa="false" schemaversion="3">
<suite id="s1" name="SC04 - Validasi Field Forgot Password" source="C:\Users\Rian C\PycharmProjects\Sicantik-V2\tests\Pemohon\R01 - Authentication\SC04 - Validasi Field Forgot Password\SC04 - Validasi Field Forgot Password.robot">
<test id="s1-t1" name="TC01 - Validasi field dengan menginput username" line="7">
<kw name="Open Browser Website" library="login">
<kw name="Open Browser" library="SeleniumLibrary">
<arg>${LOGIN URL}</arg>
<arg>${BROWSER}</arg>
<arg>options=add_argument("--incognito")</arg>
<doc>Opens a new browser instance to the optional ``url``.</doc>
<msg timestamp="20231129 11:13:03.899" level="INFO">Opening browser 'Chrome' to base url 'https://uji.sicantik.go.id/sign-in'.</msg>
<status status="PASS" starttime="20231129 11:13:03.899" endtime="20231129 11:13:07.289"/>
</kw>
<kw name="Maximize Browser Window" library="SeleniumLibrary">
<doc>Maximizes current browser window.</doc>
<status status="PASS" starttime="20231129 11:13:07.289" endtime="20231129 11:13:07.408"/>
</kw>
<kw name="Wait Until Page Contains" library="SeleniumLibrary">
<arg>Username</arg>
<doc>Waits until ``text`` appears on the current page.</doc>
<status status="PASS" starttime="20231129 11:13:07.408" endtime="20231129 11:13:07.417"/>
</kw>
<kw name="Set Selenium Speed" library="SeleniumLibrary">
<arg>${SPEED}</arg>
<doc>Sets the delay that is waited after each Selenium command.</doc>
<status status="PASS" starttime="20231129 11:13:07.417" endtime="20231129 11:13:07.417"/>
</kw>
<status status="PASS" starttime="20231129 11:13:03.899" endtime="20231129 11:13:07.417"/>
</kw>
<kw name="Lupa Kata Sandi" library="login">
<kw name="Go To" library="SeleniumLibrary">
<arg>https://uji.sicantik.go.id/forgot</arg>
<doc>Navigates the current browser window to the provided ``url``.</doc>
<msg timestamp="20231129 11:13:07.418" level="INFO">Opening url 'https://uji.sicantik.go.id/forgot'</msg>
<status status="PASS" starttime="20231129 11:13:07.418" endtime="20231129 11:13:07.916"/>
</kw>
<kw name="Wait Until Page Contains" library="SeleniumLibrary">
<arg>LUPA KATA SANDI</arg>
<doc>Waits until ``text`` appears on the current page.</doc>
<status status="PASS" starttime="20231129 11:13:07.916" endtime="20231129 11:13:08.026"/>
</kw>
<status status="PASS" starttime="20231129 11:13:07.418" endtime="20231129 11:13:08.026"/>
</kw>
<kw name="Input Username Lupa Kata Sandi" library="login">
<arg>cahyadirian</arg>
<kw name="Input Text" library="SeleniumLibrary">
<arg>name:email</arg>
<arg>${email}</arg>
<doc>Types the given ``text`` into the text field identified by ``locator``.</doc>
<msg timestamp="20231129 11:13:08.027" level="INFO">Typing text 'cahyadirian' into text field 'name:email'.</msg>
<status status="PASS" starttime="20231129 11:13:08.027" endtime="20231129 11:13:08.401"/>
</kw>
<status status="PASS" starttime="20231129 11:13:08.026" endtime="20231129 11:13:08.401"/>
</kw>
<kw name="Click Btn Reset" library="login">
<kw name="Wait Until Element Is Visible" library="SeleniumLibrary">
<arg>//*[@class="btn btn-primary"]</arg>
<doc>Waits until the element ``locator`` is visible.</doc>
<status status="PASS" starttime="20231129 11:13:08.401" endtime="20231129 11:13:08.624"/>
</kw>
<kw name="Click Button" library="SeleniumLibrary">
<arg>//*[@class="btn btn-primary"]</arg>
<doc>Clicks the button identified by ``locator``.</doc>
<msg timestamp="20231129 11:13:08.624" level="INFO">Clicking button '//*[@class="btn btn-primary"]'.</msg>
<status status="PASS" starttime="20231129 11:13:08.624" endtime="20231129 11:13:09.179"/>
</kw>
<kw name="Sleep" library="BuiltIn">
<arg>4s</arg>
<doc>Pauses the test executed for the given time.</doc>
<msg timestamp="20231129 11:13:13.179" level="INFO">Slept 4 seconds</msg>
<status status="PASS" starttime="20231129 11:13:09.179" endtime="20231129 11:13:13.179"/>
</kw>
<status status="PASS" starttime="20231129 11:13:08.401" endtime="20231129 11:13:13.179"/>
</kw>
<kw name="Sleep" library="BuiltIn">
<arg>1s</arg>
<doc>Pauses the test executed for the given time.</doc>
<msg timestamp="20231129 11:13:14.179" level="INFO">Slept 1 second</msg>
<status status="PASS" starttime="20231129 11:13:13.179" endtime="20231129 11:13:14.179"/>
</kw>
<kw name="Capture Page Screenshot" library="SeleniumLibrary">
<doc>Takes a screenshot of the current page and embeds it into a log file.</doc>
<msg timestamp="20231129 11:13:14.581" level="INFO" html="true">&lt;/td&gt;&lt;/tr&gt;&lt;tr&gt;&lt;td colspan="3"&gt;&lt;a href="selenium-screenshot-1.png"&gt;&lt;img src="selenium-screenshot-1.png" width="800px"&gt;&lt;/a&gt;</msg>
<status status="PASS" starttime="20231129 11:13:14.179" endtime="20231129 11:13:14.581"/>
</kw>
<kw name="Close Browser" library="SeleniumLibrary" type="TEARDOWN">
<doc>Closes the current browser.</doc>
<status status="PASS" starttime="20231129 11:13:14.582" endtime="20231129 11:13:16.732"/>
</kw>
<doc>SC04- Validasi Field Forgot Password</doc>
<tag>TC01 - Validasi field dengan menginput username</tag>
<status status="PASS" starttime="20231129 11:13:03.898" endtime="20231129 11:13:16.732"/>
</test>
<test id="s1-t2" name="TC02 - Validasi field dengan menginput email" line="18">
<kw name="Open Browser Website" library="login">
<kw name="Open Browser" library="SeleniumLibrary">
<arg>${LOGIN URL}</arg>
<arg>${BROWSER}</arg>
<arg>options=add_argument("--incognito")</arg>
<doc>Opens a new browser instance to the optional ``url``.</doc>
<msg timestamp="20231129 11:13:16.734" level="INFO">Opening browser 'Chrome' to base url 'https://uji.sicantik.go.id/sign-in'.</msg>
<status status="PASS" starttime="20231129 11:13:16.733" endtime="20231129 11:13:20.661"/>
</kw>
<kw name="Maximize Browser Window" library="SeleniumLibrary">
<doc>Maximizes current browser window.</doc>
<status status="PASS" starttime="20231129 11:13:20.661" endtime="20231129 11:13:20.883"/>
</kw>
<kw name="Wait Until Page Contains" library="SeleniumLibrary">
<arg>Username</arg>
<doc>Waits until ``text`` appears on the current page.</doc>
<status status="PASS" starttime="20231129 11:13:20.883" endtime="20231129 11:13:20.994"/>
</kw>
<kw name="Set Selenium Speed" library="SeleniumLibrary">
<arg>${SPEED}</arg>
<doc>Sets the delay that is waited after each Selenium command.</doc>
<status status="PASS" starttime="20231129 11:13:20.994" endtime="20231129 11:13:20.994"/>
</kw>
<status status="PASS" starttime="20231129 11:13:16.733" endtime="20231129 11:13:20.994"/>
</kw>
<kw name="Lupa Kata Sandi" library="login">
<kw name="Go To" library="SeleniumLibrary">
<arg>https://uji.sicantik.go.id/forgot</arg>
<doc>Navigates the current browser window to the provided ``url``.</doc>
<msg timestamp="20231129 11:13:20.995" level="INFO">Opening url 'https://uji.sicantik.go.id/forgot'</msg>
<status status="PASS" starttime="20231129 11:13:20.995" endtime="20231129 11:13:21.593"/>
</kw>
<kw name="Wait Until Page Contains" library="SeleniumLibrary">
<arg>LUPA KATA SANDI</arg>
<doc>Waits until ``text`` appears on the current page.</doc>
<status status="PASS" starttime="20231129 11:13:21.593" endtime="20231129 11:13:21.704"/>
</kw>
<status status="PASS" starttime="20231129 11:13:20.994" endtime="20231129 11:13:21.704"/>
</kw>
<kw name="Input Username Lupa Kata Sandi" library="login">
<arg>demo@mailinator.com</arg>
<kw name="Input Text" library="SeleniumLibrary">
<arg>name:email</arg>
<arg>${email}</arg>
<doc>Types the given ``text`` into the text field identified by ``locator``.</doc>
<msg timestamp="20231129 11:13:21.705" level="INFO">Typing text 'demo@mailinator.com' into text field 'name:email'.</msg>
<status status="PASS" starttime="20231129 11:13:21.705" endtime="20231129 11:13:22.091"/>
</kw>
<status status="PASS" starttime="20231129 11:13:21.704" endtime="20231129 11:13:22.091"/>
</kw>
<kw name="Click Btn Reset" library="login">
<kw name="Wait Until Element Is Visible" library="SeleniumLibrary">
<arg>//*[@class="btn btn-primary"]</arg>
<doc>Waits until the element ``locator`` is visible.</doc>
<status status="PASS" starttime="20231129 11:13:22.091" endtime="20231129 11:13:22.312"/>
</kw>
<kw name="Click Button" library="SeleniumLibrary">
<arg>//*[@class="btn btn-primary"]</arg>
<doc>Clicks the button identified by ``locator``.</doc>
<msg timestamp="20231129 11:13:22.312" level="INFO">Clicking button '//*[@class="btn btn-primary"]'.</msg>
<status status="PASS" starttime="20231129 11:13:22.312" endtime="20231129 11:13:22.866"/>
</kw>
<kw name="Sleep" library="BuiltIn">
<arg>4s</arg>
<doc>Pauses the test executed for the given time.</doc>
<msg timestamp="20231129 11:13:26.866" level="INFO">Slept 4 seconds</msg>
<status status="PASS" starttime="20231129 11:13:22.866" endtime="20231129 11:13:26.866"/>
</kw>
<status status="PASS" starttime="20231129 11:13:22.091" endtime="20231129 11:13:26.866"/>
</kw>
<kw name="Sleep" library="BuiltIn">
<arg>1s</arg>
<doc>Pauses the test executed for the given time.</doc>
<msg timestamp="20231129 11:13:27.867" level="INFO">Slept 1 second</msg>
<status status="PASS" starttime="20231129 11:13:26.866" endtime="20231129 11:13:27.867"/>
</kw>
<kw name="Capture Page Screenshot" library="SeleniumLibrary">
<doc>Takes a screenshot of the current page and embeds it into a log file.</doc>
<msg timestamp="20231129 11:13:28.183" level="INFO" html="true">&lt;/td&gt;&lt;/tr&gt;&lt;tr&gt;&lt;td colspan="3"&gt;&lt;a href="selenium-screenshot-2.png"&gt;&lt;img src="selenium-screenshot-2.png" width="800px"&gt;&lt;/a&gt;</msg>
<status status="PASS" starttime="20231129 11:13:27.867" endtime="20231129 11:13:28.183"/>
</kw>
<kw name="Close Browser" library="SeleniumLibrary" type="TEARDOWN">
<doc>Closes the current browser.</doc>
<status status="PASS" starttime="20231129 11:13:28.184" endtime="20231129 11:13:30.327"/>
</kw>
<doc>SC04- Validasi Field Forgot Password</doc>
<tag>TC02 - Validasi field dengan menginput email</tag>
<status status="PASS" starttime="20231129 11:13:16.733" endtime="20231129 11:13:30.327"/>
</test>
<doc>SC04 - Validasi Field Forgot Password</doc>
<status status="PASS" starttime="20231129 11:13:03.730" endtime="20231129 11:13:30.328"/>
</suite>
<statistics>
<total>
<stat pass="2" fail="0" skip="0">All Tests</stat>
</total>
<tag>
<stat pass="1" fail="0" skip="0">TC01 - Validasi field dengan menginput username</stat>
<stat pass="1" fail="0" skip="0">TC02 - Validasi field dengan menginput email</stat>
</tag>
<suite>
<stat pass="2" fail="0" skip="0" id="s1" name="SC04 - Validasi Field Forgot Password">SC04 - Validasi Field Forgot Password</stat>
</suite>
</statistics>
<errors>
</errors>
</robot>
