<?xml version="1.0" encoding="UTF-8"?>
<robot generator="Robot 6.1.1 (Python 3.12.0 on win32)" generated="20231126 11:54:46.379" rpa="false" schemaversion="4">
<suite id="s1" name="SC03 - Edit Data Struktur Instansi" source="C:\Users\ReiKa\PycharmProjects\Sicantik\tests\R07 - Struktur Instansi\Admin Instansi\SC03 - Edit Data Struktur Instansi\SC03 - Edit Data Struktur Instansi.robot">
<test id="s1-t1" name="TC01 - Edit Data Struktur Instansi" line="8">
<kw name="Open Browser Website" library="login">
<kw name="Open Browser" library="SeleniumLibrary">
<arg>${LOGIN URL}</arg>
<arg>${BROWSER}</arg>
<arg>options=add_argument("--incognito")</arg>
<doc>Opens a new browser instance to the optional ``url``.</doc>
<msg timestamp="20231126 11:54:46.549" level="INFO">Opening browser 'Chrome' to base url 'https://uji.sicantik.go.id/sign-in'.</msg>
<status status="PASS" starttime="20231126 11:54:46.549" endtime="20231126 11:54:50.063"/>
</kw>
<kw name="Maximize Browser Window" library="SeleniumLibrary">
<doc>Maximizes current browser window.</doc>
<status status="PASS" starttime="20231126 11:54:50.063" endtime="20231126 11:54:50.183"/>
</kw>
<kw name="Wait Until Page Contains" library="SeleniumLibrary">
<arg>Username</arg>
<doc>Waits until ``text`` appears on the current page.</doc>
<status status="PASS" starttime="20231126 11:54:50.183" endtime="20231126 11:54:50.192"/>
</kw>
<kw name="Set Selenium Speed" library="SeleniumLibrary">
<arg>${SPEED}</arg>
<doc>Sets the delay that is waited after each Selenium command.</doc>
<status status="PASS" starttime="20231126 11:54:50.192" endtime="20231126 11:54:50.193"/>
</kw>
<status status="PASS" starttime="20231126 11:54:46.549" endtime="20231126 11:54:50.193"/>
</kw>
<kw name="Login Admin Instansi" library="login">
<kw name="Input Username" library="login">
<arg>demo</arg>
<kw name="Input Text" library="SeleniumLibrary">
<arg>username</arg>
<arg>${username}</arg>
<doc>Types the given ``text`` into the text field identified by ``locator``.</doc>
<msg timestamp="20231126 11:54:50.194" level="INFO">Typing text 'demo' into text field 'username'.</msg>
<status status="PASS" starttime="20231126 11:54:50.193" endtime="20231126 11:54:50.555"/>
</kw>
<status status="PASS" starttime="20231126 11:54:50.193" endtime="20231126 11:54:50.555"/>
</kw>
<kw name="Input Password" library="login">
<arg>Demo789*@#</arg>
<kw name="Input Text" library="SeleniumLibrary">
<arg>password</arg>
<arg>${password}</arg>
<doc>Types the given ``text`` into the text field identified by ``locator``.</doc>
<msg timestamp="20231126 11:54:50.556" level="INFO">Typing text 'Demo789*@#' into text field 'password'.</msg>
<status status="PASS" starttime="20231126 11:54:50.556" endtime="20231126 11:54:50.908"/>
</kw>
<status status="PASS" starttime="20231126 11:54:50.555" endtime="20231126 11:54:50.908"/>
</kw>
<kw name="Submit Credentials" library="login">
<kw name="Click Button" library="SeleniumLibrary">
<arg>kt_sign_in_submit</arg>
<doc>Clicks the button identified by ``locator``.</doc>
<msg timestamp="20231126 11:54:50.908" level="INFO">Clicking button 'kt_sign_in_submit'.</msg>
<status status="PASS" starttime="20231126 11:54:50.908" endtime="20231126 11:54:51.349"/>
</kw>
<kw name="Sleep" library="BuiltIn">
<arg>5s</arg>
<doc>Pauses the test executed for the given time.</doc>
<msg timestamp="20231126 11:54:56.349" level="INFO">Slept 5 seconds</msg>
<status status="PASS" starttime="20231126 11:54:51.349" endtime="20231126 11:54:56.349"/>
</kw>
<status status="PASS" starttime="20231126 11:54:50.908" endtime="20231126 11:54:56.349"/>
</kw>
<kw name="Sleep" library="BuiltIn">
<arg>2s</arg>
<doc>Pauses the test executed for the given time.</doc>
<msg timestamp="20231126 11:54:58.350" level="INFO">Slept 2 seconds</msg>
<status status="PASS" starttime="20231126 11:54:56.349" endtime="20231126 11:54:58.350"/>
</kw>
<status status="PASS" starttime="20231126 11:54:50.193" endtime="20231126 11:54:58.350"/>
</kw>
<kw name="Move To Struktur Instansi" library="struktur_instansi">
<kw name="Go To" library="SeleniumLibrary">
<arg>https://uji.sicantik.go.id/unit</arg>
<doc>Navigates the current browser window to the provided ``url``.</doc>
<msg timestamp="20231126 11:54:58.350" level="INFO">Opening url 'https://uji.sicantik.go.id/unit'</msg>
<status status="PASS" starttime="20231126 11:54:58.350" endtime="20231126 11:54:58.759"/>
</kw>
<kw name="Wait Until Page Contains" library="SeleniumLibrary">
<arg>Struktur Instansi</arg>
<doc>Waits until ``text`` appears on the current page.</doc>
<status status="PASS" starttime="20231126 11:54:58.759" endtime="20231126 11:54:58.869"/>
</kw>
<kw name="Sleep" library="BuiltIn">
<arg>2s</arg>
<doc>Pauses the test executed for the given time.</doc>
<msg timestamp="20231126 11:55:00.869" level="INFO">Slept 2 seconds</msg>
<status status="PASS" starttime="20231126 11:54:58.869" endtime="20231126 11:55:00.869"/>
</kw>
<status status="PASS" starttime="20231126 11:54:58.350" endtime="20231126 11:55:00.869"/>
</kw>
<kw name="Search" library="struktur_instansi">
<arg>namaInstansiRian</arg>
<kw name="Input Text" library="SeleniumLibrary">
<arg>id:kt_filter_search</arg>
<arg>${search}</arg>
<doc>Types the given ``text`` into the text field identified by ``locator``.</doc>
<msg timestamp="20231126 11:55:00.869" level="INFO">Typing text 'namaInstansiRian' into text field 'id:kt_filter_search'.</msg>
<status status="PASS" starttime="20231126 11:55:00.869" endtime="20231126 11:55:01.254"/>
</kw>
<kw name="Sleep" library="BuiltIn">
<arg>2s</arg>
<doc>Pauses the test executed for the given time.</doc>
<msg timestamp="20231126 11:55:03.255" level="INFO">Slept 2 seconds</msg>
<status status="PASS" starttime="20231126 11:55:01.254" endtime="20231126 11:55:03.255"/>
</kw>
<status status="PASS" starttime="20231126 11:55:00.869" endtime="20231126 11:55:03.255"/>
</kw>
<kw name="Click Element" library="SeleniumLibrary">
<arg>xpath:/html/body/div[1]/div[2]/div[2]/div[2]/div/div/div[1]/div/div[2]/div/div/div/div[2]/div[1]/div[2]/button[1]</arg>
<doc>Click the element identified by ``locator``.</doc>
<msg timestamp="20231126 11:55:03.256" level="INFO">Clicking element 'xpath:/html/body/div[1]/div[2]/div[2]/div[2]/div/div/div[1]/div/div[2]/div/div/div/div[2]/div[1]/div[2]/button[1]'.</msg>
<status status="PASS" starttime="20231126 11:55:03.255" endtime="20231126 11:55:03.512"/>
</kw>
<kw name="Input Nama Instansi" library="struktur_instansi">
<arg>namaInstansiRianTiga</arg>
<kw name="Wait Until Element Is Visible" library="SeleniumLibrary">
<arg>name:nama</arg>
<doc>Waits until the element ``locator`` is visible.</doc>
<status status="PASS" starttime="20231126 11:55:03.512" endtime="20231126 11:55:08.259"/>
</kw>
<kw name="Clear Element Text" library="SeleniumLibrary">
<arg>name:nama</arg>
<doc>Clears the value of the text-input-element identified by ``locator``.</doc>
<status status="PASS" starttime="20231126 11:55:08.259" endtime="20231126 11:55:08.482"/>
</kw>
<kw name="Input Text" library="SeleniumLibrary">
<arg>name:nama</arg>
<arg>${namaInstansi}</arg>
<doc>Types the given ``text`` into the text field identified by ``locator``.</doc>
<msg timestamp="20231126 11:55:08.482" level="INFO">Typing text 'namaInstansiRianTiga' into text field 'name:nama'.</msg>
<status status="PASS" starttime="20231126 11:55:08.482" endtime="20231126 11:55:08.868"/>
</kw>
<status status="PASS" starttime="20231126 11:55:03.512" endtime="20231126 11:55:08.868"/>
</kw>
<kw name="Input Kode Instansi" library="struktur_instansi">
<arg>KI003</arg>
<kw name="Wait Until Element Is Visible" library="SeleniumLibrary">
<arg>//*[@placeholder="Masukan Kode Instansi"]</arg>
<doc>Waits until the element ``locator`` is visible.</doc>
<status status="PASS" starttime="20231126 11:55:08.869" endtime="20231126 11:55:09.088"/>
</kw>
<kw name="Clear Element Text" library="SeleniumLibrary">
<arg>//*[@placeholder="Masukan Kode Instansi"]</arg>
<doc>Clears the value of the text-input-element identified by ``locator``.</doc>
<status status="PASS" starttime="20231126 11:55:09.088" endtime="20231126 11:55:09.313"/>
</kw>
<kw name="Input Text" library="SeleniumLibrary">
<arg>//*[@placeholder="Masukan Kode Instansi"]</arg>
<arg>${kodeInstansi}</arg>
<doc>Types the given ``text`` into the text field identified by ``locator``.</doc>
<msg timestamp="20231126 11:55:09.313" level="INFO">Typing text 'KI003' into text field '//*[@placeholder="Masukan Kode Instansi"]'.</msg>
<status status="PASS" starttime="20231126 11:55:09.313" endtime="20231126 11:55:09.668"/>
</kw>
<status status="PASS" starttime="20231126 11:55:08.868" endtime="20231126 11:55:09.668"/>
</kw>
<kw name="Input WS Url" library="struktur_instansi">
<arg>https://www.facebook.com/</arg>
<kw name="Wait Until Element Is Visible" library="SeleniumLibrary">
<arg>//*[@placeholder="Silahkan MAsukan WS URL"]</arg>
<doc>Waits until the element ``locator`` is visible.</doc>
<status status="PASS" starttime="20231126 11:55:09.668" endtime="20231126 11:55:09.883"/>
</kw>
<kw name="Clear Element Text" library="SeleniumLibrary">
<arg>//*[@placeholder="Silahkan MAsukan WS URL"]</arg>
<doc>Clears the value of the text-input-element identified by ``locator``.</doc>
<status status="PASS" starttime="20231126 11:55:09.883" endtime="20231126 11:55:10.105"/>
</kw>
<kw name="Input Text" library="SeleniumLibrary">
<arg>//*[@placeholder="Silahkan MAsukan WS URL"]</arg>
<arg>${wsUrl}</arg>
<doc>Types the given ``text`` into the text field identified by ``locator``.</doc>
<msg timestamp="20231126 11:55:10.105" level="INFO">Typing text 'https://www.facebook.com/' into text field '//*[@placeholder="Silahkan MAsukan WS URL"]'.</msg>
<status status="PASS" starttime="20231126 11:55:10.105" endtime="20231126 11:55:10.489"/>
</kw>
<status status="PASS" starttime="20231126 11:55:09.668" endtime="20231126 11:55:10.489"/>
</kw>
<kw name="Capture Page Screenshot" library="SeleniumLibrary">
<doc>Takes a screenshot of the current page and embeds it into a log file.</doc>
<msg timestamp="20231126 11:55:10.714" level="INFO" html="true">&lt;/td&gt;&lt;/tr&gt;&lt;tr&gt;&lt;td colspan="3"&gt;&lt;a href="selenium-screenshot-3.png"&gt;&lt;img src="selenium-screenshot-3.png" width="800px"&gt;&lt;/a&gt;</msg>
<status status="PASS" starttime="20231126 11:55:10.489" endtime="20231126 11:55:10.714"/>
</kw>
<kw name="Sleep" library="BuiltIn">
<arg>5s</arg>
<doc>Pauses the test executed for the given time.</doc>
<msg timestamp="20231126 11:55:15.714" level="INFO">Slept 5 seconds</msg>
<status status="PASS" starttime="20231126 11:55:10.714" endtime="20231126 11:55:15.714"/>
</kw>
<kw name="Capture Page Screenshot" library="SeleniumLibrary">
<doc>Takes a screenshot of the current page and embeds it into a log file.</doc>
<msg timestamp="20231126 11:55:15.937" level="INFO" html="true">&lt;/td&gt;&lt;/tr&gt;&lt;tr&gt;&lt;td colspan="3"&gt;&lt;a href="selenium-screenshot-4.png"&gt;&lt;img src="selenium-screenshot-4.png" width="800px"&gt;&lt;/a&gt;</msg>
<status status="PASS" starttime="20231126 11:55:15.714" endtime="20231126 11:55:15.937"/>
</kw>
<kw name="Close Browser" library="SeleniumLibrary" type="TEARDOWN">
<doc>Closes the current browser.</doc>
<status status="PASS" starttime="20231126 11:55:15.937" endtime="20231126 11:55:18.097"/>
</kw>
<doc>SC03 - Edit Data Struktur Instansi</doc>
<tag>TC01 - Edit Data Struktur Instansi</tag>
<status status="PASS" starttime="20231126 11:54:46.549" endtime="20231126 11:55:18.097"/>
</test>
<doc>SC03 - Edit Data Struktur Instansi</doc>
<status status="PASS" starttime="20231126 11:54:46.395" endtime="20231126 11:55:18.097"/>
</suite>
<statistics>
<total>
<stat pass="1" fail="0" skip="0">All Tests</stat>
</total>
<tag>
<stat pass="1" fail="0" skip="0">TC01 - Edit Data Struktur Instansi</stat>
</tag>
<suite>
<stat pass="1" fail="0" skip="0" id="s1" name="SC03 - Edit Data Struktur Instansi">SC03 - Edit Data Struktur Instansi</stat>
</suite>
</statistics>
<errors>
</errors>
</robot>
