<?xml version="1.0" encoding="UTF-8"?>
<robot generator="Robot 6.0.2 (Python 3.11.2 on win32)" generated="20231128 12:48:52.347" rpa="false" schemaversion="3">
<suite id="s1" name="SC04 - Duplicate Template Form" source="C:\Users\Rian C\PycharmProjects\Sicantik-V2\tests\R23 - Template Form\Admin Instansi\SC04 - Duplicate Template Form\SC04 - Duplicate Template Form.robot">
<test id="s1-t1" name="TC01 - Duplicate Template Form" line="12">
<kw name="Open Browser Website" library="login">
<kw name="Open Browser" library="SeleniumLibrary">
<arg>${LOGIN URL}</arg>
<arg>${BROWSER}</arg>
<arg>options=add_argument("--incognito")</arg>
<doc>Opens a new browser instance to the optional ``url``.</doc>
<msg timestamp="20231128 12:48:52.530" level="INFO">Opening browser 'Chrome' to base url 'https://uji.sicantik.go.id/sign-in'.</msg>
<status status="PASS" starttime="20231128 12:48:52.529" endtime="20231128 12:48:57.342"/>
</kw>
<kw name="Maximize Browser Window" library="SeleniumLibrary">
<doc>Maximizes current browser window.</doc>
<status status="PASS" starttime="20231128 12:48:57.343" endtime="20231128 12:48:57.457"/>
</kw>
<kw name="Wait Until Page Contains" library="SeleniumLibrary">
<arg>Username</arg>
<doc>Waits until ``text`` appears on the current page.</doc>
<status status="PASS" starttime="20231128 12:48:57.457" endtime="20231128 12:48:57.466"/>
</kw>
<kw name="Set Selenium Speed" library="SeleniumLibrary">
<arg>${SPEED}</arg>
<doc>Sets the delay that is waited after each Selenium command.</doc>
<status status="PASS" starttime="20231128 12:48:57.467" endtime="20231128 12:48:57.467"/>
</kw>
<status status="PASS" starttime="20231128 12:48:52.529" endtime="20231128 12:48:57.467"/>
</kw>
<kw name="Login Admin Instansi" library="login">
<kw name="Input Username" library="login">
<arg>demo</arg>
<kw name="Input Text" library="SeleniumLibrary">
<arg>username</arg>
<arg>${username}</arg>
<doc>Types the given ``text`` into the text field identified by ``locator``.</doc>
<msg timestamp="20231128 12:48:57.468" level="INFO">Typing text 'demo' into text field 'username'.</msg>
<status status="PASS" starttime="20231128 12:48:57.468" endtime="20231128 12:48:58.151"/>
</kw>
<status status="PASS" starttime="20231128 12:48:57.467" endtime="20231128 12:48:58.151"/>
</kw>
<kw name="Input Password" library="login">
<arg>Demo789*@#</arg>
<kw name="Input Text" library="SeleniumLibrary">
<arg>password</arg>
<arg>${password}</arg>
<doc>Types the given ``text`` into the text field identified by ``locator``.</doc>
<msg timestamp="20231128 12:48:58.151" level="INFO">Typing text 'Demo789*@#' into text field 'password'.</msg>
<status status="PASS" starttime="20231128 12:48:58.151" endtime="20231128 12:48:58.822"/>
</kw>
<status status="PASS" starttime="20231128 12:48:58.151" endtime="20231128 12:48:58.822"/>
</kw>
<kw name="Submit Credentials" library="login">
<kw name="Click Button" library="SeleniumLibrary">
<arg>kt_sign_in_submit</arg>
<doc>Clicks the button identified by ``locator``.</doc>
<msg timestamp="20231128 12:48:58.822" level="INFO">Clicking button 'kt_sign_in_submit'.</msg>
<status status="PASS" starttime="20231128 12:48:58.822" endtime="20231128 12:48:59.678"/>
</kw>
<kw name="Sleep" library="BuiltIn">
<arg>5s</arg>
<doc>Pauses the test executed for the given time.</doc>
<msg timestamp="20231128 12:49:04.678" level="INFO">Slept 5 seconds</msg>
<status status="PASS" starttime="20231128 12:48:59.678" endtime="20231128 12:49:04.678"/>
</kw>
<status status="PASS" starttime="20231128 12:48:58.822" endtime="20231128 12:49:04.678"/>
</kw>
<status status="PASS" starttime="20231128 12:48:57.467" endtime="20231128 12:49:04.678"/>
</kw>
<kw name="Move To Template Form" library="template_form">
<kw name="Go To" library="SeleniumLibrary">
<arg>https://uji.sicantik.go.id/template-form</arg>
<doc>Navigates the current browser window to the provided ``url``.</doc>
<msg timestamp="20231128 12:49:04.679" level="INFO">Opening url 'https://uji.sicantik.go.id/template-form'</msg>
<status status="PASS" starttime="20231128 12:49:04.679" endtime="20231128 12:49:05.210"/>
</kw>
<kw name="Wait Until Page Contains" library="SeleniumLibrary">
<arg>Daftar Template Form</arg>
<doc>Waits until ``text`` appears on the current page.</doc>
<status status="PASS" starttime="20231128 12:49:05.210" endtime="20231128 12:49:05.422"/>
</kw>
<kw name="Sleep" library="BuiltIn">
<arg>3s</arg>
<doc>Pauses the test executed for the given time.</doc>
<msg timestamp="20231128 12:49:08.422" level="INFO">Slept 3 seconds</msg>
<status status="PASS" starttime="20231128 12:49:05.422" endtime="20231128 12:49:08.422"/>
</kw>
<status status="PASS" starttime="20231128 12:49:04.678" endtime="20231128 12:49:08.422"/>
</kw>
<kw name="Duplicate Template Form" library="template_form">
<kw name="Click Element" library="SeleniumLibrary">
<arg>class:fa-file</arg>
<doc>Click the element identified by ``locator``.</doc>
<msg timestamp="20231128 12:49:08.423" level="INFO">Clicking element 'class:fa-file'.</msg>
<status status="PASS" starttime="20231128 12:49:08.422" endtime="20231128 12:49:08.872"/>
</kw>
<kw name="Wait Until Element Is Visible" library="SeleniumLibrary">
<arg>xpath://*[@id="kt_body"]/div[4]/div/div[3]/button[1]</arg>
<doc>Waits until the element ``locator`` is visible.</doc>
<status status="PASS" starttime="20231128 12:49:08.872" endtime="20231128 12:49:09.292"/>
</kw>
<kw name="Click Element" library="SeleniumLibrary">
<arg>xpath://*[@id="kt_body"]/div[4]/div/div[3]/button[1]</arg>
<doc>Click the element identified by ``locator``.</doc>
<msg timestamp="20231128 12:49:09.292" level="INFO">Clicking element 'xpath://*[@id="kt_body"]/div[4]/div/div[3]/button[1]'.</msg>
<status status="PASS" starttime="20231128 12:49:09.292" endtime="20231128 12:49:09.728"/>
</kw>
<kw name="Sleep" library="BuiltIn">
<arg>2s</arg>
<doc>Pauses the test executed for the given time.</doc>
<msg timestamp="20231128 12:49:11.728" level="INFO">Slept 2 seconds</msg>
<status status="PASS" starttime="20231128 12:49:09.728" endtime="20231128 12:49:11.728"/>
</kw>
<status status="PASS" starttime="20231128 12:49:08.422" endtime="20231128 12:49:11.728"/>
</kw>
<kw name="Capture Page Screenshot" library="SeleniumLibrary">
<doc>Takes a screenshot of the current page and embeds it into a log file.</doc>
<msg timestamp="20231128 12:49:12.084" level="INFO" html="true">&lt;/td&gt;&lt;/tr&gt;&lt;tr&gt;&lt;td colspan="3"&gt;&lt;a href="selenium-screenshot-1.png"&gt;&lt;img src="selenium-screenshot-1.png" width="800px"&gt;&lt;/a&gt;</msg>
<status status="PASS" starttime="20231128 12:49:11.728" endtime="20231128 12:49:12.084"/>
</kw>
<doc>SC04 - Duplicate Template Form</doc>
<tag>TC01 - Duplicate Template Form</tag>
<status status="PASS" starttime="20231128 12:48:52.528" endtime="20231128 12:49:12.085"/>
</test>
<doc>Simple example using SeleniumLibrary.</doc>
<status status="PASS" starttime="20231128 12:48:52.348" endtime="20231128 12:49:12.085"/>
</suite>
<statistics>
<total>
<stat pass="1" fail="0" skip="0">All Tests</stat>
</total>
<tag>
<stat pass="1" fail="0" skip="0">TC01 - Duplicate Template Form</stat>
</tag>
<suite>
<stat pass="1" fail="0" skip="0" id="s1" name="SC04 - Duplicate Template Form">SC04 - Duplicate Template Form</stat>
</suite>
</statistics>
<errors>
</errors>
</robot>
