<?xml version="1.0" encoding="UTF-8"?>
<robot generator="Robot 6.1.1 (Python 3.12.0 on win32)" generated="20231126 11:16:32.182" rpa="false" schemaversion="4">
<suite id="s1" name="SC04 - View Detail Data Desa" source="C:\Users\ReiKa\PycharmProjects\Sicantik\tests\R06 - Data Wilayah - Desa\Admin Instansi\SC04 - View Detail Data Desa\SC04 - View Detail Data Desa.robot">
<test id="s1-t1" name="TC01 - View Detail Data Desa" line="8">
<kw name="Open Browser Website" library="login">
<kw name="Open Browser" library="SeleniumLibrary">
<arg>${LOGIN URL}</arg>
<arg>${BROWSER}</arg>
<arg>options=add_argument("--incognito")</arg>
<doc>Opens a new browser instance to the optional ``url``.</doc>
<msg timestamp="20231126 11:16:32.338" level="INFO">Opening browser 'Chrome' to base url 'https://uji.sicantik.go.id/sign-in'.</msg>
<status status="PASS" starttime="20231126 11:16:32.338" endtime="20231126 11:16:35.595"/>
</kw>
<kw name="Maximize Browser Window" library="SeleniumLibrary">
<doc>Maximizes current browser window.</doc>
<status status="PASS" starttime="20231126 11:16:35.596" endtime="20231126 11:16:35.707"/>
</kw>
<kw name="Wait Until Page Contains" library="SeleniumLibrary">
<arg>Username</arg>
<doc>Waits until ``text`` appears on the current page.</doc>
<status status="PASS" starttime="20231126 11:16:35.707" endtime="20231126 11:16:35.717"/>
</kw>
<kw name="Set Selenium Speed" library="SeleniumLibrary">
<arg>${SPEED}</arg>
<doc>Sets the delay that is waited after each Selenium command.</doc>
<status status="PASS" starttime="20231126 11:16:35.717" endtime="20231126 11:16:35.717"/>
</kw>
<status status="PASS" starttime="20231126 11:16:32.338" endtime="20231126 11:16:35.717"/>
</kw>
<kw name="Login Admin Instansi" library="login">
<kw name="Input Username" library="login">
<arg>demo</arg>
<kw name="Input Text" library="SeleniumLibrary">
<arg>username</arg>
<arg>${username}</arg>
<doc>Types the given ``text`` into the text field identified by ``locator``.</doc>
<msg timestamp="20231126 11:16:35.718" level="INFO">Typing text 'demo' into text field 'username'.</msg>
<status status="PASS" starttime="20231126 11:16:35.718" endtime="20231126 11:16:36.078"/>
</kw>
<status status="PASS" starttime="20231126 11:16:35.718" endtime="20231126 11:16:36.078"/>
</kw>
<kw name="Input Password" library="login">
<arg>Demo789*@#</arg>
<kw name="Input Text" library="SeleniumLibrary">
<arg>password</arg>
<arg>${password}</arg>
<doc>Types the given ``text`` into the text field identified by ``locator``.</doc>
<msg timestamp="20231126 11:16:36.078" level="INFO">Typing text 'Demo789*@#' into text field 'password'.</msg>
<status status="PASS" starttime="20231126 11:16:36.078" endtime="20231126 11:16:36.432"/>
</kw>
<status status="PASS" starttime="20231126 11:16:36.078" endtime="20231126 11:16:36.432"/>
</kw>
<kw name="Submit Credentials" library="login">
<kw name="Click Button" library="SeleniumLibrary">
<arg>kt_sign_in_submit</arg>
<doc>Clicks the button identified by ``locator``.</doc>
<msg timestamp="20231126 11:16:36.432" level="INFO">Clicking button 'kt_sign_in_submit'.</msg>
<status status="PASS" starttime="20231126 11:16:36.432" endtime="20231126 11:16:36.872"/>
</kw>
<kw name="Sleep" library="BuiltIn">
<arg>5s</arg>
<doc>Pauses the test executed for the given time.</doc>
<msg timestamp="20231126 11:16:41.872" level="INFO">Slept 5 seconds</msg>
<status status="PASS" starttime="20231126 11:16:36.872" endtime="20231126 11:16:41.872"/>
</kw>
<status status="PASS" starttime="20231126 11:16:36.432" endtime="20231126 11:16:41.872"/>
</kw>
<kw name="Sleep" library="BuiltIn">
<arg>2s</arg>
<doc>Pauses the test executed for the given time.</doc>
<msg timestamp="20231126 11:16:43.872" level="INFO">Slept 2 seconds</msg>
<status status="PASS" starttime="20231126 11:16:41.872" endtime="20231126 11:16:43.872"/>
</kw>
<status status="PASS" starttime="20231126 11:16:35.717" endtime="20231126 11:16:43.872"/>
</kw>
<kw name="Move To Desa" library="desa">
<kw name="Go To" library="SeleniumLibrary">
<arg>https://uji.sicantik.go.id/desa</arg>
<doc>Navigates the current browser window to the provided ``url``.</doc>
<msg timestamp="20231126 11:16:43.872" level="INFO">Opening url 'https://uji.sicantik.go.id/desa'</msg>
<status status="PASS" starttime="20231126 11:16:43.872" endtime="20231126 11:16:44.278"/>
</kw>
<kw name="Wait Until Page Contains" library="SeleniumLibrary">
<arg>Daftar Desa</arg>
<doc>Waits until ``text`` appears on the current page.</doc>
<status status="PASS" starttime="20231126 11:16:44.278" endtime="20231126 11:16:44.387"/>
</kw>
<kw name="Sleep" library="BuiltIn">
<arg>2s</arg>
<doc>Pauses the test executed for the given time.</doc>
<msg timestamp="20231126 11:16:46.388" level="INFO">Slept 2 seconds</msg>
<status status="PASS" starttime="20231126 11:16:44.387" endtime="20231126 11:16:46.388"/>
</kw>
<status status="PASS" starttime="20231126 11:16:43.872" endtime="20231126 11:16:46.388"/>
</kw>
<kw name="Detail Desa" library="desa">
<kw name="Click Element" library="SeleniumLibrary">
<arg>//*[@class="fas fa-eye text-primary me-3 pe-auto el-tooltip__trigger el-tooltip__trigger"]</arg>
<doc>Click the element identified by ``locator``.</doc>
<msg timestamp="20231126 11:16:46.388" level="INFO">Clicking element '//*[@class="fas fa-eye text-primary me-3 pe-auto el-tooltip__trigger el-tooltip__trigger"]'.</msg>
<status status="PASS" starttime="20231126 11:16:46.388" endtime="20231126 11:16:46.627"/>
</kw>
<kw name="Wait Until Page Contains" library="SeleniumLibrary">
<arg>Detail</arg>
<doc>Waits until ``text`` appears on the current page.</doc>
<status status="PASS" starttime="20231126 11:16:46.627" endtime="20231126 11:16:46.735"/>
</kw>
<status status="PASS" starttime="20231126 11:16:46.388" endtime="20231126 11:16:46.735"/>
</kw>
<kw name="Sleep" library="BuiltIn">
<arg>2s</arg>
<doc>Pauses the test executed for the given time.</doc>
<msg timestamp="20231126 11:16:48.736" level="INFO">Slept 2 seconds</msg>
<status status="PASS" starttime="20231126 11:16:46.735" endtime="20231126 11:16:48.736"/>
</kw>
<kw name="Capture Page Screenshot" library="SeleniumLibrary">
<doc>Takes a screenshot of the current page and embeds it into a log file.</doc>
<msg timestamp="20231126 11:16:48.952" level="INFO" html="true">&lt;/td&gt;&lt;/tr&gt;&lt;tr&gt;&lt;td colspan="3"&gt;&lt;a href="selenium-screenshot-1.png"&gt;&lt;img src="selenium-screenshot-1.png" width="800px"&gt;&lt;/a&gt;</msg>
<status status="PASS" starttime="20231126 11:16:48.736" endtime="20231126 11:16:48.952"/>
</kw>
<kw name="Close Browser" library="SeleniumLibrary" type="TEARDOWN">
<doc>Closes the current browser.</doc>
<status status="PASS" starttime="20231126 11:16:48.952" endtime="20231126 11:16:51.093"/>
</kw>
<doc>SC04 - View Detail Data Desa</doc>
<tag>TC01 - View Detail Data Desa</tag>
<status status="PASS" starttime="20231126 11:16:32.338" endtime="20231126 11:16:51.093"/>
</test>
<doc>SC04 - View Detail Data Desa</doc>
<status status="PASS" starttime="20231126 11:16:32.182" endtime="20231126 11:16:51.093"/>
</suite>
<statistics>
<total>
<stat pass="1" fail="0" skip="0">All Tests</stat>
</total>
<tag>
<stat pass="1" fail="0" skip="0">TC01 - View Detail Data Desa</stat>
</tag>
<suite>
<stat pass="1" fail="0" skip="0" id="s1" name="SC04 - View Detail Data Desa">SC04 - View Detail Data Desa</stat>
</suite>
</statistics>
<errors>
</errors>
</robot>
