<?xml version="1.0" encoding="UTF-8"?>
<robot generator="Robot 6.0.2 (Python 3.11.2 on win32)" generated="20231129 11:19:59.360" rpa="false" schemaversion="3">
<suite id="s1" name="SC05 - Logout" source="C:\Users\Rian C\PycharmProjects\Sicantik-V2\tests\Pemohon\R01 - Authentication\SC05 - Logout\SC05 - Logout.robot">
<test id="s1-t1" name="TC01 - Log out rules" line="7">
<kw name="Open Browser Website" library="login">
<kw name="Open Browser" library="SeleniumLibrary">
<arg>${LOGIN URL}</arg>
<arg>${BROWSER}</arg>
<arg>options=add_argument("--incognito")</arg>
<doc>Opens a new browser instance to the optional ``url``.</doc>
<msg timestamp="20231129 11:19:59.538" level="INFO">Opening browser 'Chrome' to base url 'https://uji.sicantik.go.id/sign-in'.</msg>
<status status="PASS" starttime="20231129 11:19:59.537" endtime="20231129 11:20:04.898"/>
</kw>
<kw name="Maximize Browser Window" library="SeleniumLibrary">
<doc>Maximizes current browser window.</doc>
<status status="PASS" starttime="20231129 11:20:04.898" endtime="20231129 11:20:05.017"/>
</kw>
<kw name="Wait Until Page Contains" library="SeleniumLibrary">
<arg>Username</arg>
<doc>Waits until ``text`` appears on the current page.</doc>
<status status="PASS" starttime="20231129 11:20:05.017" endtime="20231129 11:20:05.027"/>
</kw>
<kw name="Set Selenium Speed" library="SeleniumLibrary">
<arg>${SPEED}</arg>
<doc>Sets the delay that is waited after each Selenium command.</doc>
<status status="PASS" starttime="20231129 11:20:05.027" endtime="20231129 11:20:05.027"/>
</kw>
<status status="PASS" starttime="20231129 11:19:59.537" endtime="20231129 11:20:05.027"/>
</kw>
<kw name="Login Pemohon" library="login">
<kw name="Input Username" library="login">
<arg>kartu1</arg>
<kw name="Input Text" library="SeleniumLibrary">
<arg>username</arg>
<arg>${username}</arg>
<doc>Types the given ``text`` into the text field identified by ``locator``.</doc>
<msg timestamp="20231129 11:20:05.028" level="INFO">Typing text 'kartu1' into text field 'username'.</msg>
<status status="PASS" starttime="20231129 11:20:05.028" endtime="20231129 11:20:05.409"/>
</kw>
<status status="PASS" starttime="20231129 11:20:05.028" endtime="20231129 11:20:05.409"/>
</kw>
<kw name="Input Password" library="login">
<arg>Kartu123*@#</arg>
<kw name="Input Text" library="SeleniumLibrary">
<arg>password</arg>
<arg>${password}</arg>
<doc>Types the given ``text`` into the text field identified by ``locator``.</doc>
<msg timestamp="20231129 11:20:05.410" level="INFO">Typing text 'Kartu123*@#' into text field 'password'.</msg>
<status status="PASS" starttime="20231129 11:20:05.409" endtime="20231129 11:20:05.783"/>
</kw>
<status status="PASS" starttime="20231129 11:20:05.409" endtime="20231129 11:20:05.783"/>
</kw>
<kw name="Submit Credentials" library="login">
<kw name="Click Button" library="SeleniumLibrary">
<arg>kt_sign_in_submit</arg>
<doc>Clicks the button identified by ``locator``.</doc>
<msg timestamp="20231129 11:20:05.783" level="INFO">Clicking button 'kt_sign_in_submit'.</msg>
<status status="PASS" starttime="20231129 11:20:05.783" endtime="20231129 11:20:06.239"/>
</kw>
<kw name="Sleep" library="BuiltIn">
<arg>5s</arg>
<doc>Pauses the test executed for the given time.</doc>
<msg timestamp="20231129 11:20:11.239" level="INFO">Slept 5 seconds</msg>
<status status="PASS" starttime="20231129 11:20:06.239" endtime="20231129 11:20:11.239"/>
</kw>
<status status="PASS" starttime="20231129 11:20:05.783" endtime="20231129 11:20:11.239"/>
</kw>
<kw name="Sleep" library="BuiltIn">
<arg>2s</arg>
<doc>Pauses the test executed for the given time.</doc>
<msg timestamp="20231129 11:20:13.239" level="INFO">Slept 2 seconds</msg>
<status status="PASS" starttime="20231129 11:20:11.239" endtime="20231129 11:20:13.239"/>
</kw>
<status status="PASS" starttime="20231129 11:20:05.028" endtime="20231129 11:20:13.239"/>
</kw>
<kw name="Logout Pemohon" library="login">
<kw name="Wait Until Element Is Visible" library="SeleniumLibrary">
<arg>//*[@class="profile-images mb-2"]</arg>
<doc>Waits until the element ``locator`` is visible.</doc>
<status status="PASS" starttime="20231129 11:20:13.239" endtime="20231129 11:20:13.463"/>
</kw>
<kw name="Click Element" library="SeleniumLibrary">
<arg>//*[@class="profile-images mb-2"]</arg>
<doc>Click the element identified by ``locator``.</doc>
<msg timestamp="20231129 11:20:13.463" level="INFO">Clicking element '//*[@class="profile-images mb-2"]'.</msg>
<status status="PASS" starttime="20231129 11:20:13.463" endtime="20231129 11:20:13.700"/>
</kw>
<kw name="Wait Until Element Is Visible" library="SeleniumLibrary">
<arg>//*[@id="kt_header_user_menu_toggle"]/div[3]/div[4]/a</arg>
<doc>Waits until the element ``locator`` is visible.</doc>
<status status="PASS" starttime="20231129 11:20:13.700" endtime="20231129 11:20:13.919"/>
</kw>
<kw name="Click Element" library="SeleniumLibrary">
<arg>//*[@id="kt_header_user_menu_toggle"]/div[3]/div[4]/a</arg>
<doc>Click the element identified by ``locator``.</doc>
<msg timestamp="20231129 11:20:13.919" level="INFO">Clicking element '//*[@id="kt_header_user_menu_toggle"]/div[3]/div[4]/a'.</msg>
<status status="PASS" starttime="20231129 11:20:13.919" endtime="20231129 11:20:14.487"/>
</kw>
<kw name="Wait Until Page Contains" library="SeleniumLibrary">
<arg>Username</arg>
<doc>Waits until ``text`` appears on the current page.</doc>
<status status="PASS" starttime="20231129 11:20:14.487" endtime="20231129 11:20:14.594"/>
</kw>
<status status="PASS" starttime="20231129 11:20:13.239" endtime="20231129 11:20:14.594"/>
</kw>
<kw name="Sleep" library="BuiltIn">
<arg>1s</arg>
<doc>Pauses the test executed for the given time.</doc>
<msg timestamp="20231129 11:20:15.595" level="INFO">Slept 1 second</msg>
<status status="PASS" starttime="20231129 11:20:14.594" endtime="20231129 11:20:15.595"/>
</kw>
<kw name="Capture Page Screenshot" library="SeleniumLibrary">
<doc>Takes a screenshot of the current page and embeds it into a log file.</doc>
<msg timestamp="20231129 11:20:15.867" level="INFO" html="true">&lt;/td&gt;&lt;/tr&gt;&lt;tr&gt;&lt;td colspan="3"&gt;&lt;a href="selenium-screenshot-1.png"&gt;&lt;img src="selenium-screenshot-1.png" width="800px"&gt;&lt;/a&gt;</msg>
<status status="PASS" starttime="20231129 11:20:15.595" endtime="20231129 11:20:15.867"/>
</kw>
<kw name="Close Browser" library="SeleniumLibrary" type="TEARDOWN">
<doc>Closes the current browser.</doc>
<status status="PASS" starttime="20231129 11:20:15.867" endtime="20231129 11:20:18.020"/>
</kw>
<doc>SC05 - Logout</doc>
<tag>TC01 - Log out rules</tag>
<status status="PASS" starttime="20231129 11:19:59.536" endtime="20231129 11:20:18.020"/>
</test>
<doc>SC05 - Logout</doc>
<status status="PASS" starttime="20231129 11:19:59.361" endtime="20231129 11:20:18.021"/>
</suite>
<statistics>
<total>
<stat pass="1" fail="0" skip="0">All Tests</stat>
</total>
<tag>
<stat pass="1" fail="0" skip="0">TC01 - Log out rules</stat>
</tag>
<suite>
<stat pass="1" fail="0" skip="0" id="s1" name="SC05 - Logout">SC05 - Logout</stat>
</suite>
</statistics>
<errors>
</errors>
</robot>
