<?xml version="1.0" encoding="UTF-8"?>
<robot generator="Robot 6.0.2 (Python 3.11.2 on win32)" generated="20231128 14:30:55.864" rpa="false" schemaversion="3">
<suite id="s1" name="SC01 - View Home" source="C:\Users\Rian C\PycharmProjects\Sicantik-V2\tests\Pemohon\R03 - Home\SC01 - View Home\SC01 - View Home.robot">
<test id="s1-t1" name="TC01 - View Home" line="7">
<kw name="Open Browser Website" library="login">
<kw name="Open Browser" library="SeleniumLibrary">
<arg>${LOGIN URL}</arg>
<arg>${BROWSER}</arg>
<arg>options=add_argument("--incognito")</arg>
<doc>Opens a new browser instance to the optional ``url``.</doc>
<msg timestamp="20231128 14:30:56.053" level="INFO">Opening browser 'Chrome' to base url 'https://uji.sicantik.go.id/sign-in'.</msg>
<status status="PASS" starttime="20231128 14:30:56.053" endtime="20231128 14:31:01.920"/>
</kw>
<kw name="Maximize Browser Window" library="SeleniumLibrary">
<doc>Maximizes current browser window.</doc>
<status status="PASS" starttime="20231128 14:31:01.920" endtime="20231128 14:31:02.040"/>
</kw>
<kw name="Wait Until Page Contains" library="SeleniumLibrary">
<arg>Username</arg>
<doc>Waits until ``text`` appears on the current page.</doc>
<status status="PASS" starttime="20231128 14:31:02.040" endtime="20231128 14:31:02.049"/>
</kw>
<kw name="Set Selenium Speed" library="SeleniumLibrary">
<arg>${SPEED}</arg>
<doc>Sets the delay that is waited after each Selenium command.</doc>
<status status="PASS" starttime="20231128 14:31:02.049" endtime="20231128 14:31:02.049"/>
</kw>
<status status="PASS" starttime="20231128 14:30:56.052" endtime="20231128 14:31:02.050"/>
</kw>
<kw name="Login Pemohon" library="login">
<kw name="Input Username" library="login">
<arg>cahyadirian</arg>
<kw name="Input Text" library="SeleniumLibrary">
<arg>username</arg>
<arg>${username}</arg>
<doc>Types the given ``text`` into the text field identified by ``locator``.</doc>
<msg timestamp="20231128 14:31:02.051" level="INFO">Typing text 'cahyadirian' into text field 'username'.</msg>
<status status="PASS" starttime="20231128 14:31:02.050" endtime="20231128 14:31:02.735"/>
</kw>
<status status="PASS" starttime="20231128 14:31:02.050" endtime="20231128 14:31:02.735"/>
</kw>
<kw name="Input Password" library="login">
<arg>P@55word</arg>
<kw name="Input Text" library="SeleniumLibrary">
<arg>password</arg>
<arg>${password}</arg>
<doc>Types the given ``text`` into the text field identified by ``locator``.</doc>
<msg timestamp="20231128 14:31:02.735" level="INFO">Typing text 'P@55word' into text field 'password'.</msg>
<status status="PASS" starttime="20231128 14:31:02.735" endtime="20231128 14:31:03.402"/>
</kw>
<status status="PASS" starttime="20231128 14:31:02.735" endtime="20231128 14:31:03.402"/>
</kw>
<kw name="Submit Credentials" library="login">
<kw name="Click Button" library="SeleniumLibrary">
<arg>kt_sign_in_submit</arg>
<doc>Clicks the button identified by ``locator``.</doc>
<msg timestamp="20231128 14:31:03.402" level="INFO">Clicking button 'kt_sign_in_submit'.</msg>
<status status="PASS" starttime="20231128 14:31:03.402" endtime="20231128 14:31:04.258"/>
</kw>
<kw name="Sleep" library="BuiltIn">
<arg>5s</arg>
<doc>Pauses the test executed for the given time.</doc>
<msg timestamp="20231128 14:31:09.259" level="INFO">Slept 5 seconds</msg>
<status status="PASS" starttime="20231128 14:31:04.258" endtime="20231128 14:31:09.259"/>
</kw>
<status status="PASS" starttime="20231128 14:31:03.402" endtime="20231128 14:31:09.259"/>
</kw>
<status status="PASS" starttime="20231128 14:31:02.050" endtime="20231128 14:31:09.259"/>
</kw>
<kw name="Sleep" library="BuiltIn">
<arg>2s</arg>
<doc>Pauses the test executed for the given time.</doc>
<msg timestamp="20231128 14:31:11.260" level="INFO">Slept 2 seconds</msg>
<status status="PASS" starttime="20231128 14:31:09.259" endtime="20231128 14:31:11.260"/>
</kw>
<kw name="Capture Page Screenshot" library="SeleniumLibrary">
<doc>Takes a screenshot of the current page and embeds it into a log file.</doc>
<msg timestamp="20231128 14:31:11.643" level="INFO" html="true">&lt;/td&gt;&lt;/tr&gt;&lt;tr&gt;&lt;td colspan="3"&gt;&lt;a href="selenium-screenshot-1.png"&gt;&lt;img src="selenium-screenshot-1.png" width="800px"&gt;&lt;/a&gt;</msg>
<status status="PASS" starttime="20231128 14:31:11.260" endtime="20231128 14:31:11.643"/>
</kw>
<kw name="Close Browser" library="SeleniumLibrary" type="TEARDOWN">
<doc>Closes the current browser.</doc>
<status status="PASS" starttime="20231128 14:31:11.644" endtime="20231128 14:31:13.895"/>
</kw>
<doc>SC01 - View Home</doc>
<tag>TC01 - View Home</tag>
<status status="PASS" starttime="20231128 14:30:56.052" endtime="20231128 14:31:13.895"/>
</test>
<doc>SC01 - View Home</doc>
<status status="PASS" starttime="20231128 14:30:55.865" endtime="20231128 14:31:13.896"/>
</suite>
<statistics>
<total>
<stat pass="1" fail="0" skip="0">All Tests</stat>
</total>
<tag>
<stat pass="1" fail="0" skip="0">TC01 - View Home</stat>
</tag>
<suite>
<stat pass="1" fail="0" skip="0" id="s1" name="SC01 - View Home">SC01 - View Home</stat>
</suite>
</statistics>
<errors>
</errors>
</robot>
