<?xml version="1.0" encoding="UTF-8"?>
<robot generator="Robot 6.0.2 (Python 3.11.2 on win32)" generated="20231128 12:28:57.699" rpa="false" schemaversion="3">
<suite id="s1" name="SC02 - Create New Data Template Form" source="C:\Users\Rian C\PycharmProjects\Sicantik-V2\tests\R23 - Template Form\Admin Instansi\SC02 - Create New Data Template Form\SC02 - Create New Data Template Form.robot">
<test id="s1-t1" name="TC01 - Create New Template Form (Tipe Form) dengan Tidak Otomatis Update" line="7">
<kw name="Open Browser Website" library="login">
<kw name="Open Browser" library="SeleniumLibrary">
<arg>${LOGIN URL}</arg>
<arg>${BROWSER}</arg>
<arg>options=add_argument("--incognito")</arg>
<doc>Opens a new browser instance to the optional ``url``.</doc>
<msg timestamp="20231128 12:28:57.896" level="INFO">Opening browser 'Chrome' to base url 'https://uji.sicantik.go.id/sign-in'.</msg>
<status status="PASS" starttime="20231128 12:28:57.895" endtime="20231128 12:29:02.108"/>
</kw>
<kw name="Maximize Browser Window" library="SeleniumLibrary">
<doc>Maximizes current browser window.</doc>
<status status="PASS" starttime="20231128 12:29:02.108" endtime="20231128 12:29:02.224"/>
</kw>
<kw name="Wait Until Page Contains" library="SeleniumLibrary">
<arg>Username</arg>
<doc>Waits until ``text`` appears on the current page.</doc>
<status status="PASS" starttime="20231128 12:29:02.224" endtime="20231128 12:29:02.234"/>
</kw>
<kw name="Set Selenium Speed" library="SeleniumLibrary">
<arg>${SPEED}</arg>
<doc>Sets the delay that is waited after each Selenium command.</doc>
<status status="PASS" starttime="20231128 12:29:02.234" endtime="20231128 12:29:02.234"/>
</kw>
<status status="PASS" starttime="20231128 12:28:57.895" endtime="20231128 12:29:02.235"/>
</kw>
<kw name="Login Admin Instansi" library="login">
<kw name="Input Username" library="login">
<arg>demo</arg>
<kw name="Input Text" library="SeleniumLibrary">
<arg>username</arg>
<arg>${username}</arg>
<doc>Types the given ``text`` into the text field identified by ``locator``.</doc>
<msg timestamp="20231128 12:29:02.236" level="INFO">Typing text 'demo' into text field 'username'.</msg>
<status status="PASS" starttime="20231128 12:29:02.236" endtime="20231128 12:29:02.918"/>
</kw>
<status status="PASS" starttime="20231128 12:29:02.235" endtime="20231128 12:29:02.918"/>
</kw>
<kw name="Input Password" library="login">
<arg>Demo789*@#</arg>
<kw name="Input Text" library="SeleniumLibrary">
<arg>password</arg>
<arg>${password}</arg>
<doc>Types the given ``text`` into the text field identified by ``locator``.</doc>
<msg timestamp="20231128 12:29:02.918" level="INFO">Typing text 'Demo789*@#' into text field 'password'.</msg>
<status status="PASS" starttime="20231128 12:29:02.918" endtime="20231128 12:29:03.587"/>
</kw>
<status status="PASS" starttime="20231128 12:29:02.918" endtime="20231128 12:29:03.587"/>
</kw>
<kw name="Submit Credentials" library="login">
<kw name="Click Button" library="SeleniumLibrary">
<arg>kt_sign_in_submit</arg>
<doc>Clicks the button identified by ``locator``.</doc>
<msg timestamp="20231128 12:29:03.587" level="INFO">Clicking button 'kt_sign_in_submit'.</msg>
<status status="PASS" starttime="20231128 12:29:03.587" endtime="20231128 12:29:04.444"/>
</kw>
<kw name="Sleep" library="BuiltIn">
<arg>5s</arg>
<doc>Pauses the test executed for the given time.</doc>
<msg timestamp="20231128 12:29:09.444" level="INFO">Slept 5 seconds</msg>
<status status="PASS" starttime="20231128 12:29:04.444" endtime="20231128 12:29:09.444"/>
</kw>
<status status="PASS" starttime="20231128 12:29:03.587" endtime="20231128 12:29:09.444"/>
</kw>
<status status="PASS" starttime="20231128 12:29:02.235" endtime="20231128 12:29:09.444"/>
</kw>
<kw name="Move To Template Form" library="template_form">
<kw name="Go To" library="SeleniumLibrary">
<arg>https://uji.sicantik.go.id/template-form</arg>
<doc>Navigates the current browser window to the provided ``url``.</doc>
<msg timestamp="20231128 12:29:09.445" level="INFO">Opening url 'https://uji.sicantik.go.id/template-form'</msg>
<status status="PASS" starttime="20231128 12:29:09.444" endtime="20231128 12:29:09.881"/>
</kw>
<kw name="Wait Until Page Contains" library="SeleniumLibrary">
<arg>Daftar Template Form</arg>
<doc>Waits until ``text`` appears on the current page.</doc>
<status status="PASS" starttime="20231128 12:29:09.881" endtime="20231128 12:29:10.092"/>
</kw>
<kw name="Sleep" library="BuiltIn">
<arg>3s</arg>
<doc>Pauses the test executed for the given time.</doc>
<msg timestamp="20231128 12:29:13.093" level="INFO">Slept 3 seconds</msg>
<status status="PASS" starttime="20231128 12:29:10.092" endtime="20231128 12:29:13.093"/>
</kw>
<status status="PASS" starttime="20231128 12:29:09.444" endtime="20231128 12:29:13.093"/>
</kw>
<kw name="Click Button Add" library="template_form">
<kw name="Go To" library="SeleniumLibrary">
<arg>https://uji.sicantik.go.id/template-form/add</arg>
<doc>Navigates the current browser window to the provided ``url``.</doc>
<msg timestamp="20231128 12:29:13.094" level="INFO">Opening url 'https://uji.sicantik.go.id/template-form/add'</msg>
<status status="PASS" starttime="20231128 12:29:13.094" endtime="20231128 12:29:13.584"/>
</kw>
<kw name="Wait Until Element Is Visible" library="SeleniumLibrary">
<arg>xpath://*[@id="kt_content_container"]/div[1]/form/div/div[1]/div/div/div[1]/div[1]/a</arg>
<doc>Waits until the element ``locator`` is visible.</doc>
<status status="PASS" starttime="20231128 12:29:13.584" endtime="20231128 12:29:14.066"/>
</kw>
<status status="PASS" starttime="20231128 12:29:13.093" endtime="20231128 12:29:14.066"/>
</kw>
<kw name="Click Button Buat Canvas" library="template_form">
<kw name="Click Button" library="SeleniumLibrary">
<arg>default:Buat Canvas</arg>
<doc>Clicks the button identified by ``locator``.</doc>
<msg timestamp="20231128 12:29:14.067" level="INFO">Clicking button 'default:Buat Canvas'.</msg>
<status status="PASS" starttime="20231128 12:29:14.067" endtime="20231128 12:29:15.095"/>
</kw>
<kw name="Wait Until Element Contains" library="SeleniumLibrary">
<arg>css:h4[class="text-uppercase text-start text-white"]</arg>
<arg>CANVAS</arg>
<doc>Waits until the element ``locator`` contains ``text``.</doc>
<status status="PASS" starttime="20231128 12:29:15.095" endtime="20231128 12:29:15.923"/>
</kw>
<status status="PASS" starttime="20231128 12:29:14.066" endtime="20231128 12:29:15.923"/>
</kw>
<kw name="Input Tab Index Canvas" library="template_form">
<arg>1</arg>
<kw name="Press Keys" library="SeleniumLibrary">
<arg>None</arg>
<arg>TAB</arg>
<doc>Simulates the user pressing key(s) to an element or on the active browser.</doc>
<msg timestamp="20231128 12:29:15.924" level="INFO">Sending key(s) ('TAB',) to page.</msg>
<msg timestamp="20231128 12:29:15.924" level="INFO">Pressing special key TAB to browser.</msg>
<msg timestamp="20231128 12:29:15.924" level="INFO">Releasing special key TAB.</msg>
<status status="PASS" starttime="20231128 12:29:15.923" endtime="20231128 12:29:16.132"/>
</kw>
<kw name="Sleep" library="BuiltIn">
<arg>0.5s</arg>
<doc>Pauses the test executed for the given time.</doc>
<msg timestamp="20231128 12:29:16.633" level="INFO">Slept 500 milliseconds</msg>
<status status="PASS" starttime="20231128 12:29:16.132" endtime="20231128 12:29:16.633"/>
</kw>
<kw name="Press Keys" library="SeleniumLibrary">
<arg>None</arg>
<arg>TAB</arg>
<doc>Simulates the user pressing key(s) to an element or on the active browser.</doc>
<msg timestamp="20231128 12:29:16.633" level="INFO">Sending key(s) ('TAB',) to page.</msg>
<msg timestamp="20231128 12:29:16.633" level="INFO">Pressing special key TAB to browser.</msg>
<msg timestamp="20231128 12:29:16.633" level="INFO">Releasing special key TAB.</msg>
<status status="PASS" starttime="20231128 12:29:16.633" endtime="20231128 12:29:16.841"/>
</kw>
<kw name="Press Keys" library="SeleniumLibrary">
<arg>None</arg>
<arg>${tabIndexCanvas}</arg>
<doc>Simulates the user pressing key(s) to an element or on the active browser.</doc>
<msg timestamp="20231128 12:29:16.841" level="INFO">Sending key(s) ('1',) to page.</msg>
<msg timestamp="20231128 12:29:16.841" level="INFO">Sending key 1</msg>
<status status="PASS" starttime="20231128 12:29:16.841" endtime="20231128 12:29:17.051"/>
</kw>
<status status="PASS" starttime="20231128 12:29:15.923" endtime="20231128 12:29:17.051"/>
</kw>
<kw name="Select Tipe Form Canvas" library="template_form">
<kw name="Press Keys" library="SeleniumLibrary">
<arg>None</arg>
<arg>TAB</arg>
<doc>Simulates the user pressing key(s) to an element or on the active browser.</doc>
<msg timestamp="20231128 12:29:17.052" level="INFO">Sending key(s) ('TAB',) to page.</msg>
<msg timestamp="20231128 12:29:17.052" level="INFO">Pressing special key TAB to browser.</msg>
<msg timestamp="20231128 12:29:17.052" level="INFO">Releasing special key TAB.</msg>
<status status="PASS" starttime="20231128 12:29:17.051" endtime="20231128 12:29:17.267"/>
</kw>
<kw name="Press Keys" library="SeleniumLibrary">
<arg>None</arg>
<arg>Form</arg>
<doc>Simulates the user pressing key(s) to an element or on the active browser.</doc>
<msg timestamp="20231128 12:29:17.267" level="INFO">Sending key(s) ('Form',) to page.</msg>
<msg timestamp="20231128 12:29:17.267" level="INFO">Sending keys Form</msg>
<status status="PASS" starttime="20231128 12:29:17.267" endtime="20231128 12:29:17.488"/>
</kw>
<kw name="Press Keys" library="SeleniumLibrary">
<arg>None</arg>
<arg>ARROW_DOWN</arg>
<doc>Simulates the user pressing key(s) to an element or on the active browser.</doc>
<msg timestamp="20231128 12:29:17.488" level="INFO">Sending key(s) ('ARROW_DOWN',) to page.</msg>
<msg timestamp="20231128 12:29:17.488" level="INFO">Pressing special key ARROW_DOWN to browser.</msg>
<msg timestamp="20231128 12:29:17.488" level="INFO">Releasing special key ARROW_DOWN.</msg>
<status status="PASS" starttime="20231128 12:29:17.488" endtime="20231128 12:29:17.695"/>
</kw>
<kw name="Press Keys" library="SeleniumLibrary">
<arg>None</arg>
<arg>ENTER</arg>
<doc>Simulates the user pressing key(s) to an element or on the active browser.</doc>
<msg timestamp="20231128 12:29:17.695" level="INFO">Sending key(s) ('ENTER',) to page.</msg>
<msg timestamp="20231128 12:29:17.695" level="INFO">Pressing special key ENTER to browser.</msg>
<msg timestamp="20231128 12:29:17.695" level="INFO">Releasing special key ENTER.</msg>
<status status="PASS" starttime="20231128 12:29:17.695" endtime="20231128 12:29:17.910"/>
</kw>
<status status="PASS" starttime="20231128 12:29:17.051" endtime="20231128 12:29:17.910"/>
</kw>
<kw name="Input Nama Canvas" library="template_form">
<arg>Nama canvas</arg>
<kw name="Press Keys" library="SeleniumLibrary">
<arg>None</arg>
<arg>TAB</arg>
<doc>Simulates the user pressing key(s) to an element or on the active browser.</doc>
<msg timestamp="20231128 12:29:17.911" level="INFO">Sending key(s) ('TAB',) to page.</msg>
<msg timestamp="20231128 12:29:17.911" level="INFO">Pressing special key TAB to browser.</msg>
<msg timestamp="20231128 12:29:17.911" level="INFO">Releasing special key TAB.</msg>
<status status="PASS" starttime="20231128 12:29:17.910" endtime="20231128 12:29:18.119"/>
</kw>
<kw name="Press Keys" library="SeleniumLibrary">
<arg>None</arg>
<arg>${namaCanvas}</arg>
<doc>Simulates the user pressing key(s) to an element or on the active browser.</doc>
<msg timestamp="20231128 12:29:18.119" level="INFO">Sending key(s) ('Nama canvas',) to page.</msg>
<msg timestamp="20231128 12:29:18.119" level="INFO">Sending keys Nama canvas</msg>
<status status="PASS" starttime="20231128 12:29:18.119" endtime="20231128 12:29:18.353"/>
</kw>
<status status="PASS" starttime="20231128 12:29:17.910" endtime="20231128 12:29:18.353"/>
</kw>
<kw name="Input Web Service Awal Canvas" library="template_form">
<arg>webServiceAwal</arg>
<kw name="Press Keys" library="SeleniumLibrary">
<arg>None</arg>
<arg>TAB</arg>
<doc>Simulates the user pressing key(s) to an element or on the active browser.</doc>
<msg timestamp="20231128 12:29:18.355" level="INFO">Sending key(s) ('TAB',) to page.</msg>
<msg timestamp="20231128 12:29:18.355" level="INFO">Pressing special key TAB to browser.</msg>
<msg timestamp="20231128 12:29:18.355" level="INFO">Releasing special key TAB.</msg>
<status status="PASS" starttime="20231128 12:29:18.354" endtime="20231128 12:29:18.566"/>
</kw>
<kw name="Press Keys" library="SeleniumLibrary">
<arg>None</arg>
<arg>${webServiceAwal}</arg>
<doc>Simulates the user pressing key(s) to an element or on the active browser.</doc>
<msg timestamp="20231128 12:29:18.566" level="INFO">Sending key(s) ('webServiceAwal',) to page.</msg>
<msg timestamp="20231128 12:29:18.566" level="INFO">Sending keys webServiceAwal</msg>
<status status="PASS" starttime="20231128 12:29:18.566" endtime="20231128 12:29:18.801"/>
</kw>
<status status="PASS" starttime="20231128 12:29:18.354" endtime="20231128 12:29:18.801"/>
</kw>
<kw name="Select Data Table Canvas" library="template_form">
<kw name="Press Keys" library="SeleniumLibrary">
<arg>None</arg>
<arg>TAB</arg>
<doc>Simulates the user pressing key(s) to an element or on the active browser.</doc>
<msg timestamp="20231128 12:29:18.802" level="INFO">Sending key(s) ('TAB',) to page.</msg>
<msg timestamp="20231128 12:29:18.802" level="INFO">Pressing special key TAB to browser.</msg>
<msg timestamp="20231128 12:29:18.802" level="INFO">Releasing special key TAB.</msg>
<status status="PASS" starttime="20231128 12:29:18.802" endtime="20231128 12:29:19.010"/>
</kw>
<kw name="Sleep" library="BuiltIn">
<arg>1s</arg>
<doc>Pauses the test executed for the given time.</doc>
<msg timestamp="20231128 12:29:20.011" level="INFO">Slept 1 second</msg>
<status status="PASS" starttime="20231128 12:29:19.010" endtime="20231128 12:29:20.011"/>
</kw>
<kw name="Press Keys" library="SeleniumLibrary">
<arg>None</arg>
<arg>ARROW_DOWN</arg>
<doc>Simulates the user pressing key(s) to an element or on the active browser.</doc>
<msg timestamp="20231128 12:29:20.012" level="INFO">Sending key(s) ('ARROW_DOWN',) to page.</msg>
<msg timestamp="20231128 12:29:20.012" level="INFO">Pressing special key ARROW_DOWN to browser.</msg>
<msg timestamp="20231128 12:29:20.012" level="INFO">Releasing special key ARROW_DOWN.</msg>
<status status="PASS" starttime="20231128 12:29:20.011" endtime="20231128 12:29:20.220"/>
</kw>
<kw name="Sleep" library="BuiltIn">
<arg>1s</arg>
<doc>Pauses the test executed for the given time.</doc>
<msg timestamp="20231128 12:29:21.221" level="INFO">Slept 1 second</msg>
<status status="PASS" starttime="20231128 12:29:20.220" endtime="20231128 12:29:21.221"/>
</kw>
<kw name="Press Keys" library="SeleniumLibrary">
<arg>None</arg>
<arg>ENTER</arg>
<doc>Simulates the user pressing key(s) to an element or on the active browser.</doc>
<msg timestamp="20231128 12:29:21.221" level="INFO">Sending key(s) ('ENTER',) to page.</msg>
<msg timestamp="20231128 12:29:21.221" level="INFO">Pressing special key ENTER to browser.</msg>
<msg timestamp="20231128 12:29:21.221" level="INFO">Releasing special key ENTER.</msg>
<status status="PASS" starttime="20231128 12:29:21.221" endtime="20231128 12:29:21.435"/>
</kw>
<status status="PASS" starttime="20231128 12:29:18.801" endtime="20231128 12:29:21.435"/>
</kw>
<kw name="Input No Urut Canvas" library="template_form">
<arg>1</arg>
<kw name="Press Keys" library="SeleniumLibrary">
<arg>None</arg>
<arg>TAB</arg>
<doc>Simulates the user pressing key(s) to an element or on the active browser.</doc>
<msg timestamp="20231128 12:29:21.436" level="INFO">Sending key(s) ('TAB',) to page.</msg>
<msg timestamp="20231128 12:29:21.436" level="INFO">Pressing special key TAB to browser.</msg>
<msg timestamp="20231128 12:29:21.436" level="INFO">Releasing special key TAB.</msg>
<status status="PASS" starttime="20231128 12:29:21.435" endtime="20231128 12:29:21.646"/>
</kw>
<kw name="Press Keys" library="SeleniumLibrary">
<arg>None</arg>
<arg>${nourutCanvas}</arg>
<doc>Simulates the user pressing key(s) to an element or on the active browser.</doc>
<msg timestamp="20231128 12:29:21.646" level="INFO">Sending key(s) ('1',) to page.</msg>
<msg timestamp="20231128 12:29:21.647" level="INFO">Sending key 1</msg>
<status status="PASS" starttime="20231128 12:29:21.646" endtime="20231128 12:29:21.854"/>
</kw>
<status status="PASS" starttime="20231128 12:29:21.435" endtime="20231128 12:29:21.854"/>
</kw>
<kw name="Click Button Simpan Canvas" library="template_form">
<kw name="Click Button" library="SeleniumLibrary">
<arg>css:button[class="el-button el-button--primary"]</arg>
<doc>Clicks the button identified by ``locator``.</doc>
<msg timestamp="20231128 12:29:21.855" level="INFO">Clicking button 'css:button[class="el-button el-button--primary"]'.</msg>
<status status="PASS" starttime="20231128 12:29:21.855" endtime="20231128 12:29:22.927"/>
</kw>
<status status="PASS" starttime="20231128 12:29:21.854" endtime="20231128 12:29:22.927"/>
</kw>
<kw name="Click Button Buat Tab" library="template_form">
<kw name="Click Button" library="SeleniumLibrary">
<arg>default:Buat Tab</arg>
<doc>Clicks the button identified by ``locator``.</doc>
<msg timestamp="20231128 12:29:22.928" level="INFO">Clicking button 'default:Buat Tab'.</msg>
<status status="PASS" starttime="20231128 12:29:22.927" endtime="20231128 12:29:23.792"/>
</kw>
<status status="PASS" starttime="20231128 12:29:22.927" endtime="20231128 12:29:23.792"/>
</kw>
<kw name="Input Label Buat Tab" library="template_form">
<arg>label</arg>
<kw name="Press Keys" library="SeleniumLibrary">
<arg>None</arg>
<arg>TAB</arg>
<doc>Simulates the user pressing key(s) to an element or on the active browser.</doc>
<msg timestamp="20231128 12:29:23.793" level="INFO">Sending key(s) ('TAB',) to page.</msg>
<msg timestamp="20231128 12:29:23.793" level="INFO">Pressing special key TAB to browser.</msg>
<msg timestamp="20231128 12:29:23.793" level="INFO">Releasing special key TAB.</msg>
<status status="PASS" starttime="20231128 12:29:23.792" endtime="20231128 12:29:24.000"/>
</kw>
<kw name="Sleep" library="BuiltIn">
<arg>0.5s</arg>
<doc>Pauses the test executed for the given time.</doc>
<msg timestamp="20231128 12:29:24.501" level="INFO">Slept 500 milliseconds</msg>
<status status="PASS" starttime="20231128 12:29:24.000" endtime="20231128 12:29:24.501"/>
</kw>
<kw name="Press Keys" library="SeleniumLibrary">
<arg>None</arg>
<arg>TAB</arg>
<doc>Simulates the user pressing key(s) to an element or on the active browser.</doc>
<msg timestamp="20231128 12:29:24.502" level="INFO">Sending key(s) ('TAB',) to page.</msg>
<msg timestamp="20231128 12:29:24.502" level="INFO">Pressing special key TAB to browser.</msg>
<msg timestamp="20231128 12:29:24.502" level="INFO">Releasing special key TAB.</msg>
<status status="PASS" starttime="20231128 12:29:24.501" endtime="20231128 12:29:24.711"/>
</kw>
<kw name="Press Keys" library="SeleniumLibrary">
<arg>None</arg>
<arg>${label}</arg>
<doc>Simulates the user pressing key(s) to an element or on the active browser.</doc>
<msg timestamp="20231128 12:29:24.712" level="INFO">Sending key(s) ('label',) to page.</msg>
<msg timestamp="20231128 12:29:24.712" level="INFO">Sending keys label</msg>
<status status="PASS" starttime="20231128 12:29:24.711" endtime="20231128 12:29:24.929"/>
</kw>
<status status="PASS" starttime="20231128 12:29:23.792" endtime="20231128 12:29:24.929"/>
</kw>
<kw name="Click Button Simpan Buat Tab" library="template_form">
<kw name="Click Button" library="SeleniumLibrary">
<arg>css:button[class="el-button el-button--primary"]</arg>
<doc>Clicks the button identified by ``locator``.</doc>
<msg timestamp="20231128 12:29:24.930" level="INFO">Clicking button 'css:button[class="el-button el-button--primary"]'.</msg>
<status status="PASS" starttime="20231128 12:29:24.930" endtime="20231128 12:29:25.989"/>
</kw>
<status status="PASS" starttime="20231128 12:29:24.929" endtime="20231128 12:29:25.989"/>
</kw>
<kw name="Click Button Buat Tombol" library="template_form">
<kw name="Click Button" library="SeleniumLibrary">
<arg>default:Buat Tombol</arg>
<doc>Clicks the button identified by ``locator``.</doc>
<msg timestamp="20231128 12:29:25.990" level="INFO">Clicking button 'default:Buat Tombol'.</msg>
<status status="PASS" starttime="20231128 12:29:25.989" endtime="20231128 12:29:26.847"/>
</kw>
<kw name="Sleep" library="BuiltIn">
<arg>1s</arg>
<doc>Pauses the test executed for the given time.</doc>
<msg timestamp="20231128 12:29:27.847" level="INFO">Slept 1 second</msg>
<status status="PASS" starttime="20231128 12:29:26.847" endtime="20231128 12:29:27.847"/>
</kw>
<status status="PASS" starttime="20231128 12:29:25.989" endtime="20231128 12:29:27.847"/>
</kw>
<kw name="Select Jenis Aksi Buat" library="template_form">
<kw name="Press Keys" library="SeleniumLibrary">
<arg>None</arg>
<arg>TAB</arg>
<doc>Simulates the user pressing key(s) to an element or on the active browser.</doc>
<msg timestamp="20231128 12:29:27.848" level="INFO">Sending key(s) ('TAB',) to page.</msg>
<msg timestamp="20231128 12:29:27.848" level="INFO">Pressing special key TAB to browser.</msg>
<msg timestamp="20231128 12:29:27.848" level="INFO">Releasing special key TAB.</msg>
<status status="PASS" starttime="20231128 12:29:27.847" endtime="20231128 12:29:28.056"/>
</kw>
<kw name="Sleep" library="BuiltIn">
<arg>0.5s</arg>
<doc>Pauses the test executed for the given time.</doc>
<msg timestamp="20231128 12:29:28.556" level="INFO">Slept 500 milliseconds</msg>
<status status="PASS" starttime="20231128 12:29:28.056" endtime="20231128 12:29:28.556"/>
</kw>
<kw name="Press Keys" library="SeleniumLibrary">
<arg>None</arg>
<arg>TAB</arg>
<doc>Simulates the user pressing key(s) to an element or on the active browser.</doc>
<msg timestamp="20231128 12:29:28.556" level="INFO">Sending key(s) ('TAB',) to page.</msg>
<msg timestamp="20231128 12:29:28.556" level="INFO">Pressing special key TAB to browser.</msg>
<msg timestamp="20231128 12:29:28.557" level="INFO">Releasing special key TAB.</msg>
<status status="PASS" starttime="20231128 12:29:28.556" endtime="20231128 12:29:28.768"/>
</kw>
<kw name="Sleep" library="BuiltIn">
<arg>1s</arg>
<doc>Pauses the test executed for the given time.</doc>
<msg timestamp="20231128 12:29:29.769" level="INFO">Slept 1 second</msg>
<status status="PASS" starttime="20231128 12:29:28.768" endtime="20231128 12:29:29.769"/>
</kw>
<kw name="Press Keys" library="SeleniumLibrary">
<arg>None</arg>
<arg>ARROW_DOWN</arg>
<doc>Simulates the user pressing key(s) to an element or on the active browser.</doc>
<msg timestamp="20231128 12:29:29.769" level="INFO">Sending key(s) ('ARROW_DOWN',) to page.</msg>
<msg timestamp="20231128 12:29:29.769" level="INFO">Pressing special key ARROW_DOWN to browser.</msg>
<msg timestamp="20231128 12:29:29.770" level="INFO">Releasing special key ARROW_DOWN.</msg>
<status status="PASS" starttime="20231128 12:29:29.769" endtime="20231128 12:29:29.976"/>
</kw>
<kw name="Press Keys" library="SeleniumLibrary">
<arg>None</arg>
<arg>ENTER</arg>
<doc>Simulates the user pressing key(s) to an element or on the active browser.</doc>
<msg timestamp="20231128 12:29:29.976" level="INFO">Sending key(s) ('ENTER',) to page.</msg>
<msg timestamp="20231128 12:29:29.976" level="INFO">Pressing special key ENTER to browser.</msg>
<msg timestamp="20231128 12:29:29.976" level="INFO">Releasing special key ENTER.</msg>
<status status="PASS" starttime="20231128 12:29:29.976" endtime="20231128 12:29:30.191"/>
</kw>
<status status="PASS" starttime="20231128 12:29:27.847" endtime="20231128 12:29:30.191"/>
</kw>
<kw name="Input Link Buat Tombol" library="template_form">
<arg>https://www.google.com/</arg>
<kw name="Press Keys" library="SeleniumLibrary">
<arg>None</arg>
<arg>TAB</arg>
<doc>Simulates the user pressing key(s) to an element or on the active browser.</doc>
<msg timestamp="20231128 12:29:30.192" level="INFO">Sending key(s) ('TAB',) to page.</msg>
<msg timestamp="20231128 12:29:30.192" level="INFO">Pressing special key TAB to browser.</msg>
<msg timestamp="20231128 12:29:30.192" level="INFO">Releasing special key TAB.</msg>
<status status="PASS" starttime="20231128 12:29:30.192" endtime="20231128 12:29:30.400"/>
</kw>
<kw name="Press Keys" library="SeleniumLibrary">
<arg>None</arg>
<arg>${link}</arg>
<doc>Simulates the user pressing key(s) to an element or on the active browser.</doc>
<msg timestamp="20231128 12:29:30.400" level="INFO">Sending key(s) ('https://www.google.com/',) to page.</msg>
<msg timestamp="20231128 12:29:30.400" level="INFO">Sending keys https://www.google.com/</msg>
<status status="PASS" starttime="20231128 12:29:30.400" endtime="20231128 12:29:30.652"/>
</kw>
<status status="PASS" starttime="20231128 12:29:30.191" endtime="20231128 12:29:30.652"/>
</kw>
<kw name="Input Label Buat Tombol" library="template_form">
<arg>label</arg>
<kw name="Press Keys" library="SeleniumLibrary">
<arg>None</arg>
<arg>TAB</arg>
<doc>Simulates the user pressing key(s) to an element or on the active browser.</doc>
<msg timestamp="20231128 12:29:30.653" level="INFO">Sending key(s) ('TAB',) to page.</msg>
<msg timestamp="20231128 12:29:30.653" level="INFO">Pressing special key TAB to browser.</msg>
<msg timestamp="20231128 12:29:30.653" level="INFO">Releasing special key TAB.</msg>
<status status="PASS" starttime="20231128 12:29:30.653" endtime="20231128 12:29:30.864"/>
</kw>
<kw name="Press Keys" library="SeleniumLibrary">
<arg>None</arg>
<arg>${label}</arg>
<doc>Simulates the user pressing key(s) to an element or on the active browser.</doc>
<msg timestamp="20231128 12:29:30.864" level="INFO">Sending key(s) ('label',) to page.</msg>
<msg timestamp="20231128 12:29:30.864" level="INFO">Sending keys label</msg>
<status status="PASS" starttime="20231128 12:29:30.864" endtime="20231128 12:29:31.081"/>
</kw>
<status status="PASS" starttime="20231128 12:29:30.652" endtime="20231128 12:29:31.081"/>
</kw>
<kw name="Click Button Simpan Buat Tombol" library="template_form">
<kw name="Click Button" library="SeleniumLibrary">
<arg>css:button[class="el-button el-button--primary"]</arg>
<doc>Clicks the button identified by ``locator``.</doc>
<msg timestamp="20231128 12:29:31.082" level="INFO">Clicking button 'css:button[class="el-button el-button--primary"]'.</msg>
<status status="PASS" starttime="20231128 12:29:31.081" endtime="20231128 12:29:32.155"/>
</kw>
<status status="PASS" starttime="20231128 12:29:31.081" endtime="20231128 12:29:32.155"/>
</kw>
<kw name="Input Nama Form" library="template_form">
<arg>Form Rian I</arg>
<kw name="Sleep" library="BuiltIn">
<arg>1s</arg>
<doc>Pauses the test executed for the given time.</doc>
<msg timestamp="20231128 12:29:33.156" level="INFO">Slept 1 second</msg>
<status status="PASS" starttime="20231128 12:29:32.155" endtime="20231128 12:29:33.156"/>
</kw>
<kw name="Input Text" library="SeleniumLibrary">
<arg>class:el-input__inner</arg>
<arg>${namaForm}</arg>
<doc>Types the given ``text`` into the text field identified by ``locator``.</doc>
<msg timestamp="20231128 12:29:33.156" level="INFO">Typing text 'Form Rian I' into text field 'class:el-input__inner'.</msg>
<status status="PASS" starttime="20231128 12:29:33.156" endtime="20231128 12:29:33.848"/>
</kw>
<status status="PASS" starttime="20231128 12:29:32.155" endtime="20231128 12:29:33.848"/>
</kw>
<kw name="Input Field Kunci" library="template_form">
<arg>Field Kunci</arg>
<kw name="Press Keys" library="SeleniumLibrary">
<arg>None</arg>
<arg>TAB</arg>
<doc>Simulates the user pressing key(s) to an element or on the active browser.</doc>
<msg timestamp="20231128 12:29:33.849" level="INFO">Sending key(s) ('TAB',) to page.</msg>
<msg timestamp="20231128 12:29:33.849" level="INFO">Pressing special key TAB to browser.</msg>
<msg timestamp="20231128 12:29:33.849" level="INFO">Releasing special key TAB.</msg>
<status status="PASS" starttime="20231128 12:29:33.848" endtime="20231128 12:29:34.057"/>
</kw>
<kw name="Press Keys" library="SeleniumLibrary">
<arg>None</arg>
<arg>${fieldKunci}</arg>
<doc>Simulates the user pressing key(s) to an element or on the active browser.</doc>
<msg timestamp="20231128 12:29:34.057" level="INFO">Sending key(s) ('Field Kunci',) to page.</msg>
<msg timestamp="20231128 12:29:34.057" level="INFO">Sending keys Field Kunci</msg>
<status status="PASS" starttime="20231128 12:29:34.057" endtime="20231128 12:29:34.291"/>
</kw>
<status status="PASS" starttime="20231128 12:29:33.848" endtime="20231128 12:29:34.291"/>
</kw>
<kw name="Click Button Simpan Data" library="template_form">
<kw name="Click Button" library="SeleniumLibrary">
<arg>default:Simpan Data</arg>
<doc>Clicks the button identified by ``locator``.</doc>
<msg timestamp="20231128 12:29:34.292" level="INFO">Clicking button 'default:Simpan Data'.</msg>
<status status="PASS" starttime="20231128 12:29:34.291" endtime="20231128 12:29:35.146"/>
</kw>
<status status="PASS" starttime="20231128 12:29:34.291" endtime="20231128 12:29:35.146"/>
</kw>
<kw name="Sleep" library="BuiltIn">
<arg>2s</arg>
<doc>Pauses the test executed for the given time.</doc>
<msg timestamp="20231128 12:29:37.148" level="INFO">Slept 2 seconds</msg>
<status status="PASS" starttime="20231128 12:29:35.146" endtime="20231128 12:29:37.148"/>
</kw>
<kw name="Capture Page Screenshot" library="SeleniumLibrary">
<doc>Takes a screenshot of the current page and embeds it into a log file.</doc>
<msg timestamp="20231128 12:29:37.497" level="INFO" html="true">&lt;/td&gt;&lt;/tr&gt;&lt;tr&gt;&lt;td colspan="3"&gt;&lt;a href="selenium-screenshot-1.png"&gt;&lt;img src="selenium-screenshot-1.png" width="800px"&gt;&lt;/a&gt;</msg>
<status status="PASS" starttime="20231128 12:29:37.148" endtime="20231128 12:29:37.497"/>
</kw>
<kw name="Close Browser" library="SeleniumLibrary" type="TEARDOWN">
<doc>Closes the current browser.</doc>
<status status="PASS" starttime="20231128 12:29:37.498" endtime="20231128 12:29:39.756"/>
</kw>
<doc>SC02 - Create New Data Template Form</doc>
<tag>TC01 - Create New Template Form (Tipe Form) dengan Tidak Otomatis Update</tag>
<status status="PASS" starttime="20231128 12:28:57.895" endtime="20231128 12:29:39.756"/>
</test>
<test id="s1-t2" name="TC02 - Create New Template Form (Tipe Form) dengan Otomatis Update" line="43">
<kw name="Open Browser Website" library="login">
<kw name="Open Browser" library="SeleniumLibrary">
<arg>${LOGIN URL}</arg>
<arg>${BROWSER}</arg>
<arg>options=add_argument("--incognito")</arg>
<doc>Opens a new browser instance to the optional ``url``.</doc>
<msg timestamp="20231128 12:29:39.758" level="INFO">Opening browser 'Chrome' to base url 'https://uji.sicantik.go.id/sign-in'.</msg>
<status status="PASS" starttime="20231128 12:29:39.758" endtime="20231128 12:29:43.297"/>
</kw>
<kw name="Maximize Browser Window" library="SeleniumLibrary">
<doc>Maximizes current browser window.</doc>
<status status="PASS" starttime="20231128 12:29:43.297" endtime="20231128 12:29:43.616"/>
</kw>
<kw name="Wait Until Page Contains" library="SeleniumLibrary">
<arg>Username</arg>
<doc>Waits until ``text`` appears on the current page.</doc>
<status status="PASS" starttime="20231128 12:29:43.616" endtime="20231128 12:29:43.828"/>
</kw>
<kw name="Set Selenium Speed" library="SeleniumLibrary">
<arg>${SPEED}</arg>
<doc>Sets the delay that is waited after each Selenium command.</doc>
<status status="PASS" starttime="20231128 12:29:43.828" endtime="20231128 12:29:43.828"/>
</kw>
<status status="PASS" starttime="20231128 12:29:39.758" endtime="20231128 12:29:43.828"/>
</kw>
<kw name="Login Admin Instansi" library="login">
<kw name="Input Username" library="login">
<arg>demo</arg>
<kw name="Input Text" library="SeleniumLibrary">
<arg>username</arg>
<arg>${username}</arg>
<doc>Types the given ``text`` into the text field identified by ``locator``.</doc>
<msg timestamp="20231128 12:29:43.829" level="INFO">Typing text 'demo' into text field 'username'.</msg>
<status status="PASS" starttime="20231128 12:29:43.829" endtime="20231128 12:29:44.512"/>
</kw>
<status status="PASS" starttime="20231128 12:29:43.829" endtime="20231128 12:29:44.512"/>
</kw>
<kw name="Input Password" library="login">
<arg>Demo789*@#</arg>
<kw name="Input Text" library="SeleniumLibrary">
<arg>password</arg>
<arg>${password}</arg>
<doc>Types the given ``text`` into the text field identified by ``locator``.</doc>
<msg timestamp="20231128 12:29:44.513" level="INFO">Typing text 'Demo789*@#' into text field 'password'.</msg>
<status status="PASS" starttime="20231128 12:29:44.512" endtime="20231128 12:29:45.190"/>
</kw>
<status status="PASS" starttime="20231128 12:29:44.512" endtime="20231128 12:29:45.190"/>
</kw>
<kw name="Submit Credentials" library="login">
<kw name="Click Button" library="SeleniumLibrary">
<arg>kt_sign_in_submit</arg>
<doc>Clicks the button identified by ``locator``.</doc>
<msg timestamp="20231128 12:29:45.190" level="INFO">Clicking button 'kt_sign_in_submit'.</msg>
<status status="PASS" starttime="20231128 12:29:45.190" endtime="20231128 12:29:46.047"/>
</kw>
<kw name="Sleep" library="BuiltIn">
<arg>5s</arg>
<doc>Pauses the test executed for the given time.</doc>
<msg timestamp="20231128 12:29:51.048" level="INFO">Slept 5 seconds</msg>
<status status="PASS" starttime="20231128 12:29:46.047" endtime="20231128 12:29:51.048"/>
</kw>
<status status="PASS" starttime="20231128 12:29:45.190" endtime="20231128 12:29:51.048"/>
</kw>
<status status="PASS" starttime="20231128 12:29:43.829" endtime="20231128 12:29:51.048"/>
</kw>
<kw name="Move To Template Form" library="template_form">
<kw name="Go To" library="SeleniumLibrary">
<arg>https://uji.sicantik.go.id/template-form</arg>
<doc>Navigates the current browser window to the provided ``url``.</doc>
<msg timestamp="20231128 12:29:51.049" level="INFO">Opening url 'https://uji.sicantik.go.id/template-form'</msg>
<status status="PASS" starttime="20231128 12:29:51.048" endtime="20231128 12:29:51.486"/>
</kw>
<kw name="Wait Until Page Contains" library="SeleniumLibrary">
<arg>Daftar Template Form</arg>
<doc>Waits until ``text`` appears on the current page.</doc>
<status status="PASS" starttime="20231128 12:29:51.486" endtime="20231128 12:29:51.699"/>
</kw>
<kw name="Sleep" library="BuiltIn">
<arg>3s</arg>
<doc>Pauses the test executed for the given time.</doc>
<msg timestamp="20231128 12:29:54.699" level="INFO">Slept 3 seconds</msg>
<status status="PASS" starttime="20231128 12:29:51.699" endtime="20231128 12:29:54.699"/>
</kw>
<status status="PASS" starttime="20231128 12:29:51.048" endtime="20231128 12:29:54.699"/>
</kw>
<kw name="Click Button Add" library="template_form">
<kw name="Go To" library="SeleniumLibrary">
<arg>https://uji.sicantik.go.id/template-form/add</arg>
<doc>Navigates the current browser window to the provided ``url``.</doc>
<msg timestamp="20231128 12:29:54.699" level="INFO">Opening url 'https://uji.sicantik.go.id/template-form/add'</msg>
<status status="PASS" starttime="20231128 12:29:54.699" endtime="20231128 12:29:55.529"/>
</kw>
<kw name="Wait Until Element Is Visible" library="SeleniumLibrary">
<arg>xpath://*[@id="kt_content_container"]/div[1]/form/div/div[1]/div/div/div[1]/div[1]/a</arg>
<doc>Waits until the element ``locator`` is visible.</doc>
<status status="PASS" starttime="20231128 12:29:55.529" endtime="20231128 12:29:55.951"/>
</kw>
<status status="PASS" starttime="20231128 12:29:54.699" endtime="20231128 12:29:55.951"/>
</kw>
<kw name="On Button Otomatis Update" library="template_form">
<kw name="Click Element" library="SeleniumLibrary">
<arg>class:el-switch__core</arg>
<doc>Click the element identified by ``locator``.</doc>
<msg timestamp="20231128 12:29:55.952" level="INFO">Clicking element 'class:el-switch__core'.</msg>
<status status="PASS" starttime="20231128 12:29:55.951" endtime="20231128 12:29:57.074"/>
</kw>
<status status="PASS" starttime="20231128 12:29:55.951" endtime="20231128 12:29:57.074"/>
</kw>
<kw name="Select Target Update Otomatis" library="template_form">
<kw name="Press Keys" library="SeleniumLibrary">
<arg>None</arg>
<arg>TAB</arg>
<doc>Simulates the user pressing key(s) to an element or on the active browser.</doc>
<msg timestamp="20231128 12:29:57.075" level="INFO">Sending key(s) ('TAB',) to page.</msg>
<msg timestamp="20231128 12:29:57.075" level="INFO">Pressing special key TAB to browser.</msg>
<msg timestamp="20231128 12:29:57.075" level="INFO">Releasing special key TAB.</msg>
<status status="PASS" starttime="20231128 12:29:57.074" endtime="20231128 12:29:57.287"/>
</kw>
<kw name="Press Keys" library="SeleniumLibrary">
<arg>None</arg>
<arg>ARROW_DOWN</arg>
<doc>Simulates the user pressing key(s) to an element or on the active browser.</doc>
<msg timestamp="20231128 12:29:57.287" level="INFO">Sending key(s) ('ARROW_DOWN',) to page.</msg>
<msg timestamp="20231128 12:29:57.287" level="INFO">Pressing special key ARROW_DOWN to browser.</msg>
<msg timestamp="20231128 12:29:57.287" level="INFO">Releasing special key ARROW_DOWN.</msg>
<status status="PASS" starttime="20231128 12:29:57.287" endtime="20231128 12:29:57.495"/>
</kw>
<kw name="Press Keys" library="SeleniumLibrary">
<arg>None</arg>
<arg>ENTER</arg>
<doc>Simulates the user pressing key(s) to an element or on the active browser.</doc>
<msg timestamp="20231128 12:29:57.495" level="INFO">Sending key(s) ('ENTER',) to page.</msg>
<msg timestamp="20231128 12:29:57.495" level="INFO">Pressing special key ENTER to browser.</msg>
<msg timestamp="20231128 12:29:57.495" level="INFO">Releasing special key ENTER.</msg>
<status status="PASS" starttime="20231128 12:29:57.495" endtime="20231128 12:29:57.708"/>
</kw>
<status status="PASS" starttime="20231128 12:29:57.074" endtime="20231128 12:29:57.708"/>
</kw>
<kw name="Click Button Buat Canvas" library="template_form">
<kw name="Click Button" library="SeleniumLibrary">
<arg>default:Buat Canvas</arg>
<doc>Clicks the button identified by ``locator``.</doc>
<msg timestamp="20231128 12:29:57.709" level="INFO">Clicking button 'default:Buat Canvas'.</msg>
<status status="PASS" starttime="20231128 12:29:57.708" endtime="20231128 12:29:58.561"/>
</kw>
<kw name="Wait Until Element Contains" library="SeleniumLibrary">
<arg>css:h4[class="text-uppercase text-start text-white"]</arg>
<arg>CANVAS</arg>
<doc>Waits until the element ``locator`` contains ``text``.</doc>
<status status="PASS" starttime="20231128 12:29:58.561" endtime="20231128 12:29:59.390"/>
</kw>
<status status="PASS" starttime="20231128 12:29:57.708" endtime="20231128 12:29:59.390"/>
</kw>
<kw name="Input Tab Index Canvas" library="template_form">
<arg>1</arg>
<kw name="Press Keys" library="SeleniumLibrary">
<arg>None</arg>
<arg>TAB</arg>
<doc>Simulates the user pressing key(s) to an element or on the active browser.</doc>
<msg timestamp="20231128 12:29:59.391" level="INFO">Sending key(s) ('TAB',) to page.</msg>
<msg timestamp="20231128 12:29:59.391" level="INFO">Pressing special key TAB to browser.</msg>
<msg timestamp="20231128 12:29:59.391" level="INFO">Releasing special key TAB.</msg>
<status status="PASS" starttime="20231128 12:29:59.391" endtime="20231128 12:29:59.598"/>
</kw>
<kw name="Sleep" library="BuiltIn">
<arg>0.5s</arg>
<doc>Pauses the test executed for the given time.</doc>
<msg timestamp="20231128 12:30:00.098" level="INFO">Slept 500 milliseconds</msg>
<status status="PASS" starttime="20231128 12:29:59.598" endtime="20231128 12:30:00.098"/>
</kw>
<kw name="Press Keys" library="SeleniumLibrary">
<arg>None</arg>
<arg>TAB</arg>
<doc>Simulates the user pressing key(s) to an element or on the active browser.</doc>
<msg timestamp="20231128 12:30:00.098" level="INFO">Sending key(s) ('TAB',) to page.</msg>
<msg timestamp="20231128 12:30:00.099" level="INFO">Pressing special key TAB to browser.</msg>
<msg timestamp="20231128 12:30:00.099" level="INFO">Releasing special key TAB.</msg>
<status status="PASS" starttime="20231128 12:30:00.098" endtime="20231128 12:30:00.308"/>
</kw>
<kw name="Press Keys" library="SeleniumLibrary">
<arg>None</arg>
<arg>${tabIndexCanvas}</arg>
<doc>Simulates the user pressing key(s) to an element or on the active browser.</doc>
<msg timestamp="20231128 12:30:00.308" level="INFO">Sending key(s) ('1',) to page.</msg>
<msg timestamp="20231128 12:30:00.308" level="INFO">Sending key 1</msg>
<status status="PASS" starttime="20231128 12:30:00.308" endtime="20231128 12:30:00.518"/>
</kw>
<status status="PASS" starttime="20231128 12:29:59.390" endtime="20231128 12:30:00.518"/>
</kw>
<kw name="Select Tipe Form Canvas" library="template_form">
<kw name="Press Keys" library="SeleniumLibrary">
<arg>None</arg>
<arg>TAB</arg>
<doc>Simulates the user pressing key(s) to an element or on the active browser.</doc>
<msg timestamp="20231128 12:30:00.519" level="INFO">Sending key(s) ('TAB',) to page.</msg>
<msg timestamp="20231128 12:30:00.519" level="INFO">Pressing special key TAB to browser.</msg>
<msg timestamp="20231128 12:30:00.519" level="INFO">Releasing special key TAB.</msg>
<status status="PASS" starttime="20231128 12:30:00.518" endtime="20231128 12:30:00.734"/>
</kw>
<kw name="Press Keys" library="SeleniumLibrary">
<arg>None</arg>
<arg>Form</arg>
<doc>Simulates the user pressing key(s) to an element or on the active browser.</doc>
<msg timestamp="20231128 12:30:00.734" level="INFO">Sending key(s) ('Form',) to page.</msg>
<msg timestamp="20231128 12:30:00.734" level="INFO">Sending keys Form</msg>
<status status="PASS" starttime="20231128 12:30:00.734" endtime="20231128 12:30:00.955"/>
</kw>
<kw name="Press Keys" library="SeleniumLibrary">
<arg>None</arg>
<arg>ARROW_DOWN</arg>
<doc>Simulates the user pressing key(s) to an element or on the active browser.</doc>
<msg timestamp="20231128 12:30:00.955" level="INFO">Sending key(s) ('ARROW_DOWN',) to page.</msg>
<msg timestamp="20231128 12:30:00.955" level="INFO">Pressing special key ARROW_DOWN to browser.</msg>
<msg timestamp="20231128 12:30:00.955" level="INFO">Releasing special key ARROW_DOWN.</msg>
<status status="PASS" starttime="20231128 12:30:00.955" endtime="20231128 12:30:01.162"/>
</kw>
<kw name="Press Keys" library="SeleniumLibrary">
<arg>None</arg>
<arg>ENTER</arg>
<doc>Simulates the user pressing key(s) to an element or on the active browser.</doc>
<msg timestamp="20231128 12:30:01.162" level="INFO">Sending key(s) ('ENTER',) to page.</msg>
<msg timestamp="20231128 12:30:01.162" level="INFO">Pressing special key ENTER to browser.</msg>
<msg timestamp="20231128 12:30:01.162" level="INFO">Releasing special key ENTER.</msg>
<status status="PASS" starttime="20231128 12:30:01.162" endtime="20231128 12:30:01.375"/>
</kw>
<status status="PASS" starttime="20231128 12:30:00.518" endtime="20231128 12:30:01.375"/>
</kw>
<kw name="Input Nama Canvas" library="template_form">
<arg>Nama canvas</arg>
<kw name="Press Keys" library="SeleniumLibrary">
<arg>None</arg>
<arg>TAB</arg>
<doc>Simulates the user pressing key(s) to an element or on the active browser.</doc>
<msg timestamp="20231128 12:30:01.376" level="INFO">Sending key(s) ('TAB',) to page.</msg>
<msg timestamp="20231128 12:30:01.376" level="INFO">Pressing special key TAB to browser.</msg>
<msg timestamp="20231128 12:30:01.376" level="INFO">Releasing special key TAB.</msg>
<status status="PASS" starttime="20231128 12:30:01.376" endtime="20231128 12:30:01.585"/>
</kw>
<kw name="Press Keys" library="SeleniumLibrary">
<arg>None</arg>
<arg>${namaCanvas}</arg>
<doc>Simulates the user pressing key(s) to an element or on the active browser.</doc>
<msg timestamp="20231128 12:30:01.585" level="INFO">Sending key(s) ('Nama canvas',) to page.</msg>
<msg timestamp="20231128 12:30:01.585" level="INFO">Sending keys Nama canvas</msg>
<status status="PASS" starttime="20231128 12:30:01.585" endtime="20231128 12:30:01.817"/>
</kw>
<status status="PASS" starttime="20231128 12:30:01.375" endtime="20231128 12:30:01.817"/>
</kw>
<kw name="Input Web Service Awal Canvas" library="template_form">
<arg>webServiceAwal</arg>
<kw name="Press Keys" library="SeleniumLibrary">
<arg>None</arg>
<arg>TAB</arg>
<doc>Simulates the user pressing key(s) to an element or on the active browser.</doc>
<msg timestamp="20231128 12:30:01.818" level="INFO">Sending key(s) ('TAB',) to page.</msg>
<msg timestamp="20231128 12:30:01.818" level="INFO">Pressing special key TAB to browser.</msg>
<msg timestamp="20231128 12:30:01.818" level="INFO">Releasing special key TAB.</msg>
<status status="PASS" starttime="20231128 12:30:01.818" endtime="20231128 12:30:02.029"/>
</kw>
<kw name="Press Keys" library="SeleniumLibrary">
<arg>None</arg>
<arg>${webServiceAwal}</arg>
<doc>Simulates the user pressing key(s) to an element or on the active browser.</doc>
<msg timestamp="20231128 12:30:02.029" level="INFO">Sending key(s) ('webServiceAwal',) to page.</msg>
<msg timestamp="20231128 12:30:02.029" level="INFO">Sending keys webServiceAwal</msg>
<status status="PASS" starttime="20231128 12:30:02.029" endtime="20231128 12:30:02.263"/>
</kw>
<status status="PASS" starttime="20231128 12:30:01.817" endtime="20231128 12:30:02.263"/>
</kw>
<kw name="Select Data Table Canvas" library="template_form">
<kw name="Press Keys" library="SeleniumLibrary">
<arg>None</arg>
<arg>TAB</arg>
<doc>Simulates the user pressing key(s) to an element or on the active browser.</doc>
<msg timestamp="20231128 12:30:02.264" level="INFO">Sending key(s) ('TAB',) to page.</msg>
<msg timestamp="20231128 12:30:02.264" level="INFO">Pressing special key TAB to browser.</msg>
<msg timestamp="20231128 12:30:02.264" level="INFO">Releasing special key TAB.</msg>
<status status="PASS" starttime="20231128 12:30:02.263" endtime="20231128 12:30:02.473"/>
</kw>
<kw name="Sleep" library="BuiltIn">
<arg>1s</arg>
<doc>Pauses the test executed for the given time.</doc>
<msg timestamp="20231128 12:30:03.473" level="INFO">Slept 1 second</msg>
<status status="PASS" starttime="20231128 12:30:02.473" endtime="20231128 12:30:03.473"/>
</kw>
<kw name="Press Keys" library="SeleniumLibrary">
<arg>None</arg>
<arg>ARROW_DOWN</arg>
<doc>Simulates the user pressing key(s) to an element or on the active browser.</doc>
<msg timestamp="20231128 12:30:03.473" level="INFO">Sending key(s) ('ARROW_DOWN',) to page.</msg>
<msg timestamp="20231128 12:30:03.474" level="INFO">Pressing special key ARROW_DOWN to browser.</msg>
<msg timestamp="20231128 12:30:03.474" level="INFO">Releasing special key ARROW_DOWN.</msg>
<status status="PASS" starttime="20231128 12:30:03.473" endtime="20231128 12:30:03.682"/>
</kw>
<kw name="Sleep" library="BuiltIn">
<arg>1s</arg>
<doc>Pauses the test executed for the given time.</doc>
<msg timestamp="20231128 12:30:04.683" level="INFO">Slept 1 second</msg>
<status status="PASS" starttime="20231128 12:30:03.682" endtime="20231128 12:30:04.683"/>
</kw>
<kw name="Press Keys" library="SeleniumLibrary">
<arg>None</arg>
<arg>ENTER</arg>
<doc>Simulates the user pressing key(s) to an element or on the active browser.</doc>
<msg timestamp="20231128 12:30:04.684" level="INFO">Sending key(s) ('ENTER',) to page.</msg>
<msg timestamp="20231128 12:30:04.684" level="INFO">Pressing special key ENTER to browser.</msg>
<msg timestamp="20231128 12:30:04.684" level="INFO">Releasing special key ENTER.</msg>
<status status="PASS" starttime="20231128 12:30:04.683" endtime="20231128 12:30:04.898"/>
</kw>
<status status="PASS" starttime="20231128 12:30:02.263" endtime="20231128 12:30:04.898"/>
</kw>
<kw name="Input No Urut Canvas" library="template_form">
<arg>1</arg>
<kw name="Press Keys" library="SeleniumLibrary">
<arg>None</arg>
<arg>TAB</arg>
<doc>Simulates the user pressing key(s) to an element or on the active browser.</doc>
<msg timestamp="20231128 12:30:04.899" level="INFO">Sending key(s) ('TAB',) to page.</msg>
<msg timestamp="20231128 12:30:04.899" level="INFO">Pressing special key TAB to browser.</msg>
<msg timestamp="20231128 12:30:04.899" level="INFO">Releasing special key TAB.</msg>
<status status="PASS" starttime="20231128 12:30:04.898" endtime="20231128 12:30:05.110"/>
</kw>
<kw name="Press Keys" library="SeleniumLibrary">
<arg>None</arg>
<arg>${nourutCanvas}</arg>
<doc>Simulates the user pressing key(s) to an element or on the active browser.</doc>
<msg timestamp="20231128 12:30:05.110" level="INFO">Sending key(s) ('1',) to page.</msg>
<msg timestamp="20231128 12:30:05.110" level="INFO">Sending key 1</msg>
<status status="PASS" starttime="20231128 12:30:05.110" endtime="20231128 12:30:05.319"/>
</kw>
<status status="PASS" starttime="20231128 12:30:04.898" endtime="20231128 12:30:05.319"/>
</kw>
<kw name="Click Button Simpan Canvas" library="template_form">
<kw name="Click Button" library="SeleniumLibrary">
<arg>css:button[class="el-button el-button--primary"]</arg>
<doc>Clicks the button identified by ``locator``.</doc>
<msg timestamp="20231128 12:30:05.320" level="INFO">Clicking button 'css:button[class="el-button el-button--primary"]'.</msg>
<status status="PASS" starttime="20231128 12:30:05.319" endtime="20231128 12:30:06.389"/>
</kw>
<status status="PASS" starttime="20231128 12:30:05.319" endtime="20231128 12:30:06.389"/>
</kw>
<kw name="Click Button Buat Tab" library="template_form">
<kw name="Click Button" library="SeleniumLibrary">
<arg>default:Buat Tab</arg>
<doc>Clicks the button identified by ``locator``.</doc>
<msg timestamp="20231128 12:30:06.390" level="INFO">Clicking button 'default:Buat Tab'.</msg>
<status status="PASS" starttime="20231128 12:30:06.389" endtime="20231128 12:30:07.252"/>
</kw>
<status status="PASS" starttime="20231128 12:30:06.389" endtime="20231128 12:30:07.252"/>
</kw>
<kw name="Input Label Buat Tab" library="template_form">
<arg>label</arg>
<kw name="Press Keys" library="SeleniumLibrary">
<arg>None</arg>
<arg>TAB</arg>
<doc>Simulates the user pressing key(s) to an element or on the active browser.</doc>
<msg timestamp="20231128 12:30:07.253" level="INFO">Sending key(s) ('TAB',) to page.</msg>
<msg timestamp="20231128 12:30:07.253" level="INFO">Pressing special key TAB to browser.</msg>
<msg timestamp="20231128 12:30:07.253" level="INFO">Releasing special key TAB.</msg>
<status status="PASS" starttime="20231128 12:30:07.252" endtime="20231128 12:30:07.459"/>
</kw>
<kw name="Sleep" library="BuiltIn">
<arg>0.5s</arg>
<doc>Pauses the test executed for the given time.</doc>
<msg timestamp="20231128 12:30:07.960" level="INFO">Slept 500 milliseconds</msg>
<status status="PASS" starttime="20231128 12:30:07.459" endtime="20231128 12:30:07.960"/>
</kw>
<kw name="Press Keys" library="SeleniumLibrary">
<arg>None</arg>
<arg>TAB</arg>
<doc>Simulates the user pressing key(s) to an element or on the active browser.</doc>
<msg timestamp="20231128 12:30:07.960" level="INFO">Sending key(s) ('TAB',) to page.</msg>
<msg timestamp="20231128 12:30:07.960" level="INFO">Pressing special key TAB to browser.</msg>
<msg timestamp="20231128 12:30:07.960" level="INFO">Releasing special key TAB.</msg>
<status status="PASS" starttime="20231128 12:30:07.960" endtime="20231128 12:30:08.169"/>
</kw>
<kw name="Press Keys" library="SeleniumLibrary">
<arg>None</arg>
<arg>${label}</arg>
<doc>Simulates the user pressing key(s) to an element or on the active browser.</doc>
<msg timestamp="20231128 12:30:08.169" level="INFO">Sending key(s) ('label',) to page.</msg>
<msg timestamp="20231128 12:30:08.169" level="INFO">Sending keys label</msg>
<status status="PASS" starttime="20231128 12:30:08.169" endtime="20231128 12:30:08.385"/>
</kw>
<status status="PASS" starttime="20231128 12:30:07.252" endtime="20231128 12:30:08.385"/>
</kw>
<kw name="Click Button Simpan Buat Tab" library="template_form">
<kw name="Click Button" library="SeleniumLibrary">
<arg>css:button[class="el-button el-button--primary"]</arg>
<doc>Clicks the button identified by ``locator``.</doc>
<msg timestamp="20231128 12:30:08.386" level="INFO">Clicking button 'css:button[class="el-button el-button--primary"]'.</msg>
<status status="PASS" starttime="20231128 12:30:08.385" endtime="20231128 12:30:09.446"/>
</kw>
<status status="PASS" starttime="20231128 12:30:08.385" endtime="20231128 12:30:09.446"/>
</kw>
<kw name="Click Button Buat Tombol" library="template_form">
<kw name="Click Button" library="SeleniumLibrary">
<arg>default:Buat Tombol</arg>
<doc>Clicks the button identified by ``locator``.</doc>
<msg timestamp="20231128 12:30:09.447" level="INFO">Clicking button 'default:Buat Tombol'.</msg>
<status status="PASS" starttime="20231128 12:30:09.447" endtime="20231128 12:30:10.299"/>
</kw>
<kw name="Sleep" library="BuiltIn">
<arg>1s</arg>
<doc>Pauses the test executed for the given time.</doc>
<msg timestamp="20231128 12:30:11.300" level="INFO">Slept 1 second</msg>
<status status="PASS" starttime="20231128 12:30:10.299" endtime="20231128 12:30:11.300"/>
</kw>
<status status="PASS" starttime="20231128 12:30:09.446" endtime="20231128 12:30:11.300"/>
</kw>
<kw name="Select Jenis Aksi Buat" library="template_form">
<kw name="Press Keys" library="SeleniumLibrary">
<arg>None</arg>
<arg>TAB</arg>
<doc>Simulates the user pressing key(s) to an element or on the active browser.</doc>
<msg timestamp="20231128 12:30:11.301" level="INFO">Sending key(s) ('TAB',) to page.</msg>
<msg timestamp="20231128 12:30:11.301" level="INFO">Pressing special key TAB to browser.</msg>
<msg timestamp="20231128 12:30:11.301" level="INFO">Releasing special key TAB.</msg>
<status status="PASS" starttime="20231128 12:30:11.300" endtime="20231128 12:30:11.510"/>
</kw>
<kw name="Sleep" library="BuiltIn">
<arg>0.5s</arg>
<doc>Pauses the test executed for the given time.</doc>
<msg timestamp="20231128 12:30:12.010" level="INFO">Slept 500 milliseconds</msg>
<status status="PASS" starttime="20231128 12:30:11.510" endtime="20231128 12:30:12.010"/>
</kw>
<kw name="Press Keys" library="SeleniumLibrary">
<arg>None</arg>
<arg>TAB</arg>
<doc>Simulates the user pressing key(s) to an element or on the active browser.</doc>
<msg timestamp="20231128 12:30:12.010" level="INFO">Sending key(s) ('TAB',) to page.</msg>
<msg timestamp="20231128 12:30:12.010" level="INFO">Pressing special key TAB to browser.</msg>
<msg timestamp="20231128 12:30:12.010" level="INFO">Releasing special key TAB.</msg>
<status status="PASS" starttime="20231128 12:30:12.010" endtime="20231128 12:30:12.223"/>
</kw>
<kw name="Sleep" library="BuiltIn">
<arg>1s</arg>
<doc>Pauses the test executed for the given time.</doc>
<msg timestamp="20231128 12:30:13.223" level="INFO">Slept 1 second</msg>
<status status="PASS" starttime="20231128 12:30:12.223" endtime="20231128 12:30:13.223"/>
</kw>
<kw name="Press Keys" library="SeleniumLibrary">
<arg>None</arg>
<arg>ARROW_DOWN</arg>
<doc>Simulates the user pressing key(s) to an element or on the active browser.</doc>
<msg timestamp="20231128 12:30:13.224" level="INFO">Sending key(s) ('ARROW_DOWN',) to page.</msg>
<msg timestamp="20231128 12:30:13.224" level="INFO">Pressing special key ARROW_DOWN to browser.</msg>
<msg timestamp="20231128 12:30:13.224" level="INFO">Releasing special key ARROW_DOWN.</msg>
<status status="PASS" starttime="20231128 12:30:13.223" endtime="20231128 12:30:13.432"/>
</kw>
<kw name="Press Keys" library="SeleniumLibrary">
<arg>None</arg>
<arg>ENTER</arg>
<doc>Simulates the user pressing key(s) to an element or on the active browser.</doc>
<msg timestamp="20231128 12:30:13.432" level="INFO">Sending key(s) ('ENTER',) to page.</msg>
<msg timestamp="20231128 12:30:13.433" level="INFO">Pressing special key ENTER to browser.</msg>
<msg timestamp="20231128 12:30:13.433" level="INFO">Releasing special key ENTER.</msg>
<status status="PASS" starttime="20231128 12:30:13.432" endtime="20231128 12:30:13.645"/>
</kw>
<status status="PASS" starttime="20231128 12:30:11.300" endtime="20231128 12:30:13.645"/>
</kw>
<kw name="Input Link Buat Tombol" library="template_form">
<arg>https://www.google.com/</arg>
<kw name="Press Keys" library="SeleniumLibrary">
<arg>None</arg>
<arg>TAB</arg>
<doc>Simulates the user pressing key(s) to an element or on the active browser.</doc>
<msg timestamp="20231128 12:30:13.646" level="INFO">Sending key(s) ('TAB',) to page.</msg>
<msg timestamp="20231128 12:30:13.646" level="INFO">Pressing special key TAB to browser.</msg>
<msg timestamp="20231128 12:30:13.646" level="INFO">Releasing special key TAB.</msg>
<status status="PASS" starttime="20231128 12:30:13.645" endtime="20231128 12:30:13.854"/>
</kw>
<kw name="Press Keys" library="SeleniumLibrary">
<arg>None</arg>
<arg>${link}</arg>
<doc>Simulates the user pressing key(s) to an element or on the active browser.</doc>
<msg timestamp="20231128 12:30:13.854" level="INFO">Sending key(s) ('https://www.google.com/',) to page.</msg>
<msg timestamp="20231128 12:30:13.854" level="INFO">Sending keys https://www.google.com/</msg>
<status status="PASS" starttime="20231128 12:30:13.854" endtime="20231128 12:30:14.104"/>
</kw>
<status status="PASS" starttime="20231128 12:30:13.645" endtime="20231128 12:30:14.104"/>
</kw>
<kw name="Input Label Buat Tombol" library="template_form">
<arg>label</arg>
<kw name="Press Keys" library="SeleniumLibrary">
<arg>None</arg>
<arg>TAB</arg>
<doc>Simulates the user pressing key(s) to an element or on the active browser.</doc>
<msg timestamp="20231128 12:30:14.105" level="INFO">Sending key(s) ('TAB',) to page.</msg>
<msg timestamp="20231128 12:30:14.106" level="INFO">Pressing special key TAB to browser.</msg>
<msg timestamp="20231128 12:30:14.106" level="INFO">Releasing special key TAB.</msg>
<status status="PASS" starttime="20231128 12:30:14.105" endtime="20231128 12:30:14.316"/>
</kw>
<kw name="Press Keys" library="SeleniumLibrary">
<arg>None</arg>
<arg>${label}</arg>
<doc>Simulates the user pressing key(s) to an element or on the active browser.</doc>
<msg timestamp="20231128 12:30:14.316" level="INFO">Sending key(s) ('label',) to page.</msg>
<msg timestamp="20231128 12:30:14.316" level="INFO">Sending keys label</msg>
<status status="PASS" starttime="20231128 12:30:14.316" endtime="20231128 12:30:14.533"/>
</kw>
<status status="PASS" starttime="20231128 12:30:14.104" endtime="20231128 12:30:14.533"/>
</kw>
<kw name="Click Button Simpan Buat Tombol" library="template_form">
<kw name="Click Button" library="SeleniumLibrary">
<arg>css:button[class="el-button el-button--primary"]</arg>
<doc>Clicks the button identified by ``locator``.</doc>
<msg timestamp="20231128 12:30:14.534" level="INFO">Clicking button 'css:button[class="el-button el-button--primary"]'.</msg>
<status status="PASS" starttime="20231128 12:30:14.534" endtime="20231128 12:30:15.608"/>
</kw>
<status status="PASS" starttime="20231128 12:30:14.534" endtime="20231128 12:30:15.608"/>
</kw>
<kw name="Input Nama Form" library="template_form">
<arg>Form Rian Type Form</arg>
<kw name="Sleep" library="BuiltIn">
<arg>1s</arg>
<doc>Pauses the test executed for the given time.</doc>
<msg timestamp="20231128 12:30:16.609" level="INFO">Slept 1 second</msg>
<status status="PASS" starttime="20231128 12:30:15.609" endtime="20231128 12:30:16.609"/>
</kw>
<kw name="Input Text" library="SeleniumLibrary">
<arg>class:el-input__inner</arg>
<arg>${namaForm}</arg>
<doc>Types the given ``text`` into the text field identified by ``locator``.</doc>
<msg timestamp="20231128 12:30:16.609" level="INFO">Typing text 'Form Rian Type Form' into text field 'class:el-input__inner'.</msg>
<status status="PASS" starttime="20231128 12:30:16.609" endtime="20231128 12:30:17.312"/>
</kw>
<status status="PASS" starttime="20231128 12:30:15.608" endtime="20231128 12:30:17.312"/>
</kw>
<kw name="Input Field Kunci" library="template_form">
<arg>Field Kunci</arg>
<kw name="Press Keys" library="SeleniumLibrary">
<arg>None</arg>
<arg>TAB</arg>
<doc>Simulates the user pressing key(s) to an element or on the active browser.</doc>
<msg timestamp="20231128 12:30:17.313" level="INFO">Sending key(s) ('TAB',) to page.</msg>
<msg timestamp="20231128 12:30:17.313" level="INFO">Pressing special key TAB to browser.</msg>
<msg timestamp="20231128 12:30:17.313" level="INFO">Releasing special key TAB.</msg>
<status status="PASS" starttime="20231128 12:30:17.312" endtime="20231128 12:30:17.520"/>
</kw>
<kw name="Press Keys" library="SeleniumLibrary">
<arg>None</arg>
<arg>${fieldKunci}</arg>
<doc>Simulates the user pressing key(s) to an element or on the active browser.</doc>
<msg timestamp="20231128 12:30:17.520" level="INFO">Sending key(s) ('Field Kunci',) to page.</msg>
<msg timestamp="20231128 12:30:17.520" level="INFO">Sending keys Field Kunci</msg>
<status status="PASS" starttime="20231128 12:30:17.520" endtime="20231128 12:30:17.754"/>
</kw>
<status status="PASS" starttime="20231128 12:30:17.312" endtime="20231128 12:30:17.754"/>
</kw>
<kw name="Click Button Simpan Data" library="template_form">
<kw name="Click Button" library="SeleniumLibrary">
<arg>default:Simpan Data</arg>
<doc>Clicks the button identified by ``locator``.</doc>
<msg timestamp="20231128 12:30:17.755" level="INFO">Clicking button 'default:Simpan Data'.</msg>
<status status="PASS" starttime="20231128 12:30:17.754" endtime="20231128 12:30:18.616"/>
</kw>
<status status="PASS" starttime="20231128 12:30:17.754" endtime="20231128 12:30:18.616"/>
</kw>
<kw name="Sleep" library="BuiltIn">
<arg>2s</arg>
<doc>Pauses the test executed for the given time.</doc>
<msg timestamp="20231128 12:30:20.617" level="INFO">Slept 2 seconds</msg>
<status status="PASS" starttime="20231128 12:30:18.616" endtime="20231128 12:30:20.617"/>
</kw>
<kw name="Capture Page Screenshot" library="SeleniumLibrary">
<doc>Takes a screenshot of the current page and embeds it into a log file.</doc>
<msg timestamp="20231128 12:30:20.962" level="INFO" html="true">&lt;/td&gt;&lt;/tr&gt;&lt;tr&gt;&lt;td colspan="3"&gt;&lt;a href="selenium-screenshot-2.png"&gt;&lt;img src="selenium-screenshot-2.png" width="800px"&gt;&lt;/a&gt;</msg>
<status status="PASS" starttime="20231128 12:30:20.617" endtime="20231128 12:30:20.962"/>
</kw>
<kw name="Close Browser" library="SeleniumLibrary" type="TEARDOWN">
<doc>Closes the current browser.</doc>
<status status="PASS" starttime="20231128 12:30:20.963" endtime="20231128 12:30:23.214"/>
</kw>
<doc>SC02 - Create New Data Template Form</doc>
<tag>TC02 - Create New Template Form (Tipe Form) dengan Otomatis Update</tag>
<status status="PASS" starttime="20231128 12:29:39.757" endtime="20231128 12:30:23.214"/>
</test>
<test id="s1-t3" name="TC03 - Create New Template Form (Tipe Table)" line="81">
<kw name="Open Browser Website" library="login">
<kw name="Open Browser" library="SeleniumLibrary">
<arg>${LOGIN URL}</arg>
<arg>${BROWSER}</arg>
<arg>options=add_argument("--incognito")</arg>
<doc>Opens a new browser instance to the optional ``url``.</doc>
<msg timestamp="20231128 12:30:23.217" level="INFO">Opening browser 'Chrome' to base url 'https://uji.sicantik.go.id/sign-in'.</msg>
<status status="PASS" starttime="20231128 12:30:23.216" endtime="20231128 12:30:29.026"/>
</kw>
<kw name="Maximize Browser Window" library="SeleniumLibrary">
<doc>Maximizes current browser window.</doc>
<status status="PASS" starttime="20231128 12:30:29.026" endtime="20231128 12:30:29.335"/>
</kw>
<kw name="Wait Until Page Contains" library="SeleniumLibrary">
<arg>Username</arg>
<doc>Waits until ``text`` appears on the current page.</doc>
<status status="PASS" starttime="20231128 12:30:29.335" endtime="20231128 12:30:29.546"/>
</kw>
<kw name="Set Selenium Speed" library="SeleniumLibrary">
<arg>${SPEED}</arg>
<doc>Sets the delay that is waited after each Selenium command.</doc>
<status status="PASS" starttime="20231128 12:30:29.546" endtime="20231128 12:30:29.546"/>
</kw>
<status status="PASS" starttime="20231128 12:30:23.216" endtime="20231128 12:30:29.546"/>
</kw>
<kw name="Login Admin Instansi" library="login">
<kw name="Input Username" library="login">
<arg>demo</arg>
<kw name="Input Text" library="SeleniumLibrary">
<arg>username</arg>
<arg>${username}</arg>
<doc>Types the given ``text`` into the text field identified by ``locator``.</doc>
<msg timestamp="20231128 12:30:29.547" level="INFO">Typing text 'demo' into text field 'username'.</msg>
<status status="PASS" starttime="20231128 12:30:29.547" endtime="20231128 12:30:30.232"/>
</kw>
<status status="PASS" starttime="20231128 12:30:29.547" endtime="20231128 12:30:30.232"/>
</kw>
<kw name="Input Password" library="login">
<arg>Demo789*@#</arg>
<kw name="Input Text" library="SeleniumLibrary">
<arg>password</arg>
<arg>${password}</arg>
<doc>Types the given ``text`` into the text field identified by ``locator``.</doc>
<msg timestamp="20231128 12:30:30.232" level="INFO">Typing text 'Demo789*@#' into text field 'password'.</msg>
<status status="PASS" starttime="20231128 12:30:30.232" endtime="20231128 12:30:30.905"/>
</kw>
<status status="PASS" starttime="20231128 12:30:30.232" endtime="20231128 12:30:30.905"/>
</kw>
<kw name="Submit Credentials" library="login">
<kw name="Click Button" library="SeleniumLibrary">
<arg>kt_sign_in_submit</arg>
<doc>Clicks the button identified by ``locator``.</doc>
<msg timestamp="20231128 12:30:30.905" level="INFO">Clicking button 'kt_sign_in_submit'.</msg>
<status status="PASS" starttime="20231128 12:30:30.905" endtime="20231128 12:30:31.760"/>
</kw>
<kw name="Sleep" library="BuiltIn">
<arg>5s</arg>
<doc>Pauses the test executed for the given time.</doc>
<msg timestamp="20231128 12:30:36.761" level="INFO">Slept 5 seconds</msg>
<status status="PASS" starttime="20231128 12:30:31.760" endtime="20231128 12:30:36.761"/>
</kw>
<status status="PASS" starttime="20231128 12:30:30.905" endtime="20231128 12:30:36.761"/>
</kw>
<status status="PASS" starttime="20231128 12:30:29.547" endtime="20231128 12:30:36.761"/>
</kw>
<kw name="Move To Template Form" library="template_form">
<kw name="Go To" library="SeleniumLibrary">
<arg>https://uji.sicantik.go.id/template-form</arg>
<doc>Navigates the current browser window to the provided ``url``.</doc>
<msg timestamp="20231128 12:30:36.762" level="INFO">Opening url 'https://uji.sicantik.go.id/template-form'</msg>
<status status="PASS" starttime="20231128 12:30:36.762" endtime="20231128 12:30:37.415"/>
</kw>
<kw name="Wait Until Page Contains" library="SeleniumLibrary">
<arg>Daftar Template Form</arg>
<doc>Waits until ``text`` appears on the current page.</doc>
<status status="PASS" starttime="20231128 12:30:37.415" endtime="20231128 12:30:37.627"/>
</kw>
<kw name="Sleep" library="BuiltIn">
<arg>3s</arg>
<doc>Pauses the test executed for the given time.</doc>
<msg timestamp="20231128 12:30:40.627" level="INFO">Slept 3 seconds</msg>
<status status="PASS" starttime="20231128 12:30:37.627" endtime="20231128 12:30:40.627"/>
</kw>
<status status="PASS" starttime="20231128 12:30:36.761" endtime="20231128 12:30:40.627"/>
</kw>
<kw name="Click Button Add" library="template_form">
<kw name="Go To" library="SeleniumLibrary">
<arg>https://uji.sicantik.go.id/template-form/add</arg>
<doc>Navigates the current browser window to the provided ``url``.</doc>
<msg timestamp="20231128 12:30:40.628" level="INFO">Opening url 'https://uji.sicantik.go.id/template-form/add'</msg>
<status status="PASS" starttime="20231128 12:30:40.627" endtime="20231128 12:30:41.203"/>
</kw>
<kw name="Wait Until Element Is Visible" library="SeleniumLibrary">
<arg>xpath://*[@id="kt_content_container"]/div[1]/form/div/div[1]/div/div/div[1]/div[1]/a</arg>
<doc>Waits until the element ``locator`` is visible.</doc>
<status status="PASS" starttime="20231128 12:30:41.203" endtime="20231128 12:30:41.634"/>
</kw>
<status status="PASS" starttime="20231128 12:30:40.627" endtime="20231128 12:30:41.634"/>
</kw>
<kw name="Click Button Buat Filter" library="template_form">
<kw name="Click Button" library="SeleniumLibrary">
<arg>default:Buat Filter</arg>
<doc>Clicks the button identified by ``locator``.</doc>
<msg timestamp="20231128 12:30:41.635" level="INFO">Clicking button 'default:Buat Filter'.</msg>
<status status="PASS" starttime="20231128 12:30:41.635" endtime="20231128 12:30:42.730"/>
</kw>
<kw name="Wait Until Element Contains" library="SeleniumLibrary">
<arg>css:h4[class="text-uppercase text-start text-white"]</arg>
<arg>PENGATURAN FILTER</arg>
<doc>Waits until the element ``locator`` contains ``text``.</doc>
<status status="PASS" starttime="20231128 12:30:42.730" endtime="20231128 12:30:43.557"/>
</kw>
<status status="PASS" starttime="20231128 12:30:41.634" endtime="20231128 12:30:43.557"/>
</kw>
<kw name="Input Label Pengaturan Filter" library="template_form">
<arg>Label</arg>
<kw name="Press Keys" library="SeleniumLibrary">
<arg>None</arg>
<arg>TAB</arg>
<doc>Simulates the user pressing key(s) to an element or on the active browser.</doc>
<msg timestamp="20231128 12:30:43.558" level="INFO">Sending key(s) ('TAB',) to page.</msg>
<msg timestamp="20231128 12:30:43.558" level="INFO">Pressing special key TAB to browser.</msg>
<msg timestamp="20231128 12:30:43.558" level="INFO">Releasing special key TAB.</msg>
<status status="PASS" starttime="20231128 12:30:43.558" endtime="20231128 12:30:43.766"/>
</kw>
<kw name="Sleep" library="BuiltIn">
<arg>0.5s</arg>
<doc>Pauses the test executed for the given time.</doc>
<msg timestamp="20231128 12:30:44.267" level="INFO">Slept 500 milliseconds</msg>
<status status="PASS" starttime="20231128 12:30:43.766" endtime="20231128 12:30:44.267"/>
</kw>
<kw name="Press Keys" library="SeleniumLibrary">
<arg>None</arg>
<arg>TAB</arg>
<doc>Simulates the user pressing key(s) to an element or on the active browser.</doc>
<msg timestamp="20231128 12:30:44.267" level="INFO">Sending key(s) ('TAB',) to page.</msg>
<msg timestamp="20231128 12:30:44.268" level="INFO">Pressing special key TAB to browser.</msg>
<msg timestamp="20231128 12:30:44.268" level="INFO">Releasing special key TAB.</msg>
<status status="PASS" starttime="20231128 12:30:44.267" endtime="20231128 12:30:44.475"/>
</kw>
<kw name="Press Keys" library="SeleniumLibrary">
<arg>None</arg>
<arg>${label}</arg>
<doc>Simulates the user pressing key(s) to an element or on the active browser.</doc>
<msg timestamp="20231128 12:30:44.475" level="INFO">Sending key(s) ('Label',) to page.</msg>
<msg timestamp="20231128 12:30:44.475" level="INFO">Sending keys Label</msg>
<status status="PASS" starttime="20231128 12:30:44.475" endtime="20231128 12:30:44.693"/>
</kw>
<status status="PASS" starttime="20231128 12:30:43.557" endtime="20231128 12:30:44.693"/>
</kw>
<kw name="Input Variable Pengaturan Filter" library="template_form">
<arg>Var</arg>
<kw name="Press Keys" library="SeleniumLibrary">
<arg>None</arg>
<arg>TAB</arg>
<doc>Simulates the user pressing key(s) to an element or on the active browser.</doc>
<msg timestamp="20231128 12:30:44.694" level="INFO">Sending key(s) ('TAB',) to page.</msg>
<msg timestamp="20231128 12:30:44.694" level="INFO">Pressing special key TAB to browser.</msg>
<msg timestamp="20231128 12:30:44.694" level="INFO">Releasing special key TAB.</msg>
<status status="PASS" starttime="20231128 12:30:44.693" endtime="20231128 12:30:44.901"/>
</kw>
<kw name="Press Keys" library="SeleniumLibrary">
<arg>None</arg>
<arg>${variable}</arg>
<doc>Simulates the user pressing key(s) to an element or on the active browser.</doc>
<msg timestamp="20231128 12:30:44.901" level="INFO">Sending key(s) ('Var',) to page.</msg>
<msg timestamp="20231128 12:30:44.901" level="INFO">Sending keys Var</msg>
<status status="PASS" starttime="20231128 12:30:44.901" endtime="20231128 12:30:45.116"/>
</kw>
<status status="PASS" starttime="20231128 12:30:44.693" endtime="20231128 12:30:45.116"/>
</kw>
<kw name="Select Tipe Pengaturan Filter" library="template_form">
<kw name="Press Keys" library="SeleniumLibrary">
<arg>None</arg>
<arg>TAB</arg>
<doc>Simulates the user pressing key(s) to an element or on the active browser.</doc>
<msg timestamp="20231128 12:30:45.117" level="INFO">Sending key(s) ('TAB',) to page.</msg>
<msg timestamp="20231128 12:30:45.118" level="INFO">Pressing special key TAB to browser.</msg>
<msg timestamp="20231128 12:30:45.118" level="INFO">Releasing special key TAB.</msg>
<status status="PASS" starttime="20231128 12:30:45.116" endtime="20231128 12:30:45.331"/>
</kw>
<kw name="Press Keys" library="SeleniumLibrary">
<arg>None</arg>
<arg>ARROW_DOWN</arg>
<doc>Simulates the user pressing key(s) to an element or on the active browser.</doc>
<msg timestamp="20231128 12:30:45.331" level="INFO">Sending key(s) ('ARROW_DOWN',) to page.</msg>
<msg timestamp="20231128 12:30:45.331" level="INFO">Pressing special key ARROW_DOWN to browser.</msg>
<msg timestamp="20231128 12:30:45.331" level="INFO">Releasing special key ARROW_DOWN.</msg>
<status status="PASS" starttime="20231128 12:30:45.331" endtime="20231128 12:30:45.538"/>
</kw>
<kw name="Press Keys" library="SeleniumLibrary">
<arg>None</arg>
<arg>ENTER</arg>
<doc>Simulates the user pressing key(s) to an element or on the active browser.</doc>
<msg timestamp="20231128 12:30:45.538" level="INFO">Sending key(s) ('ENTER',) to page.</msg>
<msg timestamp="20231128 12:30:45.538" level="INFO">Pressing special key ENTER to browser.</msg>
<msg timestamp="20231128 12:30:45.538" level="INFO">Releasing special key ENTER.</msg>
<status status="PASS" starttime="20231128 12:30:45.538" endtime="20231128 12:30:45.751"/>
</kw>
<status status="PASS" starttime="20231128 12:30:45.116" endtime="20231128 12:30:45.751"/>
</kw>
<kw name="Capture Page Screenshot" library="SeleniumLibrary">
<doc>Takes a screenshot of the current page and embeds it into a log file.</doc>
<msg timestamp="20231128 12:30:46.112" level="INFO" html="true">&lt;/td&gt;&lt;/tr&gt;&lt;tr&gt;&lt;td colspan="3"&gt;&lt;a href="selenium-screenshot-3.png"&gt;&lt;img src="selenium-screenshot-3.png" width="800px"&gt;&lt;/a&gt;</msg>
<status status="PASS" starttime="20231128 12:30:45.751" endtime="20231128 12:30:46.112"/>
</kw>
<kw name="Click Button Simpan Pengaturan Filter" library="template_form">
<kw name="Click Button" library="SeleniumLibrary">
<arg>css:button[class="el-button el-button--primary"]</arg>
<doc>Clicks the button identified by ``locator``.</doc>
<msg timestamp="20231128 12:30:46.113" level="INFO">Clicking button 'css:button[class="el-button el-button--primary"]'.</msg>
<status status="PASS" starttime="20231128 12:30:46.113" endtime="20231128 12:30:47.200"/>
</kw>
<status status="PASS" starttime="20231128 12:30:46.113" endtime="20231128 12:30:47.200"/>
</kw>
<kw name="Click Button Buat Canvas" library="template_form">
<kw name="Click Button" library="SeleniumLibrary">
<arg>default:Buat Canvas</arg>
<doc>Clicks the button identified by ``locator``.</doc>
<msg timestamp="20231128 12:30:47.201" level="INFO">Clicking button 'default:Buat Canvas'.</msg>
<status status="PASS" starttime="20231128 12:30:47.200" endtime="20231128 12:30:48.048"/>
</kw>
<kw name="Wait Until Element Contains" library="SeleniumLibrary">
<arg>css:h4[class="text-uppercase text-start text-white"]</arg>
<arg>CANVAS</arg>
<doc>Waits until the element ``locator`` contains ``text``.</doc>
<status status="PASS" starttime="20231128 12:30:48.048" endtime="20231128 12:30:48.461"/>
</kw>
<status status="PASS" starttime="20231128 12:30:47.200" endtime="20231128 12:30:48.461"/>
</kw>
<kw name="Input Tab Index Canvas" library="template_form">
<arg>1</arg>
<kw name="Press Keys" library="SeleniumLibrary">
<arg>None</arg>
<arg>TAB</arg>
<doc>Simulates the user pressing key(s) to an element or on the active browser.</doc>
<msg timestamp="20231128 12:30:48.462" level="INFO">Sending key(s) ('TAB',) to page.</msg>
<msg timestamp="20231128 12:30:48.462" level="INFO">Pressing special key TAB to browser.</msg>
<msg timestamp="20231128 12:30:48.462" level="INFO">Releasing special key TAB.</msg>
<status status="PASS" starttime="20231128 12:30:48.461" endtime="20231128 12:30:48.669"/>
</kw>
<kw name="Sleep" library="BuiltIn">
<arg>0.5s</arg>
<doc>Pauses the test executed for the given time.</doc>
<msg timestamp="20231128 12:30:49.169" level="INFO">Slept 500 milliseconds</msg>
<status status="PASS" starttime="20231128 12:30:48.669" endtime="20231128 12:30:49.169"/>
</kw>
<kw name="Press Keys" library="SeleniumLibrary">
<arg>None</arg>
<arg>TAB</arg>
<doc>Simulates the user pressing key(s) to an element or on the active browser.</doc>
<msg timestamp="20231128 12:30:49.169" level="INFO">Sending key(s) ('TAB',) to page.</msg>
<msg timestamp="20231128 12:30:49.169" level="INFO">Pressing special key TAB to browser.</msg>
<msg timestamp="20231128 12:30:49.169" level="INFO">Releasing special key TAB.</msg>
<status status="PASS" starttime="20231128 12:30:49.169" endtime="20231128 12:30:49.377"/>
</kw>
<kw name="Press Keys" library="SeleniumLibrary">
<arg>None</arg>
<arg>${tabIndexCanvas}</arg>
<doc>Simulates the user pressing key(s) to an element or on the active browser.</doc>
<msg timestamp="20231128 12:30:49.377" level="INFO">Sending key(s) ('1',) to page.</msg>
<msg timestamp="20231128 12:30:49.377" level="INFO">Sending key 1</msg>
<status status="PASS" starttime="20231128 12:30:49.377" endtime="20231128 12:30:49.585"/>
</kw>
<status status="PASS" starttime="20231128 12:30:48.461" endtime="20231128 12:30:49.585"/>
</kw>
<kw name="Select Tipe Tabel Canvas" library="template_form">
<kw name="Press Keys" library="SeleniumLibrary">
<arg>None</arg>
<arg>TAB</arg>
<doc>Simulates the user pressing key(s) to an element or on the active browser.</doc>
<msg timestamp="20231128 12:30:49.586" level="INFO">Sending key(s) ('TAB',) to page.</msg>
<msg timestamp="20231128 12:30:49.586" level="INFO">Pressing special key TAB to browser.</msg>
<msg timestamp="20231128 12:30:49.586" level="INFO">Releasing special key TAB.</msg>
<status status="PASS" starttime="20231128 12:30:49.585" endtime="20231128 12:30:49.799"/>
</kw>
<kw name="Press Keys" library="SeleniumLibrary">
<arg>None</arg>
<arg>Tabel</arg>
<doc>Simulates the user pressing key(s) to an element or on the active browser.</doc>
<msg timestamp="20231128 12:30:49.799" level="INFO">Sending key(s) ('Tabel',) to page.</msg>
<msg timestamp="20231128 12:30:49.799" level="INFO">Sending keys Tabel</msg>
<status status="PASS" starttime="20231128 12:30:49.799" endtime="20231128 12:30:50.024"/>
</kw>
<kw name="Press Keys" library="SeleniumLibrary">
<arg>None</arg>
<arg>ARROW_DOWN</arg>
<doc>Simulates the user pressing key(s) to an element or on the active browser.</doc>
<msg timestamp="20231128 12:30:50.024" level="INFO">Sending key(s) ('ARROW_DOWN',) to page.</msg>
<msg timestamp="20231128 12:30:50.024" level="INFO">Pressing special key ARROW_DOWN to browser.</msg>
<msg timestamp="20231128 12:30:50.024" level="INFO">Releasing special key ARROW_DOWN.</msg>
<status status="PASS" starttime="20231128 12:30:50.024" endtime="20231128 12:30:50.232"/>
</kw>
<kw name="Press Keys" library="SeleniumLibrary">
<arg>None</arg>
<arg>ENTER</arg>
<doc>Simulates the user pressing key(s) to an element or on the active browser.</doc>
<msg timestamp="20231128 12:30:50.232" level="INFO">Sending key(s) ('ENTER',) to page.</msg>
<msg timestamp="20231128 12:30:50.232" level="INFO">Pressing special key ENTER to browser.</msg>
<msg timestamp="20231128 12:30:50.232" level="INFO">Releasing special key ENTER.</msg>
<status status="PASS" starttime="20231128 12:30:50.232" endtime="20231128 12:30:50.445"/>
</kw>
<status status="PASS" starttime="20231128 12:30:49.585" endtime="20231128 12:30:50.445"/>
</kw>
<kw name="Input Nama Canvas" library="template_form">
<arg>namaCanvas</arg>
<kw name="Press Keys" library="SeleniumLibrary">
<arg>None</arg>
<arg>TAB</arg>
<doc>Simulates the user pressing key(s) to an element or on the active browser.</doc>
<msg timestamp="20231128 12:30:50.445" level="INFO">Sending key(s) ('TAB',) to page.</msg>
<msg timestamp="20231128 12:30:50.446" level="INFO">Pressing special key TAB to browser.</msg>
<msg timestamp="20231128 12:30:50.446" level="INFO">Releasing special key TAB.</msg>
<status status="PASS" starttime="20231128 12:30:50.445" endtime="20231128 12:30:50.655"/>
</kw>
<kw name="Press Keys" library="SeleniumLibrary">
<arg>None</arg>
<arg>${namaCanvas}</arg>
[...]
<msg timestamp="20231128 12:32:23.550" level="INFO">Releasing special key TAB.</msg>
<status status="PASS" starttime="20231128 12:32:23.550" endtime="20231128 12:32:23.763"/>
</kw>
<kw name="Sleep" library="BuiltIn">
<arg>1s</arg>
<doc>Pauses the test executed for the given time.</doc>
<msg timestamp="20231128 12:32:24.763" level="INFO">Slept 1 second</msg>
<status status="PASS" starttime="20231128 12:32:23.763" endtime="20231128 12:32:24.763"/>
</kw>
<kw name="Press Keys" library="SeleniumLibrary">
<arg>None</arg>
<arg>ARROW_DOWN</arg>
<doc>Simulates the user pressing key(s) to an element or on the active browser.</doc>
<msg timestamp="20231128 12:32:24.763" level="INFO">Sending key(s) ('ARROW_DOWN',) to page.</msg>
<msg timestamp="20231128 12:32:24.763" level="INFO">Pressing special key ARROW_DOWN to browser.</msg>
<msg timestamp="20231128 12:32:24.763" level="INFO">Releasing special key ARROW_DOWN.</msg>
<status status="PASS" starttime="20231128 12:32:24.763" endtime="20231128 12:32:24.970"/>
</kw>
<kw name="Press Keys" library="SeleniumLibrary">
<arg>None</arg>
<arg>ENTER</arg>
<doc>Simulates the user pressing key(s) to an element or on the active browser.</doc>
<msg timestamp="20231128 12:32:24.970" level="INFO">Sending key(s) ('ENTER',) to page.</msg>
<msg timestamp="20231128 12:32:24.970" level="INFO">Pressing special key ENTER to browser.</msg>
<msg timestamp="20231128 12:32:24.970" level="INFO">Releasing special key ENTER.</msg>
<status status="PASS" starttime="20231128 12:32:24.970" endtime="20231128 12:32:25.183"/>
</kw>
<status status="PASS" starttime="20231128 12:32:22.840" endtime="20231128 12:32:25.183"/>
</kw>
<kw name="Input Link Buat Tombol" library="template_form">
<arg>https://www.google.com/</arg>
<kw name="Press Keys" library="SeleniumLibrary">
<arg>None</arg>
<arg>TAB</arg>
<doc>Simulates the user pressing key(s) to an element or on the active browser.</doc>
<msg timestamp="20231128 12:32:25.184" level="INFO">Sending key(s) ('TAB',) to page.</msg>
<msg timestamp="20231128 12:32:25.184" level="INFO">Pressing special key TAB to browser.</msg>
<msg timestamp="20231128 12:32:25.184" level="INFO">Releasing special key TAB.</msg>
<status status="PASS" starttime="20231128 12:32:25.183" endtime="20231128 12:32:25.391"/>
</kw>
<kw name="Press Keys" library="SeleniumLibrary">
<arg>None</arg>
<arg>${link}</arg>
<doc>Simulates the user pressing key(s) to an element or on the active browser.</doc>
<msg timestamp="20231128 12:32:25.391" level="INFO">Sending key(s) ('https://www.google.com/',) to page.</msg>
<msg timestamp="20231128 12:32:25.391" level="INFO">Sending keys https://www.google.com/</msg>
<status status="PASS" starttime="20231128 12:32:25.391" endtime="20231128 12:32:25.644"/>
</kw>
<status status="PASS" starttime="20231128 12:32:25.183" endtime="20231128 12:32:25.644"/>
</kw>
<kw name="Input Label Buat Tombol" library="template_form">
<arg>Label</arg>
<kw name="Press Keys" library="SeleniumLibrary">
<arg>None</arg>
<arg>TAB</arg>
<doc>Simulates the user pressing key(s) to an element or on the active browser.</doc>
<msg timestamp="20231128 12:32:25.644" level="INFO">Sending key(s) ('TAB',) to page.</msg>
<msg timestamp="20231128 12:32:25.644" level="INFO">Pressing special key TAB to browser.</msg>
<msg timestamp="20231128 12:32:25.645" level="INFO">Releasing special key TAB.</msg>
<status status="PASS" starttime="20231128 12:32:25.644" endtime="20231128 12:32:25.853"/>
</kw>
<kw name="Press Keys" library="SeleniumLibrary">
<arg>None</arg>
<arg>${label}</arg>
<doc>Simulates the user pressing key(s) to an element or on the active browser.</doc>
<msg timestamp="20231128 12:32:25.853" level="INFO">Sending key(s) ('Label',) to page.</msg>
<msg timestamp="20231128 12:32:25.853" level="INFO">Sending keys Label</msg>
<status status="PASS" starttime="20231128 12:32:25.853" endtime="20231128 12:32:26.071"/>
</kw>
<status status="PASS" starttime="20231128 12:32:25.644" endtime="20231128 12:32:26.071"/>
</kw>
<kw name="Click Button Simpan Buat Tombol" library="template_form">
<kw name="Click Button" library="SeleniumLibrary">
<arg>css:button[class="el-button el-button--primary"]</arg>
<doc>Clicks the button identified by ``locator``.</doc>
<msg timestamp="20231128 12:32:26.072" level="INFO">Clicking button 'css:button[class="el-button el-button--primary"]'.</msg>
<status status="PASS" starttime="20231128 12:32:26.072" endtime="20231128 12:32:27.143"/>
</kw>
<status status="PASS" starttime="20231128 12:32:26.071" endtime="20231128 12:32:27.143"/>
</kw>
<kw name="Input Nama Form" library="template_form">
<arg>Form Rian Type Tabel Statik</arg>
<kw name="Sleep" library="BuiltIn">
<arg>1s</arg>
<doc>Pauses the test executed for the given time.</doc>
<msg timestamp="20231128 12:32:28.144" level="INFO">Slept 1 second</msg>
<status status="PASS" starttime="20231128 12:32:27.144" endtime="20231128 12:32:28.144"/>
</kw>
<kw name="Input Text" library="SeleniumLibrary">
<arg>class:el-input__inner</arg>
<arg>${namaForm}</arg>
<doc>Types the given ``text`` into the text field identified by ``locator``.</doc>
<msg timestamp="20231128 12:32:28.144" level="INFO">Typing text 'Form Rian Type Tabel Statik' into text field 'class:el-input__inner'.</msg>
<status status="PASS" starttime="20231128 12:32:28.144" endtime="20231128 12:32:28.855"/>
</kw>
<status status="PASS" starttime="20231128 12:32:27.143" endtime="20231128 12:32:28.855"/>
</kw>
<kw name="Input Field Kunci" library="template_form">
<arg>Field Kunci</arg>
<kw name="Press Keys" library="SeleniumLibrary">
<arg>None</arg>
<arg>TAB</arg>
<doc>Simulates the user pressing key(s) to an element or on the active browser.</doc>
<msg timestamp="20231128 12:32:28.856" level="INFO">Sending key(s) ('TAB',) to page.</msg>
<msg timestamp="20231128 12:32:28.856" level="INFO">Pressing special key TAB to browser.</msg>
<msg timestamp="20231128 12:32:28.856" level="INFO">Releasing special key TAB.</msg>
<status status="PASS" starttime="20231128 12:32:28.855" endtime="20231128 12:32:29.064"/>
</kw>
<kw name="Press Keys" library="SeleniumLibrary">
<arg>None</arg>
<arg>${fieldKunci}</arg>
<doc>Simulates the user pressing key(s) to an element or on the active browser.</doc>
<msg timestamp="20231128 12:32:29.064" level="INFO">Sending key(s) ('Field Kunci',) to page.</msg>
<msg timestamp="20231128 12:32:29.064" level="INFO">Sending keys Field Kunci</msg>
<status status="PASS" starttime="20231128 12:32:29.064" endtime="20231128 12:32:29.293"/>
</kw>
<status status="PASS" starttime="20231128 12:32:28.855" endtime="20231128 12:32:29.293"/>
</kw>
<kw name="Click Button Simpan Data" library="template_form">
<kw name="Click Button" library="SeleniumLibrary">
<arg>default:Simpan Data</arg>
<doc>Clicks the button identified by ``locator``.</doc>
<msg timestamp="20231128 12:32:29.294" level="INFO">Clicking button 'default:Simpan Data'.</msg>
<status status="PASS" starttime="20231128 12:32:29.293" endtime="20231128 12:32:30.149"/>
</kw>
<status status="PASS" starttime="20231128 12:32:29.293" endtime="20231128 12:32:30.149"/>
</kw>
<kw name="Sleep" library="BuiltIn">
<arg>2s</arg>
<doc>Pauses the test executed for the given time.</doc>
<msg timestamp="20231128 12:32:32.150" level="INFO">Slept 2 seconds</msg>
<status status="PASS" starttime="20231128 12:32:30.149" endtime="20231128 12:32:32.150"/>
</kw>
<kw name="Capture Page Screenshot" library="SeleniumLibrary">
<doc>Takes a screenshot of the current page and embeds it into a log file.</doc>
<msg timestamp="20231128 12:32:32.493" level="INFO" html="true">&lt;/td&gt;&lt;/tr&gt;&lt;tr&gt;&lt;td colspan="3"&gt;&lt;a href="selenium-screenshot-8.png"&gt;&lt;img src="selenium-screenshot-8.png" width="800px"&gt;&lt;/a&gt;</msg>
<status status="PASS" starttime="20231128 12:32:32.150" endtime="20231128 12:32:32.494"/>
</kw>
<kw name="Close Browser" library="SeleniumLibrary" type="TEARDOWN">
<doc>Closes the current browser.</doc>
<status status="PASS" starttime="20231128 12:32:32.494" endtime="20231128 12:32:34.743"/>
</kw>
<doc>SC02 - Create New Data Template Form</doc>
<tag>TC05 - Create New Template Form (Tipe Tabel Statik)</tag>
<status status="PASS" starttime="20231128 12:31:47.436" endtime="20231128 12:32:34.743"/>
</test>
<test id="s1-t6" name="TC06 - Create New Template Form (Tipe Map)" line="210">
<kw name="Open Browser Website" library="login">
<kw name="Open Browser" library="SeleniumLibrary">
<arg>${LOGIN URL}</arg>
<arg>${BROWSER}</arg>
<arg>options=add_argument("--incognito")</arg>
<doc>Opens a new browser instance to the optional ``url``.</doc>
<msg timestamp="20231128 12:32:34.745" level="INFO">Opening browser 'Chrome' to base url 'https://uji.sicantik.go.id/sign-in'.</msg>
<status status="PASS" starttime="20231128 12:32:34.745" endtime="20231128 12:32:39.465"/>
</kw>
<kw name="Maximize Browser Window" library="SeleniumLibrary">
<doc>Maximizes current browser window.</doc>
<status status="PASS" starttime="20231128 12:32:39.465" endtime="20231128 12:32:39.794"/>
</kw>
<kw name="Wait Until Page Contains" library="SeleniumLibrary">
<arg>Username</arg>
<doc>Waits until ``text`` appears on the current page.</doc>
<status status="PASS" starttime="20231128 12:32:39.794" endtime="20231128 12:32:40.005"/>
</kw>
<kw name="Set Selenium Speed" library="SeleniumLibrary">
<arg>${SPEED}</arg>
<doc>Sets the delay that is waited after each Selenium command.</doc>
<status status="PASS" starttime="20231128 12:32:40.005" endtime="20231128 12:32:40.005"/>
</kw>
<status status="PASS" starttime="20231128 12:32:34.744" endtime="20231128 12:32:40.005"/>
</kw>
<kw name="Login Admin Instansi" library="login">
<kw name="Input Username" library="login">
<arg>demo</arg>
<kw name="Input Text" library="SeleniumLibrary">
<arg>username</arg>
<arg>${username}</arg>
<doc>Types the given ``text`` into the text field identified by ``locator``.</doc>
<msg timestamp="20231128 12:32:40.006" level="INFO">Typing text 'demo' into text field 'username'.</msg>
<status status="PASS" starttime="20231128 12:32:40.006" endtime="20231128 12:32:40.683"/>
</kw>
<status status="PASS" starttime="20231128 12:32:40.006" endtime="20231128 12:32:40.683"/>
</kw>
<kw name="Input Password" library="login">
<arg>Demo789*@#</arg>
<kw name="Input Text" library="SeleniumLibrary">
<arg>password</arg>
<arg>${password}</arg>
<doc>Types the given ``text`` into the text field identified by ``locator``.</doc>
<msg timestamp="20231128 12:32:40.684" level="INFO">Typing text 'Demo789*@#' into text field 'password'.</msg>
<status status="PASS" starttime="20231128 12:32:40.683" endtime="20231128 12:32:41.355"/>
</kw>
<status status="PASS" starttime="20231128 12:32:40.683" endtime="20231128 12:32:41.355"/>
</kw>
<kw name="Submit Credentials" library="login">
<kw name="Click Button" library="SeleniumLibrary">
<arg>kt_sign_in_submit</arg>
<doc>Clicks the button identified by ``locator``.</doc>
<msg timestamp="20231128 12:32:41.355" level="INFO">Clicking button 'kt_sign_in_submit'.</msg>
<status status="PASS" starttime="20231128 12:32:41.355" endtime="20231128 12:32:42.207"/>
</kw>
<kw name="Sleep" library="BuiltIn">
<arg>5s</arg>
<doc>Pauses the test executed for the given time.</doc>
<msg timestamp="20231128 12:32:47.208" level="INFO">Slept 5 seconds</msg>
<status status="PASS" starttime="20231128 12:32:42.207" endtime="20231128 12:32:47.208"/>
</kw>
<status status="PASS" starttime="20231128 12:32:41.355" endtime="20231128 12:32:47.208"/>
</kw>
<status status="PASS" starttime="20231128 12:32:40.005" endtime="20231128 12:32:47.208"/>
</kw>
<kw name="Move To Template Form" library="template_form">
<kw name="Go To" library="SeleniumLibrary">
<arg>https://uji.sicantik.go.id/template-form</arg>
<doc>Navigates the current browser window to the provided ``url``.</doc>
<msg timestamp="20231128 12:32:47.209" level="INFO">Opening url 'https://uji.sicantik.go.id/template-form'</msg>
<status status="PASS" starttime="20231128 12:32:47.208" endtime="20231128 12:32:47.938"/>
</kw>
<kw name="Wait Until Page Contains" library="SeleniumLibrary">
<arg>Daftar Template Form</arg>
<doc>Waits until ``text`` appears on the current page.</doc>
<status status="PASS" starttime="20231128 12:32:47.938" endtime="20231128 12:32:48.151"/>
</kw>
<kw name="Sleep" library="BuiltIn">
<arg>3s</arg>
<doc>Pauses the test executed for the given time.</doc>
<msg timestamp="20231128 12:32:51.152" level="INFO">Slept 3 seconds</msg>
<status status="PASS" starttime="20231128 12:32:48.151" endtime="20231128 12:32:51.152"/>
</kw>
<status status="PASS" starttime="20231128 12:32:47.208" endtime="20231128 12:32:51.152"/>
</kw>
<kw name="Click Button Add" library="template_form">
<kw name="Go To" library="SeleniumLibrary">
<arg>https://uji.sicantik.go.id/template-form/add</arg>
<doc>Navigates the current browser window to the provided ``url``.</doc>
<msg timestamp="20231128 12:32:51.153" level="INFO">Opening url 'https://uji.sicantik.go.id/template-form/add'</msg>
<status status="PASS" starttime="20231128 12:32:51.152" endtime="20231128 12:33:41.503"/>
</kw>
<kw name="Wait Until Element Is Visible" library="SeleniumLibrary">
<arg>xpath://*[@id="kt_content_container"]/div[1]/form/div/div[1]/div/div/div[1]/div[1]/a</arg>
<doc>Waits until the element ``locator`` is visible.</doc>
<msg timestamp="20231128 12:33:47.142" level="INFO" html="true">&lt;/td&gt;&lt;/tr&gt;&lt;tr&gt;&lt;td colspan="3"&gt;&lt;a href="selenium-screenshot-9.png"&gt;&lt;img src="selenium-screenshot-9.png" width="800px"&gt;&lt;/a&gt;</msg>
<msg timestamp="20231128 12:33:47.142" level="FAIL">Element 'xpath://*[@id="kt_content_container"]/div[1]/form/div/div[1]/div/div/div[1]/div[1]/a' not visible after 5 seconds.</msg>
<status status="FAIL" starttime="20231128 12:33:41.503" endtime="20231128 12:33:47.161"/>
</kw>
<status status="FAIL" starttime="20231128 12:32:51.152" endtime="20231128 12:33:47.161"/>
</kw>
<kw name="Click Button Buat Filter" library="template_form">
<status status="NOT RUN" starttime="20231128 12:33:47.161" endtime="20231128 12:33:47.161"/>
</kw>
<kw name="Input Label Pengaturan Filter" library="template_form">
<arg>Label</arg>
<status status="NOT RUN" starttime="20231128 12:33:47.161" endtime="20231128 12:33:47.161"/>
</kw>
<kw name="Input Variable Pengaturan Filter" library="template_form">
<arg>Var</arg>
<status status="NOT RUN" starttime="20231128 12:33:47.161" endtime="20231128 12:33:47.161"/>
</kw>
<kw name="Select Tipe Pengaturan Filter" library="template_form">
<status status="NOT RUN" starttime="20231128 12:33:47.161" endtime="20231128 12:33:47.161"/>
</kw>
<kw name="Click Button Simpan Pengaturan Filter" library="template_form">
<status status="NOT RUN" starttime="20231128 12:33:47.161" endtime="20231128 12:33:47.161"/>
</kw>
<kw name="Click Button Buat Canvas" library="template_form">
<status status="NOT RUN" starttime="20231128 12:33:47.162" endtime="20231128 12:33:47.162"/>
</kw>
<kw name="Input Tab Index Canvas" library="template_form">
<arg>1</arg>
<status status="NOT RUN" starttime="20231128 12:33:47.162" endtime="20231128 12:33:47.162"/>
</kw>
<kw name="Select Tipe Tabel Map Canvas" library="template_form">
<status status="NOT RUN" starttime="20231128 12:33:47.162" endtime="20231128 12:33:47.162"/>
</kw>
<kw name="Input Nama Canvas" library="template_form">
<arg>Nama canvas</arg>
<status status="NOT RUN" starttime="20231128 12:33:47.162" endtime="20231128 12:33:47.162"/>
</kw>
<kw name="Input Web Service Awal Canvas" library="template_form">
<arg>webServiceAwal</arg>
<status status="NOT RUN" starttime="20231128 12:33:47.162" endtime="20231128 12:33:47.162"/>
</kw>
<kw name="Select Data Table Canvas" library="template_form">
<status status="NOT RUN" starttime="20231128 12:33:47.162" endtime="20231128 12:33:47.163"/>
</kw>
<kw name="Input No Urut Canvas" library="template_form">
<arg>1</arg>
<status status="NOT RUN" starttime="20231128 12:33:47.163" endtime="20231128 12:33:47.163"/>
</kw>
<kw name="Click Button Simpan Canvas" library="template_form">
<status status="NOT RUN" starttime="20231128 12:33:47.163" endtime="20231128 12:33:47.163"/>
</kw>
<kw name="Click Button Buat Tab" library="template_form">
<status status="NOT RUN" starttime="20231128 12:33:47.163" endtime="20231128 12:33:47.163"/>
</kw>
<kw name="Input Label Buat Tab" library="template_form">
<arg>label</arg>
<status status="NOT RUN" starttime="20231128 12:33:47.163" endtime="20231128 12:33:47.163"/>
</kw>
<kw name="Click Button Simpan Buat Tab" library="template_form">
<status status="NOT RUN" starttime="20231128 12:33:47.164" endtime="20231128 12:33:47.164"/>
</kw>
<kw name="Click Button Buat Tombol" library="template_form">
<status status="NOT RUN" starttime="20231128 12:33:47.164" endtime="20231128 12:33:47.164"/>
</kw>
<kw name="Select Jenis Aksi Buat" library="template_form">
<status status="NOT RUN" starttime="20231128 12:33:47.164" endtime="20231128 12:33:47.164"/>
</kw>
<kw name="Input Link Buat Tombol" library="template_form">
<arg>https://www.google.com/</arg>
<status status="NOT RUN" starttime="20231128 12:33:47.164" endtime="20231128 12:33:47.164"/>
</kw>
<kw name="Input Label Buat Tombol" library="template_form">
<arg>Label</arg>
<status status="NOT RUN" starttime="20231128 12:33:47.165" endtime="20231128 12:33:47.165"/>
</kw>
<kw name="Click Button Simpan Buat Tombol" library="template_form">
<status status="NOT RUN" starttime="20231128 12:33:47.165" endtime="20231128 12:33:47.165"/>
</kw>
<kw name="Input Nama Form" library="template_form">
<arg>Form Rian Tipe Map</arg>
<status status="NOT RUN" starttime="20231128 12:33:47.165" endtime="20231128 12:33:47.165"/>
</kw>
<kw name="Input Field Kunci" library="template_form">
<arg>Field Kunci</arg>
<status status="NOT RUN" starttime="20231128 12:33:47.165" endtime="20231128 12:33:47.165"/>
</kw>
<kw name="Click Button Simpan Data" library="template_form">
<status status="NOT RUN" starttime="20231128 12:33:47.165" endtime="20231128 12:33:47.165"/>
</kw>
<kw name="Sleep" library="BuiltIn">
<arg>2s</arg>
<doc>Pauses the test executed for the given time.</doc>
<status status="NOT RUN" starttime="20231128 12:33:47.166" endtime="20231128 12:33:47.166"/>
</kw>
<kw name="Capture Page Screenshot" library="SeleniumLibrary">
<doc>Takes a screenshot of the current page and embeds it into a log file.</doc>
<status status="NOT RUN" starttime="20231128 12:33:47.166" endtime="20231128 12:33:47.166"/>
</kw>
<kw name="Close Browser" library="SeleniumLibrary" type="TEARDOWN">
<doc>Closes the current browser.</doc>
<status status="PASS" starttime="20231128 12:33:47.166" endtime="20231128 12:33:49.395"/>
</kw>
<doc>SC02 - Create New Data Template Form</doc>
<tag>TC06 - Create New Template Form (Tipe Map)</tag>
<status status="FAIL" starttime="20231128 12:32:34.744" endtime="20231128 12:33:49.395">Element 'xpath://*[@id="kt_content_container"]/div[1]/form/div/div[1]/div/div/div[1]/div[1]/a' not visible after 5 seconds.</status>
</test>
<doc>Simple example using SeleniumLibrary.</doc>
<status status="FAIL" starttime="20231128 12:28:57.700" endtime="20231128 12:33:49.397"/>
</suite>
<statistics>
<total>
<stat pass="4" fail="2" skip="0">All Tests</stat>
</total>
<tag>
<stat pass="1" fail="0" skip="0">TC01 - Create New Template Form (Tipe Form) dengan Tidak Otomatis Update</stat>
<stat pass="1" fail="0" skip="0">TC02 - Create New Template Form (Tipe Form) dengan Otomatis Update</stat>
<stat pass="1" fail="0" skip="0">TC03 - Create New Template Form (Tipe Table)</stat>
<stat pass="0" fail="1" skip="0">TC04 - Create New Template Form (Tipe Tabel Grid)</stat>
<stat pass="1" fail="0" skip="0">TC05 - Create New Template Form (Tipe Tabel Statik)</stat>
<stat pass="0" fail="1" skip="0">TC06 - Create New Template Form (Tipe Map)</stat>
</tag>
<suite>
<stat pass="4" fail="2" skip="0" id="s1" name="SC02 - Create New Data Template Form">SC02 - Create New Data Template Form</stat>
</suite>
</statistics>
<errors>
</errors>
</robot>
